[01m[K/home/razanhmede/session9_turtlebot3_razan/session9_turtlebot3_assignmentcpp/src/turtlebot3robotcpp/src/lap_time_server.cpp:4:1:[m[K [01;31m[Kerror: [m[Kno declaration matches â€˜[01m[KLapTimeServer::LapTimeServer(const string&)[m[Kâ€™
    4 | [01;31m[KLapTimeServer[m[K::LapTimeServer(const std::string &name)
      | [01;31m[K^~~~~~~~~~~~~[m[K
In file included from [01m[K/home/razanhmede/session9_turtlebot3_razan/session9_turtlebot3_assignmentcpp/src/turtlebot3robotcpp/src/lap_time_server.cpp:1[m[K:
[01m[K/home/razanhmede/session9_turtlebot3_razan/session9_turtlebot3_assignmentcpp/src/turtlebot3robotcpp/include/turtlebot3robotcpp/lap_time_server.hpp:13:7:[m[K [01;36m[Knote: [m[Kcandidates are: â€˜[01m[KLapTimeServer::LapTimeServer(LapTimeServer&&)[m[Kâ€™
   13 | class [01;36m[KLapTimeServer[m[K : public rclcpp::Node {
      |       [01;36m[K^~~~~~~~~~~~~[m[K
[01m[K/home/razanhmede/session9_turtlebot3_razan/session9_turtlebot3_assignmentcpp/src/turtlebot3robotcpp/include/turtlebot3robotcpp/lap_time_server.hpp:13:7:[m[K [01;36m[Knote: [m[K                â€˜[01m[KLapTimeServer::LapTimeServer(const LapTimeServer&)[m[Kâ€™
[01m[K/home/razanhmede/session9_turtlebot3_razan/session9_turtlebot3_assignmentcpp/src/turtlebot3robotcpp/include/turtlebot3robotcpp/lap_time_server.hpp:15:5:[m[K [01;36m[Knote: [m[K                â€˜[01m[KLapTimeServer::LapTimeServer()[m[Kâ€™
   15 |     [01;36m[KLapTimeServer[m[K();
      |     [01;36m[K^~~~~~~~~~~~~[m[K
[01m[K/home/razanhmede/session9_turtlebot3_razan/session9_turtlebot3_assignmentcpp/src/turtlebot3robotcpp/include/turtlebot3robotcpp/lap_time_server.hpp:13:7:[m[K [01;36m[Knote: [m[Kâ€˜[01m[Kclass LapTimeServer[m[Kâ€™ defined here
   13 | class [01;36m[KLapTimeServer[m[K : public rclcpp::Node {
      |       [01;36m[K^~~~~~~~~~~~~[m[K
gmake[2]: *** [CMakeFiles/lap_time_server.dir/build.make:76: CMakeFiles/lap_time_server.dir/src/lap_time_server.cpp.o] Error 1
gmake[1]: *** [CMakeFiles/Makefile2:193: CMakeFiles/lap_time_server.dir/all] Error 2
gmake: *** [Makefile:146: all] Error 2
