[35m[1mConsolidate compiler generated dependencies of target lap_time_client[0m
[ 25%] Built target robot_driver_node
[ 50%] Built target wall_finder_server
[ 75%] [32mBuilding CXX object CMakeFiles/lap_time_client.dir/src/lap_time_client.cpp.o[0m
[ 87%] Built target lap_time_server
In file included from [01m[K/home/razanhmede/session9_turtlebot3_razan/session9_turtlebot3_assignmentcpp/src/turtlebot3robotcpp/src/lap_time_client.cpp:1[m[K:
[01m[K/home/razanhmede/session9_turtlebot3_razan/session9_turtlebot3_assignmentcpp/src/turtlebot3robotcpp/include/turtlebot3robotcpp/lap_time_client.hpp:1:[m[K [01;31m[Kerror: [m[Kunterminated #ifndef
    1 | #ifndef LAP_TIME_CLIENT_HPP_
      | 
gmake[2]: *** [CMakeFiles/lap_time_client.dir/build.make:76: CMakeFiles/lap_time_client.dir/src/lap_time_client.cpp.o] Error 1
gmake[1]: *** [CMakeFiles/Makefile2:221: CMakeFiles/lap_time_client.dir/all] Error 2
gmake: *** [Makefile:146: all] Error 2
