[35m[1mConsolidate compiler generated dependencies of target lap_time_server[0m
[ 12%] [32mBuilding CXX object CMakeFiles/lap_time_client.dir/src/lap_time_client.cpp.o[0m
[ 37%] Built target robot_driver_node
[ 62%] Built target wall_finder_server
[01m[K/home/razanhmede/session9_turtlebot3_razan/session9_turtlebot3_assignmentcpp/src/turtlebot3robotcpp/src/lap_time_client.cpp:1:10:[m[K [01;31m[Kfatal error: [m[Kturtlebot3robotcpp/lap_time_action_client.hpp: No such file or directory
    1 | #include [01;31m[K"turtlebot3robotcpp/lap_time_action_client.hpp"[m[K
      |          [01;31m[K^~~~~~~~~~~~~~~~~~~~~~~~~~~~~~~~~~~~~~~~~~~~~~~[m[K
compilation terminated.
[ 87%] Built target lap_time_server
gmake[2]: *** [CMakeFiles/lap_time_client.dir/build.make:76: CMakeFiles/lap_time_client.dir/src/lap_time_client.cpp.o] Error 1
gmake[1]: *** [CMakeFiles/Makefile2:221: CMakeFiles/lap_time_client.dir/all] Error 2
gmake[1]: *** Waiting for unfinished jobs....
gmake: *** [Makefile:146: all] Error 2
