[0.021s] Invoking command in '/home/razanhmede/session9_turtlebot3_razan/session9_turtlebot3_assignmentcpp/build/turtlebot3robotcpp': AMENT_PREFIX_PATH=/home/razanhmede/session9_turtlebot3_razan/session9_turtlebot3_assignmentcpp/install/navigation_robot_custom_interfaces:${AMENT_PREFIX_PATH} CMAKE_PREFIX_PATH=/home/razanhmede/session9_turtlebot3_razan/session9_turtlebot3_assignmentcpp/install/navigation_robot_custom_interfaces:/opt/ros/humble LD_LIBRARY_PATH=/home/razanhmede/session9_turtlebot3_razan/session9_turtlebot3_assignmentcpp/install/navigation_robot_custom_interfaces/lib:${LD_LIBRARY_PATH} PYTHONPATH=/home/razanhmede/session9_turtlebot3_razan/session9_turtlebot3_assignmentcpp/install/navigation_robot_custom_interfaces/local/lib/python3.10/dist-packages:${PYTHONPATH} /usr/bin/cmake --build /home/razanhmede/session9_turtlebot3_razan/session9_turtlebot3_assignmentcpp/build/turtlebot3robotcpp -- -j4 -l4
[0.103s] [ 25%] [32mBuilding CXX object CMakeFiles/robot_driver_node.dir/src/robot_driver_node.cpp.o[0m
[0.116s] [ 75%] Built target wall_finder_server
[3.170s] [01m[K/home/razanhmede/session9_turtlebot3_razan/session9_turtlebot3_assignmentcpp/src/turtlebot3robotcpp/src/robot_driver_node.cpp:[m[K In constructor â€˜[01m[KRobotDriver::RobotDriver()[m[Kâ€™:
[3.170s] [01m[K/home/razanhmede/session9_turtlebot3_razan/session9_turtlebot3_assignmentcpp/src/turtlebot3robotcpp/src/robot_driver_node.cpp:13:34:[m[K [01;31m[Kerror: [m[Kâ€˜[01m[Kcustom_interfaces[m[Kâ€™ was not declared in this scope; did you mean â€˜[01m[Kbuiltin_interfaces[m[Kâ€™?
[3.170s]    13 |     client = this->create_client<[01;31m[Kcustom_interfaces[m[K::srv::FindClosestWall>("find_closest_wall");
[3.170s]       |                                  [01;31m[K^~~~~~~~~~~~~~~~~[m[K
[3.170s]       |                                  [32m[Kbuiltin_interfaces[m[K
[3.171s] [01m[K/home/razanhmede/session9_turtlebot3_razan/session9_turtlebot3_assignmentcpp/src/turtlebot3robotcpp/src/robot_driver_node.cpp:13:20:[m[K [01;31m[Kerror: [m[Kparse error in template argument list
[3.171s]    13 |     client = this->[01;31m[Kcreate_client<custom_interfaces::srv::FindClosestWall>[m[K("find_closest_wall");
[3.171s]       |                    [01;31m[K^~~~~~~~~~~~~~~~~~~~~~~~~~~~~~~~~~~~~~~~~~~~~~~~~~~~~~[m[K
[3.171s] [01m[K/home/razanhmede/session9_turtlebot3_razan/session9_turtlebot3_assignmentcpp/src/turtlebot3robotcpp/src/robot_driver_node.cpp:13:74:[m[K [01;31m[Kerror: [m[Kno matching function for call to â€˜[01m[KRobotDriver::create_client<<expression error> >(const char [18])[m[Kâ€™
[3.171s]    13 | [01;31m[Kthis->create_client<custom_interfaces::srv::FindClosestWall>("find_closest_wall")[m[K;
[3.171s]       | [01;31m[K~~~~~~~~~~~~~~~~~~~~~~~~~~~~~~~~~~~~~~~~~~~~~~~~~~~~~~~~~~~~^~~~~~~~~~~~~~~~~~~~~[m[K
[3.171s] 
[3.171s] In file included from [01m[K/opt/ros/humble/include/rclcpp/rclcpp/executors/single_threaded_executor.hpp:28[m[K,
[3.171s]                  from [01m[K/opt/ros/humble/include/rclcpp/rclcpp/executors.hpp:22[m[K,
[3.171s]                  from [01m[K/opt/ros/humble/include/rclcpp/rclcpp/rclcpp.hpp:155[m[K,
[3.171s]                  from [01m[K/home/razanhmede/session9_turtlebot3_razan/session9_turtlebot3_assignmentcpp/src/turtlebot3robotcpp/include/turtlebot3robotcpp/robot_driver_node.hpp:7[m[K,
[3.171s]                  from [01m[K/home/razanhmede/session9_turtlebot3_razan/session9_turtlebot3_assignmentcpp/src/turtlebot3robotcpp/src/robot_driver_node.cpp:1[m[K:
[3.171s] [01m[K/opt/ros/humble/include/rclcpp/rclcpp/node.hpp:252:3:[m[K [01;36m[Knote: [m[Kcandidate: â€˜[01m[Ktemplate<class ServiceT> typename rclcpp::Client<ServiceT>::SharedPtr rclcpp::Node::create_client(const string&, const rmw_qos_profile_t&, rclcpp::CallbackGroup::SharedPtr)[m[Kâ€™
[3.172s]   252 |   [01;36m[Kcreate_client[m[K(
[3.172s]       |   [01;36m[K^~~~~~~~~~~~~[m[K
[3.172s] [01m[K/opt/ros/humble/include/rclcpp/rclcpp/node.hpp:252:3:[m[K [01;36m[Knote: [m[K  template argument deduction/substitution failed:
[3.172s] [01m[K/home/razanhmede/session9_turtlebot3_razan/session9_turtlebot3_assignmentcpp/src/turtlebot3robotcpp/src/robot_driver_node.cpp:13:74:[m[K [01;31m[Kerror: [m[Ktemplate argument 1 is invalid
[3.172s]    13 | [01;31m[Kthis->create_client<custom_interfaces::srv::FindClosestWall>("find_closest_wall")[m[K;
[3.172s]       | [01;31m[K~~~~~~~~~~~~~~~~~~~~~~~~~~~~~~~~~~~~~~~~~~~~~~~~~~~~~~~~~~~~^~~~~~~~~~~~~~~~~~~~~[m[K
[3.172s] 
[3.190s] [01m[K/home/razanhmede/session9_turtlebot3_razan/session9_turtlebot3_assignmentcpp/src/turtlebot3robotcpp/src/robot_driver_node.cpp:28:19:[m[K [01;31m[Kerror: [m[Kâ€˜[01m[Kclass RobotDriver[m[Kâ€™ has no member named â€˜[01m[Kcreate_timer[m[Kâ€™; did you mean â€˜[01m[Kcreate_wall_timer[m[Kâ€™?
[3.190s]    28 |     timer = this->[01;31m[Kcreate_timer[m[K(1s, std::bind(&RobotDriver::call_find_closest_wall, this));
[3.190s]       |                   [01;31m[K^~~~~~~~~~~~[m[K
[3.190s]       |                   [32m[Kcreate_wall_timer[m[K
[3.199s] [01m[K/home/razanhmede/session9_turtlebot3_razan/session9_turtlebot3_assignmentcpp/src/turtlebot3robotcpp/src/robot_driver_node.cpp:[m[K In member function â€˜[01m[Kvoid RobotDriver::scan_callback(sensor_msgs::msg::LaserScan_<std::allocator<void> >::SharedPtr)[m[Kâ€™:
[3.199s] [01m[K/home/razanhmede/session9_turtlebot3_razan/session9_turtlebot3_assignmentcpp/src/turtlebot3robotcpp/src/robot_driver_node.cpp:48:28:[m[K [01;31m[Kerror: [m[Kâ€˜[01m[Kstruct rclcpp::Logger[m[Kâ€™ has no member named â€˜[01m[Kinfo[m[Kâ€™
[3.199s]    48 |         this->get_logger().[01;31m[Kinfo[m[K("Obstacle detected very close at %.2f meters. Stopping and turning sharply.", data->ranges[0]);
[3.199s]       |                            [01;31m[K^~~~[m[K
[3.199s] [01m[K/home/razanhmede/session9_turtlebot3_razan/session9_turtlebot3_assignmentcpp/src/turtlebot3robotcpp/src/robot_driver_node.cpp:52:28:[m[K [01;31m[Kerror: [m[Kâ€˜[01m[Kstruct rclcpp::Logger[m[Kâ€™ has no member named â€˜[01m[Kinfo[m[Kâ€™
[3.199s]    52 |         this->get_logger().[01;31m[Kinfo[m[K("Obstacle detected nearby at %.2f meters. Turning slightly.", data->ranges[35]);
[3.199s]       |                            [01;31m[K^~~~[m[K
[3.200s] [01m[K/home/razanhmede/session9_turtlebot3_razan/session9_turtlebot3_assignmentcpp/src/turtlebot3robotcpp/src/robot_driver_node.cpp:56:28:[m[K [01;31m[Kerror: [m[Kâ€˜[01m[Kstruct rclcpp::Logger[m[Kâ€™ has no member named â€˜[01m[Kinfo[m[Kâ€™
[3.200s]    56 |         this->get_logger().[01;31m[Kinfo[m[K("No immediate obstacle detected. Moving forward with slight speed.");
[3.200s]       |                            [01;31m[K^~~~[m[K
[3.203s] [01m[K/home/razanhmede/session9_turtlebot3_razan/session9_turtlebot3_assignmentcpp/src/turtlebot3robotcpp/src/robot_driver_node.cpp:[m[K In member function â€˜[01m[Kvoid RobotDriver::call_find_closest_wall()[m[Kâ€™:
[3.203s] [01m[K/home/razanhmede/session9_turtlebot3_razan/session9_turtlebot3_assignmentcpp/src/turtlebot3robotcpp/src/robot_driver_node.cpp:73:28:[m[K [01;31m[Kerror: [m[Kâ€˜[01m[Kstruct rclcpp::Logger[m[Kâ€™ has no member named â€˜[01m[Kinfo[m[Kâ€™
[3.203s]    73 |         this->get_logger().[01;31m[Kinfo[m[K("Closest wall at x: %.2f, y: %.2f, distance: %.2f", response->x, response->y, response->z);
[3.204s]       |                            [01;31m[K^~~~[m[K
[3.204s] [01m[K/home/razanhmede/session9_turtlebot3_razan/session9_turtlebot3_assignmentcpp/src/turtlebot3robotcpp/src/robot_driver_node.cpp:75:28:[m[K [01;31m[Kerror: [m[Kâ€˜[01m[Kstruct rclcpp::Logger[m[Kâ€™ has no member named â€˜[01m[Kerror[m[Kâ€™
[3.204s]    75 |         this->get_logger().[01;31m[Kerror[m[K("Service call failed");
[3.204s]       |                            [01;31m[K^~~~~[m[K
[6.789s] gmake[2]: *** [CMakeFiles/robot_driver_node.dir/build.make:76: CMakeFiles/robot_driver_node.dir/src/robot_driver_node.cpp.o] Error 1
[6.789s] gmake[1]: *** [CMakeFiles/Makefile2:139: CMakeFiles/robot_driver_node.dir/all] Error 2
[6.789s] gmake: *** [Makefile:146: all] Error 2
[6.791s] Invoked command in '/home/razanhmede/session9_turtlebot3_razan/session9_turtlebot3_assignmentcpp/build/turtlebot3robotcpp' returned '2': AMENT_PREFIX_PATH=/home/razanhmede/session9_turtlebot3_razan/session9_turtlebot3_assignmentcpp/install/navigation_robot_custom_interfaces:${AMENT_PREFIX_PATH} CMAKE_PREFIX_PATH=/home/razanhmede/session9_turtlebot3_razan/session9_turtlebot3_assignmentcpp/install/navigation_robot_custom_interfaces:/opt/ros/humble LD_LIBRARY_PATH=/home/razanhmede/session9_turtlebot3_razan/session9_turtlebot3_assignmentcpp/install/navigation_robot_custom_interfaces/lib:${LD_LIBRARY_PATH} PYTHONPATH=/home/razanhmede/session9_turtlebot3_razan/session9_turtlebot3_assignmentcpp/install/navigation_robot_custom_interfaces/local/lib/python3.10/dist-packages:${PYTHONPATH} /usr/bin/cmake --build /home/razanhmede/session9_turtlebot3_razan/session9_turtlebot3_assignmentcpp/build/turtlebot3robotcpp -- -j4 -l4
