[0.008s] Invoking command in '/home/razanhmede/session9_turtlebot3_razan/session9_turtlebot3_assignmentcpp/build/turtlebot3robotcpp': AMENT_PREFIX_PATH=/home/razanhmede/session9_turtlebot3_razan/session9_turtlebot3_assignmentcpp/install/navigation_robot_custom_interfaces:${AMENT_PREFIX_PATH} CMAKE_PREFIX_PATH=/home/razanhmede/session9_turtlebot3_razan/session9_turtlebot3_assignmentcpp/install/navigation_robot_custom_interfaces:/opt/ros/humble LD_LIBRARY_PATH=/home/razanhmede/session9_turtlebot3_razan/session9_turtlebot3_assignmentcpp/install/navigation_robot_custom_interfaces/lib:${LD_LIBRARY_PATH} PYTHONPATH=/home/razanhmede/session9_turtlebot3_razan/session9_turtlebot3_assignmentcpp/install/navigation_robot_custom_interfaces/local/lib/python3.10/dist-packages:${PYTHONPATH} /usr/bin/cmake --build /home/razanhmede/session9_turtlebot3_razan/session9_turtlebot3_assignmentcpp/build/turtlebot3robotcpp -- -j4 -l4
[0.064s] [35m[1mConsolidate compiler generated dependencies of target lap_time_client[0m
[0.082s] [ 50%] Built target robot_driver_node
[0.082s] [ 50%] Built target lap_time_server
[0.088s] [ 75%] Built target wall_finder_server
[0.094s] [ 87%] [32mBuilding CXX object CMakeFiles/lap_time_client.dir/src/lap_time_client.cpp.o[0m
[0.308s] In file included from [01m[K/home/razanhmede/session9_turtlebot3_razan/session9_turtlebot3_assignmentcpp/src/turtlebot3robotcpp/src/lap_time_client.cpp:1[m[K:
[0.309s] [01m[K/home/razanhmede/session9_turtlebot3_razan/session9_turtlebot3_assignmentcpp/src/turtlebot3robotcpp/include/turtlebot3robotcpp/lap_time_client.hpp:1:[m[K [01;31m[Kerror: [m[Kunterminated #ifndef
[0.309s]     1 | #ifndef LAP_TIME_CLIENT_HPP_
[0.309s]       | 
[1.663s] [01m[K/home/razanhmede/session9_turtlebot3_razan/session9_turtlebot3_assignmentcpp/src/turtlebot3robotcpp/src/lap_time_client.cpp:3:1:[m[K [01;31m[Kerror: [m[Kno declaration matches â€˜[01m[KLapTimeClient::LapTimeClient()[m[Kâ€™
[1.664s]     3 | [01;31m[KLapTimeClient[m[K::LapTimeClient()
[1.664s]       | [01;31m[K^~~~~~~~~~~~~[m[K
[1.664s] In file included from [01m[K/home/razanhmede/session9_turtlebot3_razan/session9_turtlebot3_assignmentcpp/src/turtlebot3robotcpp/src/lap_time_client.cpp:1[m[K:
[1.664s] [01m[K/home/razanhmede/session9_turtlebot3_razan/session9_turtlebot3_assignmentcpp/src/turtlebot3robotcpp/include/turtlebot3robotcpp/lap_time_client.hpp:7:7:[m[K [01;36m[Knote: [m[Kcandidates are: â€˜[01m[KLapTimeClient::LapTimeClient(LapTimeClient&&)[m[Kâ€™
[1.664s]     7 | class [01;36m[KLapTimeClient[m[K
[1.664s]       |       [01;36m[K^~~~~~~~~~~~~[m[K
[1.664s] [01m[K/home/razanhmede/session9_turtlebot3_razan/session9_turtlebot3_assignmentcpp/src/turtlebot3robotcpp/include/turtlebot3robotcpp/lap_time_client.hpp:7:7:[m[K [01;36m[Knote: [m[K                â€˜[01m[KLapTimeClient::LapTimeClient(const LapTimeClient&)[m[Kâ€™
[1.664s] [01m[K/home/razanhmede/session9_turtlebot3_razan/session9_turtlebot3_assignmentcpp/src/turtlebot3robotcpp/include/turtlebot3robotcpp/lap_time_client.hpp:13:5:[m[K [01;36m[Knote: [m[K                â€˜[01m[KLapTimeClient::LapTimeClient(rclcpp::Node::SharedPtr)[m[Kâ€™
[1.664s]    13 |     [01;36m[KLapTimeClient[m[K(rclcpp::Node::SharedPtr node);
[1.664s]       |     [01;36m[K^~~~~~~~~~~~~[m[K
[1.664s] [01m[K/home/razanhmede/session9_turtlebot3_razan/session9_turtlebot3_assignmentcpp/src/turtlebot3robotcpp/include/turtlebot3robotcpp/lap_time_client.hpp:7:7:[m[K [01;36m[Knote: [m[Kâ€˜[01m[Kclass LapTimeClient[m[Kâ€™ defined here
[1.664s]     7 | class [01;36m[KLapTimeClient[m[K
[1.664s]       |       [01;36m[K^~~~~~~~~~~~~[m[K
[1.665s] In file included from [01m[K/opt/ros/humble/include/rclcpp/rclcpp/client.hpp:40[m[K,
[1.665s]                  from [01m[K/opt/ros/humble/include/rclcpp/rclcpp/callback_group.hpp:24[m[K,
[1.665s]                  from [01m[K/opt/ros/humble/include/rclcpp/rclcpp/node_interfaces/node_base_interface.hpp:25[m[K,
[1.665s]                  from [01m[K/opt/ros/humble/include/rclcpp_action/rclcpp_action/client.hpp:33[m[K,
[1.665s]                  from [01m[K/opt/ros/humble/include/rclcpp_action/rclcpp_action/rclcpp_action.hpp:36[m[K,
[1.665s]                  from [01m[K/home/razanhmede/session9_turtlebot3_razan/session9_turtlebot3_assignmentcpp/src/turtlebot3robotcpp/include/turtlebot3robotcpp/lap_time_client.hpp:4[m[K,
[1.665s]                  from [01m[K/home/razanhmede/session9_turtlebot3_razan/session9_turtlebot3_assignmentcpp/src/turtlebot3robotcpp/src/lap_time_client.cpp:1[m[K:
[1.665s] [01m[K/home/razanhmede/session9_turtlebot3_razan/session9_turtlebot3_assignmentcpp/src/turtlebot3robotcpp/src/lap_time_client.cpp:[m[K In member function â€˜[01m[Kvoid LapTimeClient::send_goal()[m[Kâ€™:
[1.665s] [01m[K/home/razanhmede/session9_turtlebot3_razan/session9_turtlebot3_assignmentcpp/src/turtlebot3robotcpp/src/lap_time_client.cpp:17:28:[m[K [01;31m[Kerror: [m[Kâ€˜[01m[Kclass LapTimeClient[m[Kâ€™ has no member named â€˜[01m[Kget_logger[m[Kâ€™
[1.665s]    17 |         RCLCPP_ERROR(this->[01;31m[Kget_logger[m[K(), "Action server not available after waiting");
[1.665s]       |                            [01;31m[K^~~~~~~~~~[m[K
[1.665s] [01m[K/home/razanhmede/session9_turtlebot3_razan/session9_turtlebot3_assignmentcpp/src/turtlebot3robotcpp/src/lap_time_client.cpp:17:28:[m[K [01;31m[Kerror: [m[Kâ€˜[01m[Kclass LapTimeClient[m[Kâ€™ has no member named â€˜[01m[Kget_logger[m[Kâ€™
[1.665s] [01m[K/home/razanhmede/session9_turtlebot3_razan/session9_turtlebot3_assignmentcpp/src/turtlebot3robotcpp/src/lap_time_client.cpp:17:9:[m[K [01;31m[Kerror: [m[Ktemplate argument 1 is invalid
[1.665s]    17 |         [01;31m[KRCLCPP_ERROR[m[K(this->get_logger(), "Action server not available after waiting");
[1.665s]       |         [01;31m[K^~~~~~~~~~~~[m[K
[1.666s] [01m[K/home/razanhmede/session9_turtlebot3_razan/session9_turtlebot3_assignmentcpp/src/turtlebot3robotcpp/src/lap_time_client.cpp:17:9:[m[K [01;31m[Kerror: [m[Ktemplate argument 1 is invalid
[1.666s]    17 |         [01;31m[KRCLCPP_ERROR[m[K(this->get_logger(), "Action server not available after waiting");
[1.666s]       |         [01;31m[K^~~~~~~~~~~~[m[K
[1.666s] [01m[K/home/razanhmede/session9_turtlebot3_razan/session9_turtlebot3_assignmentcpp/src/turtlebot3robotcpp/src/lap_time_client.cpp:17:9:[m[K [01;31m[Kerror: [m[Ktemplate argument 1 is invalid
[1.666s]    17 |         [01;31m[KRCLCPP_ERROR[m[K(this->get_logger(), "Action server not available after waiting");
[1.666s]       |         [01;31m[K^~~~~~~~~~~~[m[K
[1.666s] In file included from [01m[K/opt/ros/humble/include/rclcpp/rclcpp/logging.hpp:24[m[K,
[1.666s]                  from [01m[K/opt/ros/humble/include/rclcpp/rclcpp/client.hpp:40[m[K,
[1.666s]                  from [01m[K/opt/ros/humble/include/rclcpp/rclcpp/callback_group.hpp:24[m[K,
[1.666s]                  from [01m[K/opt/ros/humble/include/rclcpp/rclcpp/node_interfaces/node_base_interface.hpp:25[m[K,
[1.666s]                  from [01m[K/opt/ros/humble/include/rclcpp_action/rclcpp_action/client.hpp:33[m[K,
[1.666s]                  from [01m[K/opt/ros/humble/include/rclcpp_action/rclcpp_action/rclcpp_action.hpp:36[m[K,
[1.666s]                  from [01m[K/home/razanhmede/session9_turtlebot3_razan/session9_turtlebot3_assignmentcpp/src/turtlebot3robotcpp/include/turtlebot3robotcpp/lap_time_client.hpp:4[m[K,
[1.666s]                  from [01m[K/home/razanhmede/session9_turtlebot3_razan/session9_turtlebot3_assignmentcpp/src/turtlebot3robotcpp/src/lap_time_client.cpp:1[m[K:
[1.666s] [01m[K/home/razanhmede/session9_turtlebot3_razan/session9_turtlebot3_assignmentcpp/src/turtlebot3robotcpp/src/lap_time_client.cpp:17:28:[m[K [01;31m[Kerror: [m[Kâ€˜[01m[Kclass LapTimeClient[m[Kâ€™ has no member named â€˜[01m[Kget_logger[m[Kâ€™
[1.666s]    17 |         RCLCPP_ERROR(this->[01;31m[Kget_logger[m[K(), "Action server not available after waiting");
[1.666s]       |                            [01;31m[K^~~~~~~~~~[m[K
[1.666s] [01m[K/home/razanhmede/session9_turtlebot3_razan/session9_turtlebot3_assignmentcpp/src/turtlebot3robotcpp/src/lap_time_client.cpp:17:28:[m[K [01;31m[Kerror: [m[Kâ€˜[01m[Kclass LapTimeClient[m[Kâ€™ has no member named â€˜[01m[Kget_logger[m[Kâ€™
[1.667s]    17 |         RCLCPP_ERROR(this->[01;31m[Kget_logger[m[K(), "Action server not available after waiting");
[1.667s]       |                            [01;31m[K^~~~~~~~~~[m[K
[1.669s] [01m[K/home/razanhmede/session9_turtlebot3_razan/session9_turtlebot3_assignmentcpp/src/turtlebot3robotcpp/src/lap_time_client.cpp:[m[K In lambda function:
[1.669s] [01m[K/home/razanhmede/session9_turtlebot3_razan/session9_turtlebot3_assignmentcpp/src/turtlebot3robotcpp/src/lap_time_client.cpp:28:42:[m[K [01;31m[Kerror: [m[Kcannot convert â€˜[01m[Kconst std::shared_ptr<rclcpp_action::ClientGoalHandle<navigation_robot_custom_interfaces::action::MeasureLapTime> >[m[Kâ€™ to â€˜[01m[Kstd::shared_future<std::shared_ptr<rclcpp_action::ClientGoalHandle<navigation_robot_custom_interfaces::action::MeasureLapTime> > >[m[Kâ€™
[1.669s]    28 |             this->goal_response_callback([01;31m[Kgoal_handle[m[K);
[1.669s]       |                                          [01;31m[K^~~~~~~~~~~[m[K
[1.669s]       |                                          [01;31m[K|[m[K
[1.669s]       |                                          [01;31m[Kconst std::shared_ptr<rclcpp_action::ClientGoalHandle<navigation_robot_custom_interfaces::action::MeasureLapTime> >[m[K
[1.669s] In file included from [01m[K/home/razanhmede/session9_turtlebot3_razan/session9_turtlebot3_assignmentcpp/src/turtlebot3robotcpp/src/lap_time_client.cpp:1[m[K:
[1.669s] [01m[K/home/razanhmede/session9_turtlebot3_razan/session9_turtlebot3_assignmentcpp/src/turtlebot3robotcpp/include/turtlebot3robotcpp/lap_time_client.hpp:19:89:[m[K [01;36m[Knote: [m[K  initializing argument 1 of â€˜[01m[Kvoid LapTimeClient::goal_response_callback(std::shared_future<std::shared_ptr<rclcpp_action::ClientGoalHandle<navigation_robot_custom_interfaces::action::MeasureLapTime> > >)[m[Kâ€™
[1.669s]    19 |     void goal_response_callback([01;36m[Kstd::shared_future<GoalHandleMeasureLapTime::SharedPtr> future[m[K);
[1.670s]       |                                 [01;36m[K~~~~~~~~~~~~~~~~~~~~~~~~~~~~~~~~~~~~~~~~~~~~~~~~~~~~~~~~^~~~~~[m[K
[1.674s] In file included from [01m[K/opt/ros/humble/include/rclcpp/rclcpp/client.hpp:40[m[K,
[1.675s]                  from [01m[K/opt/ros/humble/include/rclcpp/rclcpp/callback_group.hpp:24[m[K,
[1.675s]                  from [01m[K/opt/ros/humble/include/rclcpp/rclcpp/node_interfaces/node_base_interface.hpp:25[m[K,
[1.675s]                  from [01m[K/opt/ros/humble/include/rclcpp_action/rclcpp_action/client.hpp:33[m[K,
[1.675s]                  from [01m[K/opt/ros/humble/include/rclcpp_action/rclcpp_action/rclcpp_action.hpp:36[m[K,
[1.675s]                  from [01m[K/home/razanhmede/session9_turtlebot3_razan/session9_turtlebot3_assignmentcpp/src/turtlebot3robotcpp/include/turtlebot3robotcpp/lap_time_client.hpp:4[m[K,
[1.675s]                  from [01m[K/home/razanhmede/session9_turtlebot3_razan/session9_turtlebot3_assignmentcpp/src/turtlebot3robotcpp/src/lap_time_client.cpp:1[m[K:
[1.675s] [01m[K/home/razanhmede/session9_turtlebot3_razan/session9_turtlebot3_assignmentcpp/src/turtlebot3robotcpp/src/lap_time_client.cpp:[m[K In member function â€˜[01m[Kvoid LapTimeClient::goal_response_callback(std::shared_future<std::shared_ptr<rclcpp_action::ClientGoalHandle<navigation_robot_custom_interfaces::action::MeasureLapTime> > >)[m[Kâ€™:
[1.675s] [01m[K/home/razanhmede/session9_turtlebot3_razan/session9_turtlebot3_assignmentcpp/src/turtlebot3robotcpp/src/lap_time_client.cpp:48:28:[m[K [01;31m[Kerror: [m[Kâ€˜[01m[Kclass LapTimeClient[m[Kâ€™ has no member named â€˜[01m[Kget_logger[m[Kâ€™
[1.675s]    48 |         RCLCPP_ERROR(this->[01;31m[Kget_logger[m[K(), "Goal was rejected by server");
[1.676s]       |                            [01;31m[K^~~~~~~~~~[m[K
[1.676s] [01m[K/home/razanhmede/session9_turtlebot3_razan/session9_turtlebot3_assignmentcpp/src/turtlebot3robotcpp/src/lap_time_client.cpp:48:28:[m[K [01;31m[Kerror: [m[Kâ€˜[01m[Kclass LapTimeClient[m[Kâ€™ has no member named â€˜[01m[Kget_logger[m[Kâ€™
[1.676s] [01m[K/home/razanhmede/session9_turtlebot3_razan/session9_turtlebot3_assignmentcpp/src/turtlebot3robotcpp/src/lap_time_client.cpp:48:9:[m[K [01;31m[Kerror: [m[Ktemplate argument 1 is invalid
[1.676s]    48 |         [01;31m[KRCLCPP_ERROR[m[K(this->get_logger(), "Goal was rejected by server");
[1.676s]       |         [01;31m[K^~~~~~~~~~~~[m[K
[1.676s] [01m[K/home/razanhmede/session9_turtlebot3_razan/session9_turtlebot3_assignmentcpp/src/turtlebot3robotcpp/src/lap_time_client.cpp:48:9:[m[K [01;31m[Kerror: [m[Ktemplate argument 1 is invalid
[1.676s]    48 |         [01;31m[KRCLCPP_ERROR[m[K(this->get_logger(), "Goal was rejected by server");
[1.677s]       |         [01;31m[K^~~~~~~~~~~~[m[K
[1.677s] [01m[K/home/razanhmede/session9_turtlebot3_razan/session9_turtlebot3_assignmentcpp/src/turtlebot3robotcpp/src/lap_time_client.cpp:48:9:[m[K [01;31m[Kerror: [m[Ktemplate argument 1 is invalid
[1.677s]    48 |         [01;31m[KRCLCPP_ERROR[m[K(this->get_logger(), "Goal was rejected by server");
[1.677s]       |         [01;31m[K^~~~~~~~~~~~[m[K
[1.677s] In file included from [01m[K/opt/ros/humble/include/rclcpp/rclcpp/logging.hpp:24[m[K,
[1.677s]                  from [01m[K/opt/ros/humble/include/rclcpp/rclcpp/client.hpp:40[m[K,
[1.677s]                  from [01m[K/opt/ros/humble/include/rclcpp/rclcpp/callback_group.hpp:24[m[K,
[1.677s]                  from [01m[K/opt/ros/humble/include/rclcpp/rclcpp/node_interfaces/node_base_interface.hpp:25[m[K,
[1.678s]                  from [01m[K/opt/ros/humble/include/rclcpp_action/rclcpp_action/client.hpp:33[m[K,
[1.678s]                  from [01m[K/opt/ros/humble/include/rclcpp_action/rclcpp_action/rclcpp_action.hpp:36[m[K,
[1.678s]                  from [01m[K/home/razanhmede/session9_turtlebot3_razan/session9_turtlebot3_assignmentcpp/src/turtlebot3robotcpp/include/turtlebot3robotcpp/lap_time_client.hpp:4[m[K,
[1.678s]                  from [01m[K/home/razanhmede/session9_turtlebot3_razan/session9_turtlebot3_assignmentcpp/src/turtlebot3robotcpp/src/lap_time_client.cpp:1[m[K:
[1.678s] [01m[K/home/razanhmede/session9_turtlebot3_razan/session9_turtlebot3_assignmentcpp/src/turtlebot3robotcpp/src/lap_time_client.cpp:48:28:[m[K [01;31m[Kerror: [m[Kâ€˜[01m[Kclass LapTimeClient[m[Kâ€™ has no member named â€˜[01m[Kget_logger[m[Kâ€™
[1.678s]    48 |         RCLCPP_ERROR(this->[01;31m[Kget_logger[m[K(), "Goal was rejected by server");
[1.678s]       |                            [01;31m[K^~~~~~~~~~[m[K
[1.678s] [01m[K/home/razanhmede/session9_turtlebot3_razan/session9_turtlebot3_assignmentcpp/src/turtlebot3robotcpp/src/lap_time_client.cpp:48:28:[m[K [01;31m[Kerror: [m[Kâ€˜[01m[Kclass LapTimeClient[m[Kâ€™ has no member named â€˜[01m[Kget_logger[m[Kâ€™
[1.678s]    48 |         RCLCPP_ERROR(this->[01;31m[Kget_logger[m[K(), "Goal was rejected by server");
[1.678s]       |                            [01;31m[K^~~~~~~~~~[m[K
[1.678s] In file included from [01m[K/opt/ros/humble/include/rclcpp/rclcpp/client.hpp:40[m[K,
[1.678s]                  from [01m[K/opt/ros/humble/include/rclcpp/rclcpp/callback_group.hpp:24[m[K,
[1.678s]                  from [01m[K/opt/ros/humble/include/rclcpp/rclcpp/node_interfaces/node_base_interface.hpp:25[m[K,
[1.678s]                  from [01m[K/opt/ros/humble/include/rclcpp_action/rclcpp_action/client.hpp:33[m[K,
[1.678s]                  from [01m[K/opt/ros/humble/include/rclcpp_action/rclcpp_action/rclcpp_action.hpp:36[m[K,
[1.679s]                  from [01m[K/home/razanhmede/session9_turtlebot3_razan/session9_turtlebot3_assignmentcpp/src/turtlebot3robotcpp/include/turtlebot3robotcpp/lap_time_client.hpp:4[m[K,
[1.679s]                  from [01m[K/home/razanhmede/session9_turtlebot3_razan/session9_turtlebot3_assignmentcpp/src/turtlebot3robotcpp/src/lap_time_client.cpp:1[m[K:
[1.679s] [01m[K/home/razanhmede/session9_turtlebot3_razan/session9_turtlebot3_assignmentcpp/src/turtlebot3robotcpp/src/lap_time_client.cpp:52:23:[m[K [01;31m[Kerror: [m[Kâ€˜[01m[Kclass LapTimeClient[m[Kâ€™ has no member named â€˜[01m[Kget_logger[m[Kâ€™
[1.679s]    52 |     RCLCPP_INFO(this->[01;31m[Kget_logger[m[K(), "Goal accepted by server, waiting for result");
[1.679s]       |                       [01;31m[K^~~~~~~~~~[m[K
[1.679s] [01m[K/home/razanhmede/session9_turtlebot3_razan/session9_turtlebot3_assignmentcpp/src/turtlebot3robotcpp/src/lap_time_client.cpp:52:23:[m[K [01;31m[Kerror: [m[Kâ€˜[01m[Kclass LapTimeClient[m[Kâ€™ has no member named â€˜[01m[Kget_logger[m[Kâ€™
[1.679s] [01m[K/home/razanhmede/session9_turtlebot3_razan/session9_turtlebot3_assignmentcpp/src/turtlebot3robotcpp/src/lap_time_client.cpp:52:5:[m[K [01;31m[Kerror: [m[Ktemplate argument 1 is invalid
[1.679s]    52 |     [01;31m[KRCLCPP_INFO[m[K(this->get_logger(), "Goal accepted by server, waiting for result");
[1.679s]       |     [01;31m[K^~~~~~~~~~~[m[K
[1.679s] [01m[K/home/razanhmede/session9_turtlebot3_razan/session9_turtlebot3_assignmentcpp/src/turtlebot3robotcpp/src/lap_time_client.cpp:52:5:[m[K [01;31m[Kerror: [m[Ktemplate argument 1 is invalid
[1.679s]    52 |     [01;31m[KRCLCPP_INFO[m[K(this->get_logger(), "Goal accepted by server, waiting for result");
[1.679s]       |     [01;31m[K^~~~~~~~~~~[m[K
[1.679s] [01m[K/home/razanhmede/session9_turtlebot3_razan/session9_turtlebot3_assignmentcpp/src/turtlebot3robotcpp/src/lap_time_client.cpp:52:5:[m[K [01;31m[Kerror: [m[Ktemplate argument 1 is invalid
[1.679s]    52 |     [01;31m[KRCLCPP_INFO[m[K(this->get_logger(), "Goal accepted by server, waiting for result");
[1.679s]       |     [01;31m[K^~~~~~~~~~~[m[K
[1.679s] In file included from [01m[K/opt/ros/humble/include/rclcpp/rclcpp/logging.hpp:24[m[K,
[1.680s]                  from [01m[K/opt/ros/humble/include/rclcpp/rclcpp/client.hpp:40[m[K,
[1.680s]                  from [01m[K/opt/ros/humble/include/rclcpp/rclcpp/callback_group.hpp:24[m[K,
[1.680s]                  from [01m[K/opt/ros/humble/include/rclcpp/rclcpp/node_interfaces/node_base_interface.hpp:25[m[K,
[1.680s]                  from [01m[K/opt/ros/humble/include/rclcpp_action/rclcpp_action/client.hpp:33[m[K,
[1.680s]                  from [01m[K/opt/ros/humble/include/rclcpp_action/rclcpp_action/rclcpp_action.hpp:36[m[K,
[1.680s]                  from [01m[K/home/razanhmede/session9_turtlebot3_razan/session9_turtlebot3_assignmentcpp/src/turtlebot3robotcpp/include/turtlebot3robotcpp/lap_time_client.hpp:4[m[K,
[1.680s]                  from [01m[K/home/razanhmede/session9_turtlebot3_razan/session9_turtlebot3_assignmentcpp/src/turtlebot3robotcpp/src/lap_time_client.cpp:1[m[K:
[1.680s] [01m[K/home/razanhmede/session9_turtlebot3_razan/session9_turtlebot3_assignmentcpp/src/turtlebot3robotcpp/src/lap_time_client.cpp:52:23:[m[K [01;31m[Kerror: [m[Kâ€˜[01m[Kclass LapTimeClient[m[Kâ€™ has no member named â€˜[01m[Kget_logger[m[Kâ€™
[1.680s]    52 |     RCLCPP_INFO(this->[01;31m[Kget_logger[m[K(), "Goal accepted by server, waiting for result");
[1.681s]       |                       [01;31m[K^~~~~~~~~~[m[K
[1.681s] [01m[K/home/razanhmede/session9_turtlebot3_razan/session9_turtlebot3_assignmentcpp/src/turtlebot3robotcpp/src/lap_time_client.cpp:52:23:[m[K [01;31m[Kerror: [m[Kâ€˜[01m[Kclass LapTimeClient[m[Kâ€™ has no member named â€˜[01m[Kget_logger[m[Kâ€™
[1.681s]    52 |     RCLCPP_INFO(this->[01;31m[Kget_logger[m[K(), "Goal accepted by server, waiting for result");
[1.681s]       |                       [01;31m[K^~~~~~~~~~[m[K
[1.681s] In file included from [01m[K/opt/ros/humble/include/rclcpp/rclcpp/client.hpp:40[m[K,
[1.681s]                  from [01m[K/opt/ros/humble/include/rclcpp/rclcpp/callback_group.hpp:24[m[K,
[1.681s]                  from [01m[K/opt/ros/humble/include/rclcpp/rclcpp/node_interfaces/node_base_interface.hpp:25[m[K,
[1.681s]                  from [01m[K/opt/ros/humble/include/rclcpp_action/rclcpp_action/client.hpp:33[m[K,
[1.681s]                  from [01m[K/opt/ros/humble/include/rclcpp_action/rclcpp_action/rclcpp_action.hpp:36[m[K,
[1.681s]                  from [01m[K/home/razanhmede/session9_turtlebot3_razan/session9_turtlebot3_assignmentcpp/src/turtlebot3robotcpp/include/turtlebot3robotcpp/lap_time_client.hpp:4[m[K,
[1.681s]                  from [01m[K/home/razanhmede/session9_turtlebot3_razan/session9_turtlebot3_assignmentcpp/src/turtlebot3robotcpp/src/lap_time_client.cpp:1[m[K:
[1.681s] [01m[K/home/razanhmede/session9_turtlebot3_razan/session9_turtlebot3_assignmentcpp/src/turtlebot3robotcpp/src/lap_time_client.cpp:[m[K In member function â€˜[01m[Kvoid LapTimeClient::result_callback(const rclcpp_action::ClientGoalHandle<navigation_robot_custom_interfaces::action::MeasureLapTime>::WrappedResult&)[m[Kâ€™:
[1.681s] [01m[K/home/razanhmede/session9_turtlebot3_razan/session9_turtlebot3_assignmentcpp/src/turtlebot3robotcpp/src/lap_time_client.cpp:59:31:[m[K [01;31m[Kerror: [m[Kâ€˜[01m[Kclass LapTimeClient[m[Kâ€™ has no member named â€˜[01m[Kget_logger[m[Kâ€™
[1.682s]    59 |             RCLCPP_INFO(this->[01;31m[Kget_logger[m[K(), "Result received: Total lap time: %.2f seconds", result.result->total_time);
[1.682s]       |                               [01;31m[K^~~~~~~~~~[m[K
[1.682s] [01m[K/home/razanhmede/session9_turtlebot3_razan/session9_turtlebot3_assignmentcpp/src/turtlebot3robotcpp/src/lap_time_client.cpp:59:31:[m[K [01;31m[Kerror: [m[Kâ€˜[01m[Kclass LapTimeClient[m[Kâ€™ has no member named â€˜[01m[Kget_logger[m[Kâ€™
[1.682s] [01m[K/home/razanhmede/session9_turtlebot3_razan/session9_turtlebot3_assignmentcpp/src/turtlebot3robotcpp/src/lap_time_client.cpp:59:13:[m[K [01;31m[Kerror: [m[Ktemplate argument 1 is invalid
[1.682s]    59 |             [01;31m[KRCLCPP_INFO[m[K(this->get_logger(), "Result received: Total lap time: %.2f seconds", result.result->total_time);
[1.682s]       |             [01;31m[K^~~~~~~~~~~[m[K
[1.682s] [01m[K/home/razanhmede/session9_turtlebot3_razan/session9_turtlebot3_assignmentcpp/src/turtlebot3robotcpp/src/lap_time_client.cpp:59:13:[m[K [01;31m[Kerror: [m[Ktemplate argument 1 is invalid
[1.682s]    59 |             [01;31m[KRCLCPP_INFO[m[K(this->get_logger(), "Result received: Total lap time: %.2f seconds", result.result->total_time);
[1.682s]       |             [01;31m[K^~~~~~~~~~~[m[K
[1.682s] [01m[K/home/razanhmede/session9_turtlebot3_razan/session9_turtlebot3_assignmentcpp/src/turtlebot3robotcpp/src/lap_time_client.cpp:59:13:[m[K [01;31m[Kerror: [m[Ktemplate argument 1 is invalid
[1.682s]    59 |             [01;31m[KRCLCPP_INFO[m[K(this->get_logger(), "Result received: Total lap time: %.2f seconds", result.result->total_time);
[1.682s]       |             [01;31m[K^~~~~~~~~~~[m[K
[1.682s] In file included from [01m[K/opt/ros/humble/include/rclcpp/rclcpp/logging.hpp:24[m[K,
[1.682s]                  from [01m[K/opt/ros/humble/include/rclcpp/rclcpp/client.hpp:40[m[K,
[1.682s]                  from [01m[K/opt/ros/humble/include/rclcpp/rclcpp/callback_group.hpp:24[m[K,
[1.683s]                  from [01m[K/opt/ros/humble/include/rclcpp/rclcpp/node_interfaces/node_base_interface.hpp:25[m[K,
[1.683s]                  from [01m[K/opt/ros/humble/include/rclcpp_action/rclcpp_action/client.hpp:33[m[K,
[1.683s]                  from [01m[K/opt/ros/humble/include/rclcpp_action/rclcpp_action/rclcpp_action.hpp:36[m[K,
[1.683s]                  from [01m[K/home/razanhmede/session9_turtlebot3_razan/session9_turtlebot3_assignmentcpp/src/turtlebot3robotcpp/include/turtlebot3robotcpp/lap_time_client.hpp:4[m[K,
[1.683s]                  from [01m[K/home/razanhmede/session9_turtlebot3_razan/session9_turtlebot3_assignmentcpp/src/turtlebot3robotcpp/src/lap_time_client.cpp:1[m[K:
[1.683s] [01m[K/home/razanhmede/session9_turtlebot3_razan/session9_turtlebot3_assignmentcpp/src/turtlebot3robotcpp/src/lap_time_client.cpp:59:31:[m[K [01;31m[Kerror: [m[Kâ€˜[01m[Kclass LapTimeClient[m[Kâ€™ has no member named â€˜[01m[Kget_logger[m[Kâ€™
[1.683s]    59 |             RCLCPP_INFO(this->[01;31m[Kget_logger[m[K(), "Result received: Total lap time: %.2f seconds", result.result->total_time);
[1.683s]       |                               [01;31m[K^~~~~~~~~~[m[K
[1.683s] [01m[K/home/razanhmede/session9_turtlebot3_razan/session9_turtlebot3_assignmentcpp/src/turtlebot3robotcpp/src/lap_time_client.cpp:59:31:[m[K [01;31m[Kerror: [m[Kâ€˜[01m[Kclass LapTimeClient[m[Kâ€™ has no member named â€˜[01m[Kget_logger[m[Kâ€™
[1.683s]    59 |             RCLCPP_INFO(this->[01;31m[Kget_logger[m[K(), "Result received: Total lap time: %.2f seconds", result.result->total_time);
[1.683s]       |                               [01;31m[K^~~~~~~~~~[m[K
[1.683s] In file included from [01m[K/opt/ros/humble/include/rclcpp/rclcpp/client.hpp:40[m[K,
[1.683s]                  from [01m[K/opt/ros/humble/include/rclcpp/rclcpp/callback_group.hpp:24[m[K,
[1.683s]                  from [01m[K/opt/ros/humble/include/rclcpp/rclcpp/node_interfaces/node_base_interface.hpp:25[m[K,
[1.683s]                  from [01m[K/opt/ros/humble/include/rclcpp_action/rclcpp_action/client.hpp:33[m[K,
[1.684s]                  from [01m[K/opt/ros/humble/include/rclcpp_action/rclcpp_action/rclcpp_action.hpp:36[m[K,
[1.684s]                  from [01m[K/home/razanhmede/session9_turtlebot3_razan/session9_turtlebot3_assignmentcpp/src/turtlebot3robotcpp/include/turtlebot3robotcpp/lap_time_client.hpp:4[m[K,
[1.684s]                  from [01m[K/home/razanhmede/session9_turtlebot3_razan/session9_turtlebot3_assignmentcpp/src/turtlebot3robotcpp/src/lap_time_client.cpp:1[m[K:
[1.684s] [01m[K/home/razanhmede/session9_turtlebot3_razan/session9_turtlebot3_assignmentcpp/src/turtlebot3robotcpp/src/lap_time_client.cpp:62:32:[m[K [01;31m[Kerror: [m[Kâ€˜[01m[Kclass LapTimeClient[m[Kâ€™ has no member named â€˜[01m[Kget_logger[m[Kâ€™
[1.684s]    62 |             RCLCPP_ERROR(this->[01;31m[Kget_logger[m[K(), "Goal was aborted");
[1.684s]       |                                [01;31m[K^~~~~~~~~~[m[K
[1.684s] [01m[K/home/razanhmede/session9_turtlebot3_razan/session9_turtlebot3_assignmentcpp/src/turtlebot3robotcpp/src/lap_time_client.cpp:62:32:[m[K [01;31m[Kerror: [m[Kâ€˜[01m[Kclass LapTimeClient[m[Kâ€™ has no member named â€˜[01m[Kget_logger[m[Kâ€™
[1.684s] [01m[K/home/razanhmede/session9_turtlebot3_razan/session9_turtlebot3_assignmentcpp/src/turtlebot3robotcpp/src/lap_time_client.cpp:62:13:[m[K [01;31m[Kerror: [m[Ktemplate argument 1 is invalid
[1.684s]    62 |             [01;31m[KRCLCPP_ERROR[m[K(this->get_logger(), "Goal was aborted");
[1.684s]       |             [01;31m[K^~~~~~~~~~~~[m[K
[1.684s] [01m[K/home/razanhmede/session9_turtlebot3_razan/session9_turtlebot3_assignmentcpp/src/turtlebot3robotcpp/src/lap_time_client.cpp:62:13:[m[K [01;31m[Kerror: [m[Ktemplate argument 1 is invalid
[1.684s]    62 |             [01;31m[KRCLCPP_ERROR[m[K(this->get_logger(), "Goal was aborted");
[1.684s]       |             [01;31m[K^~~~~~~~~~~~[m[K
[1.684s] [01m[K/home/razanhmede/session9_turtlebot3_razan/session9_turtlebot3_assignmentcpp/src/turtlebot3robotcpp/src/lap_time_client.cpp:62:13:[m[K [01;31m[Kerror: [m[Ktemplate argument 1 is invalid
[1.684s]    62 |             [01;31m[KRCLCPP_ERROR[m[K(this->get_logger(), "Goal was aborted");
[1.684s]       |             [01;31m[K^~~~~~~~~~~~[m[K
[1.684s] In file included from [01m[K/opt/ros/humble/include/rclcpp/rclcpp/logging.hpp:24[m[K,
[1.685s]                  from [01m[K/opt/ros/humble/include/rclcpp/rclcpp/client.hpp:40[m[K,
[1.685s]                  from [01m[K/opt/ros/humble/include/rclcpp/rclcpp/callback_group.hpp:24[m[K,
[1.685s]                  from [01m[K/opt/ros/humble/include/rclcpp/rclcpp/node_interfaces/node_base_interface.hpp:25[m[K,
[1.685s]                  from [01m[K/opt/ros/humble/include/rclcpp_action/rclcpp_action/client.hpp:33[m[K,
[1.685s]                  from [01m[K/opt/ros/humble/include/rclcpp_action/rclcpp_action/rclcpp_action.hpp:36[m[K,
[1.685s]                  from [01m[K/home/razanhmede/session9_turtlebot3_razan/session9_turtlebot3_assignmentcpp/src/turtlebot3robotcpp/include/turtlebot3robotcpp/lap_time_client.hpp:4[m[K,
[1.685s]                  from [01m[K/home/razanhmede/session9_turtlebot3_razan/session9_turtlebot3_assignmentcpp/src/turtlebot3robotcpp/src/lap_time_client.cpp:1[m[K:
[1.685s] [01m[K/home/razanhmede/session9_turtlebot3_razan/session9_turtlebot3_assignmentcpp/src/turtlebot3robotcpp/src/lap_time_client.cpp:62:32:[m[K [01;31m[Kerror: [m[Kâ€˜[01m[Kclass LapTimeClient[m[Kâ€™ has no member named â€˜[01m[Kget_logger[m[Kâ€™
[1.685s]    62 |             RCLCPP_ERROR(this->[01;31m[Kget_logger[m[K(), "Goal was aborted");
[1.685s]       |                                [01;31m[K^~~~~~~~~~[m[K
[1.685s] [01m[K/home/razanhmede/session9_turtlebot3_razan/session9_turtlebot3_assignmentcpp/src/turtlebot3robotcpp/src/lap_time_client.cpp:62:32:[m[K [01;31m[Kerror: [m[Kâ€˜[01m[Kclass LapTimeClient[m[Kâ€™ has no member named â€˜[01m[Kget_logger[m[Kâ€™
[1.685s]    62 |             RCLCPP_ERROR(this->[01;31m[Kget_logger[m[K(), "Goal was aborted");
[1.685s]       |                                [01;31m[K^~~~~~~~~~[m[K
[1.685s] In file included from [01m[K/opt/ros/humble/include/rclcpp/rclcpp/client.hpp:40[m[K,
[1.685s]                  from [01m[K/opt/ros/humble/include/rclcpp/rclcpp/callback_group.hpp:24[m[K,
[1.685s]                  from [01m[K/opt/ros/humble/include/rclcpp/rclcpp/node_interfaces/node_base_interface.hpp:25[m[K,
[1.686s]                  from [01m[K/opt/ros/humble/include/rclcpp_action/rclcpp_action/client.hpp:33[m[K,
[1.686s]                  from [01m[K/opt/ros/humble/include/rclcpp_action/rclcpp_action/rclcpp_action.hpp:36[m[K,
[1.686s]                  from [01m[K/home/razanhmede/session9_turtlebot3_razan/session9_turtlebot3_assignmentcpp/src/turtlebot3robotcpp/include/turtlebot3robotcpp/lap_time_client.hpp:4[m[K,
[1.686s]                  from [01m[K/home/razanhmede/session9_turtlebot3_razan/session9_turtlebot3_assignmentcpp/src/turtlebot3robotcpp/src/lap_time_client.cpp:1[m[K:
[1.686s] [01m[K/home/razanhmede/session9_turtlebot3_razan/session9_turtlebot3_assignmentcpp/src/turtlebot3robotcpp/src/lap_time_client.cpp:65:32:[m[K [01;31m[Kerror: [m[Kâ€˜[01m[Kclass LapTimeClient[m[Kâ€™ has no member named â€˜[01m[Kget_logger[m[Kâ€™
[1.686s]    65 |             RCLCPP_ERROR(this->[01;31m[Kget_logger[m[K(), "Goal was canceled");
[1.686s]       |                                [01;31m[K^~~~~~~~~~[m[K
[1.686s] [01m[K/home/razanhmede/session9_turtlebot3_razan/session9_turtlebot3_assignmentcpp/src/turtlebot3robotcpp/src/lap_time_client.cpp:65:32:[m[K [01;31m[Kerror: [m[Kâ€˜[01m[Kclass LapTimeClient[m[Kâ€™ has no member named â€˜[01m[Kget_logger[m[Kâ€™
[1.686s] [01m[K/home/razanhmede/session9_turtlebot3_razan/session9_turtlebot3_assignmentcpp/src/turtlebot3robotcpp/src/lap_time_client.cpp:65:13:[m[K [01;31m[Kerror: [m[Ktemplate argument 1 is invalid
[1.686s]    65 |             [01;31m[KRCLCPP_ERROR[m[K(this->get_logger(), "Goal was canceled");
[1.686s]       |             [01;31m[K^~~~~~~~~~~~[m[K
[1.686s] [01m[K/home/razanhmede/session9_turtlebot3_razan/session9_turtlebot3_assignmentcpp/src/turtlebot3robotcpp/src/lap_time_client.cpp:65:13:[m[K [01;31m[Kerror: [m[Ktemplate argument 1 is invalid
[1.686s]    65 |             [01;31m[KRCLCPP_ERROR[m[K(this->get_logger(), "Goal was canceled");
[1.686s]       |             [01;31m[K^~~~~~~~~~~~[m[K
[1.686s] [01m[K/home/razanhmede/session9_turtlebot3_razan/session9_turtlebot3_assignmentcpp/src/turtlebot3robotcpp/src/lap_time_client.cpp:65:13:[m[K [01;31m[Kerror: [m[Ktemplate argument 1 is invalid
[1.686s]    65 |             [01;31m[KRCLCPP_ERROR[m[K(this->get_logger(), "Goal was canceled");
[1.686s]       |             [01;31m[K^~~~~~~~~~~~[m[K
[1.686s] In file included from [01m[K/opt/ros/humble/include/rclcpp/rclcpp/logging.hpp:24[m[K,
[1.687s]                  from [01m[K/opt/ros/humble/include/rclcpp/rclcpp/client.hpp:40[m[K,
[1.687s]                  from [01m[K/opt/ros/humble/include/rclcpp/rclcpp/callback_group.hpp:24[m[K,
[1.687s]                  from [01m[K/opt/ros/humble/include/rclcpp/rclcpp/node_interfaces/node_base_interface.hpp:25[m[K,
[1.687s]                  from [01m[K/opt/ros/humble/include/rclcpp_action/rclcpp_action/client.hpp:33[m[K,
[1.687s]                  from [01m[K/opt/ros/humble/include/rclcpp_action/rclcpp_action/rclcpp_action.hpp:36[m[K,
[1.687s]                  from [01m[K/home/razanhmede/session9_turtlebot3_razan/session9_turtlebot3_assignmentcpp/src/turtlebot3robotcpp/include/turtlebot3robotcpp/lap_time_client.hpp:4[m[K,
[1.687s]                  from [01m[K/home/razanhmede/session9_turtlebot3_razan/session9_turtlebot3_assignmentcpp/src/turtlebot3robotcpp/src/lap_time_client.cpp:1[m[K:
[1.687s] [01m[K/home/razanhmede/session9_turtlebot3_razan/session9_turtlebot3_assignmentcpp/src/turtlebot3robotcpp/src/lap_time_client.cpp:65:32:[m[K [01;31m[Kerror: [m[Kâ€˜[01m[Kclass LapTimeClient[m[Kâ€™ has no member named â€˜[01m[Kget_logger[m[Kâ€™
[1.687s]    65 |             RCLCPP_ERROR(this->[01;31m[Kget_logger[m[K(), "Goal was canceled");
[1.687s]       |                                [01;31m[K^~~~~~~~~~[m[K
[1.687s] [01m[K/home/razanhmede/session9_turtlebot3_razan/session9_turtlebot3_assignmentcpp/src/turtlebot3robotcpp/src/lap_time_client.cpp:65:32:[m[K [01;31m[Kerror: [m[Kâ€˜[01m[Kclass LapTimeClient[m[Kâ€™ has no member named â€˜[01m[Kget_logger[m[Kâ€™
[1.687s]    65 |             RCLCPP_ERROR(this->[01;31m[Kget_logger[m[K(), "Goal was canceled");
[1.687s]       |                                [01;31m[K^~~~~~~~~~[m[K
[1.687s] In file included from [01m[K/opt/ros/humble/include/rclcpp/rclcpp/client.hpp:40[m[K,
[1.687s]                  from [01m[K/opt/ros/humble/include/rclcpp/rclcpp/callback_group.hpp:24[m[K,
[1.687s]                  from [01m[K/opt/ros/humble/include/rclcpp/rclcpp/node_interfaces/node_base_interface.hpp:25[m[K,
[1.687s]                  from [01m[K/opt/ros/humble/include/rclcpp_action/rclcpp_action/client.hpp:33[m[K,
[1.687s]                  from [01m[K/opt/ros/humble/include/rclcpp_action/rclcpp_action/rclcpp_action.hpp:36[m[K,
[1.687s]                  from [01m[K/home/razanhmede/session9_turtlebot3_razan/session9_turtlebot3_assignmentcpp/src/turtlebot3robotcpp/include/turtlebot3robotcpp/lap_time_client.hpp:4[m[K,
[1.688s]                  from [01m[K/home/razanhmede/session9_turtlebot3_razan/session9_turtlebot3_assignmentcpp/src/turtlebot3robotcpp/src/lap_time_client.cpp:1[m[K:
[1.688s] [01m[K/home/razanhmede/session9_turtlebot3_razan/session9_turtlebot3_assignmentcpp/src/turtlebot3robotcpp/src/lap_time_client.cpp:68:32:[m[K [01;31m[Kerror: [m[Kâ€˜[01m[Kclass LapTimeClient[m[Kâ€™ has no member named â€˜[01m[Kget_logger[m[Kâ€™
[1.688s]    68 |             RCLCPP_ERROR(this->[01;31m[Kget_logger[m[K(), "Unknown result code");
[1.688s]       |                                [01;31m[K^~~~~~~~~~[m[K
[1.688s] [01m[K/home/razanhmede/session9_turtlebot3_razan/session9_turtlebot3_assignmentcpp/src/turtlebot3robotcpp/src/lap_time_client.cpp:68:32:[m[K [01;31m[Kerror: [m[Kâ€˜[01m[Kclass LapTimeClient[m[Kâ€™ has no member named â€˜[01m[Kget_logger[m[Kâ€™
[1.688s] [01m[K/home/razanhmede/session9_turtlebot3_razan/session9_turtlebot3_assignmentcpp/src/turtlebot3robotcpp/src/lap_time_client.cpp:68:13:[m[K [01;31m[Kerror: [m[Ktemplate argument 1 is invalid
[1.688s]    68 |             [01;31m[KRCLCPP_ERROR[m[K(this->get_logger(), "Unknown result code");
[1.688s]       |             [01;31m[K^~~~~~~~~~~~[m[K
[1.688s] [01m[K/home/razanhmede/session9_turtlebot3_razan/session9_turtlebot3_assignmentcpp/src/turtlebot3robotcpp/src/lap_time_client.cpp:68:13:[m[K [01;31m[Kerror: [m[Ktemplate argument 1 is invalid
[1.688s]    68 |             [01;31m[KRCLCPP_ERROR[m[K(this->get_logger(), "Unknown result code");
[1.688s]       |             [01;31m[K^~~~~~~~~~~~[m[K
[1.688s] [01m[K/home/razanhmede/session9_turtlebot3_razan/session9_turtlebot3_assignmentcpp/src/turtlebot3robotcpp/src/lap_time_client.cpp:68:13:[m[K [01;31m[Kerror: [m[Ktemplate argument 1 is invalid
[1.688s]    68 |             [01;31m[KRCLCPP_ERROR[m[K(this->get_logger(), "Unknown result code");
[1.688s]       |             [01;31m[K^~~~~~~~~~~~[m[K
[1.688s] In file included from [01m[K/opt/ros/humble/include/rclcpp/rclcpp/logging.hpp:24[m[K,
[1.688s]                  from [01m[K/opt/ros/humble/include/rclcpp/rclcpp/client.hpp:40[m[K,
[1.688s]                  from [01m[K/opt/ros/humble/include/rclcpp/rclcpp/callback_group.hpp:24[m[K,
[1.689s]                  from [01m[K/opt/ros/humble/include/rclcpp/rclcpp/node_interfaces/node_base_interface.hpp:25[m[K,
[1.689s]                  from [01m[K/opt/ros/humble/include/rclcpp_action/rclcpp_action/client.hpp:33[m[K,
[1.689s]                  from [01m[K/opt/ros/humble/include/rclcpp_action/rclcpp_action/rclcpp_action.hpp:36[m[K,
[1.689s]                  from [01m[K/home/razanhmede/session9_turtlebot3_razan/session9_turtlebot3_assignmentcpp/src/turtlebot3robotcpp/include/turtlebot3robotcpp/lap_time_client.hpp:4[m[K,
[1.689s]                  from [01m[K/home/razanhmede/session9_turtlebot3_razan/session9_turtlebot3_assignmentcpp/src/turtlebot3robotcpp/src/lap_time_client.cpp:1[m[K:
[1.689s] [01m[K/home/razanhmede/session9_turtlebot3_razan/session9_turtlebot3_assignmentcpp/src/turtlebot3robotcpp/src/lap_time_client.cpp:68:32:[m[K [01;31m[Kerror: [m[Kâ€˜[01m[Kclass LapTimeClient[m[Kâ€™ has no member named â€˜[01m[Kget_logger[m[Kâ€™
[1.689s]    68 |             RCLCPP_ERROR(this->[01;31m[Kget_logger[m[K(), "Unknown result code");
[1.689s]       |                                [01;31m[K^~~~~~~~~~[m[K
[1.689s] [01m[K/home/razanhmede/session9_turtlebot3_razan/session9_turtlebot3_assignmentcpp/src/turtlebot3robotcpp/src/lap_time_client.cpp:68:32:[m[K [01;31m[Kerror: [m[Kâ€˜[01m[Kclass LapTimeClient[m[Kâ€™ has no member named â€˜[01m[Kget_logger[m[Kâ€™
[1.689s]    68 |             RCLCPP_ERROR(this->[01;31m[Kget_logger[m[K(), "Unknown result code");
[1.689s]       |                                [01;31m[K^~~~~~~~~~[m[K
[1.689s] [01m[K/home/razanhmede/session9_turtlebot3_razan/session9_turtlebot3_assignmentcpp/src/turtlebot3robotcpp/src/lap_time_client.cpp:[m[K At global scope:
[1.689s] [01m[K/home/razanhmede/session9_turtlebot3_razan/session9_turtlebot3_assignmentcpp/src/turtlebot3robotcpp/src/lap_time_client.cpp:75:6:[m[K [01;31m[Kerror: [m[Kno declaration matches â€˜[01m[Kvoid LapTimeClient::feedback_callback(rclcpp_action::ClientGoalHandle<navigation_robot_custom_interfaces::action::MeasureLapTime>::SharedPtr, std::shared_ptr<const navigation_robot_custom_interfaces::action::MeasureLapTime_Feedback_<std::allocator<void> > >)[m[Kâ€™
[1.689s]    75 | void [01;31m[KLapTimeClient[m[K::feedback_callback(GoalHandleMeasureLapTime::SharedPtr, const std::shared_ptr<const MeasureLapTime::Feedback> feedback)
[1.689s]       |      [01;31m[K^~~~~~~~~~~~~[m[K
[1.689s] [01m[K/home/razanhmede/session9_turtlebot3_razan/session9_turtlebot3_assignmentcpp/src/turtlebot3robotcpp/src/lap_time_client.cpp:75:6:[m[K [01;36m[Knote: [m[Kno functions named â€˜[01m[Kvoid LapTimeClient::feedback_callback(rclcpp_action::ClientGoalHandle<navigation_robot_custom_interfaces::action::MeasureLapTime>::SharedPtr, std::shared_ptr<const navigation_robot_custom_interfaces::action::MeasureLapTime_Feedback_<std::allocator<void> > >)[m[Kâ€™
[1.690s] In file included from [01m[K/home/razanhmede/session9_turtlebot3_razan/session9_turtlebot3_assignmentcpp/src/turtlebot3robotcpp/src/lap_time_client.cpp:1[m[K:
[1.690s] [01m[K/home/razanhmede/session9_turtlebot3_razan/session9_turtlebot3_assignmentcpp/src/turtlebot3robotcpp/include/turtlebot3robotcpp/lap_time_client.hpp:7:7:[m[K [01;36m[Knote: [m[Kâ€˜[01m[Kclass LapTimeClient[m[Kâ€™ defined here
[1.690s]     7 | class [01;36m[KLapTimeClient[m[K
[1.690s]       |       [01;36m[K^~~~~~~~~~~~~[m[K
[1.690s] [01m[K/home/razanhmede/session9_turtlebot3_razan/session9_turtlebot3_assignmentcpp/src/turtlebot3robotcpp/src/lap_time_client.cpp:[m[K In function â€˜[01m[Kint main(int, char**)[m[Kâ€™:
[1.690s] [01m[K/home/razanhmede/session9_turtlebot3_razan/session9_turtlebot3_assignmentcpp/src/turtlebot3robotcpp/src/lap_time_client.cpp:85:13:[m[K [01;31m[Kerror: [m[Kâ€˜[01m[Kspin[m[Kâ€™ is not a member of â€˜[01m[Krclcpp[m[Kâ€™
[1.690s]    85 |     rclcpp::[01;31m[Kspin[m[K(action_client);
[1.690s]       |             [01;31m[K^~~~[m[K
[1.751s] In file included from [01m[K/opt/ros/humble/include/rclcpp_action/rclcpp_action/rclcpp_action.hpp:38[m[K,
[1.751s]                  from [01m[K/home/razanhmede/session9_turtlebot3_razan/session9_turtlebot3_assignmentcpp/src/turtlebot3robotcpp/include/turtlebot3robotcpp/lap_time_client.hpp:4[m[K,
[1.751s]                  from [01m[K/home/razanhmede/session9_turtlebot3_razan/session9_turtlebot3_assignmentcpp/src/turtlebot3robotcpp/src/lap_time_client.cpp:1[m[K:
[1.751s] /opt/ros/humble/include/rclcpp_action/rclcpp_action/create_client.hpp: In instantiation of â€˜[01m[Ktypename rclcpp_action::Client<ActionT>::SharedPtr rclcpp_action::create_client(NodeT, const string&, rclcpp::CallbackGroup::SharedPtr, const rcl_action_client_options_t&) [with ActionT = navigation_robot_custom_interfaces::action::MeasureLapTime; NodeT = LapTimeClient*; typename rclcpp_action::Client<ActionT>::SharedPtr = std::shared_ptr<rclcpp_action::Client<navigation_robot_custom_interfaces::action::MeasureLapTime> >; std::string = std::__cxx11::basic_string<char>; rclcpp::CallbackGroup::SharedPtr = std::shared_ptr<rclcpp::CallbackGroup>; rcl_action_client_options_t = rcl_action_client_options_s][m[Kâ€™:
[1.751s] [01m[K/home/razanhmede/session9_turtlebot3_razan/session9_turtlebot3_assignmentcpp/src/turtlebot3robotcpp/src/lap_time_client.cpp:12:107:[m[K   required from here
[1.751s] [01m[K/opt/ros/humble/include/rclcpp_action/rclcpp_action/create_client.hpp:112:11:[m[K [01;31m[Kerror: [m[Kâ€˜[01m[Kclass LapTimeClient[m[Kâ€™ has no member named â€˜[01m[Kget_node_base_interface[m[Kâ€™
[1.751s]   112 |     [01;31m[Knode->get_node_base_interface[m[K(),
[1.752s]       |     [01;31m[K~~~~~~^~~~~~~~~~~~~~~~~~~~~~~[m[K
[1.752s] [01m[K/opt/ros/humble/include/rclcpp_action/rclcpp_action/create_client.hpp:113:11:[m[K [01;31m[Kerror: [m[Kâ€˜[01m[Kclass LapTimeClient[m[Kâ€™ has no member named â€˜[01m[Kget_node_graph_interface[m[Kâ€™
[1.752s]   113 |     [01;31m[Knode->get_node_graph_interface[m[K(),
[1.752s]       |     [01;31m[K~~~~~~^~~~~~~~~~~~~~~~~~~~~~~~[m[K
[1.752s] [01m[K/opt/ros/humble/include/rclcpp_action/rclcpp_action/create_client.hpp:114:11:[m[K [01;31m[Kerror: [m[Kâ€˜[01m[Kclass LapTimeClient[m[Kâ€™ has no member named â€˜[01m[Kget_node_logging_interface[m[Kâ€™
[1.752s]   114 |     [01;31m[Knode->get_node_logging_interface[m[K(),
[1.752s]       |     [01;31m[K~~~~~~^~~~~~~~~~~~~~~~~~~~~~~~~~[m[K
[1.752s] [01m[K/opt/ros/humble/include/rclcpp_action/rclcpp_action/create_client.hpp:115:11:[m[K [01;31m[Kerror: [m[Kâ€˜[01m[Kclass LapTimeClient[m[Kâ€™ has no member named â€˜[01m[Kget_node_waitables_interface[m[Kâ€™
[1.752s]   115 |     [01;31m[Knode->get_node_waitables_interface[m[K(),
[1.752s]       |     [01;31m[K~~~~~~^~~~~~~~~~~~~~~~~~~~~~~~~~~~[m[K
[2.049s] In file included from [01m[K/usr/include/x86_64-linux-gnu/c++/11/bits/c++allocator.h:33[m[K,
[2.049s]                  from [01m[K/usr/include/c++/11/bits/allocator.h:46[m[K,
[2.049s]                  from [01m[K/usr/include/c++/11/memory:64[m[K,
[2.049s]                  from [01m[K/opt/ros/humble/include/rclcpp_action/rclcpp_action/rclcpp_action.hpp:34[m[K,
[2.049s]                  from [01m[K/home/razanhmede/session9_turtlebot3_razan/session9_turtlebot3_assignmentcpp/src/turtlebot3robotcpp/include/turtlebot3robotcpp/lap_time_client.hpp:4[m[K,
[2.049s]                  from [01m[K/home/razanhmede/session9_turtlebot3_razan/session9_turtlebot3_assignmentcpp/src/turtlebot3robotcpp/src/lap_time_client.cpp:1[m[K:
[2.049s] /usr/include/c++/11/ext/new_allocator.h: In instantiation of â€˜[01m[Kvoid __gnu_cxx::new_allocator<_Tp>::construct(_Up*, _Args&& ...) [with _Up = LapTimeClient; _Args = {}; _Tp = LapTimeClient][m[Kâ€™:
[2.049s] [01m[K/usr/include/c++/11/bits/alloc_traits.h:516:17:[m[K   required from â€˜[01m[Kstatic void std::allocator_traits<std::allocator<_Tp1> >::construct(std::allocator_traits<std::allocator<_Tp1> >::allocator_type&, _Up*, _Args&& ...) [with _Up = LapTimeClient; _Args = {}; _Tp = LapTimeClient; std::allocator_traits<std::allocator<_Tp1> >::allocator_type = std::allocator<LapTimeClient>][m[Kâ€™
[2.049s] [01m[K/usr/include/c++/11/bits/shared_ptr_base.h:519:39:[m[K   required from â€˜[01m[Kstd::_Sp_counted_ptr_inplace<_Tp, _Alloc, _Lp>::_Sp_counted_ptr_inplace(_Alloc, _Args&& ...) [with _Args = {}; _Tp = LapTimeClient; _Alloc = std::allocator<LapTimeClient>; __gnu_cxx::_Lock_policy _Lp = __gnu_cxx::_S_atomic][m[Kâ€™
[2.049s] [01m[K/usr/include/c++/11/bits/shared_ptr_base.h:650:16:[m[K   required from â€˜[01m[Kstd::__shared_count<_Lp>::__shared_count(_Tp*&, std::_Sp_alloc_shared_tag<_Alloc>, _Args&& ...) [with _Tp = LapTimeClient; _Alloc = std::allocator<LapTimeClient>; _Args = {}; __gnu_cxx::_Lock_policy _Lp = __gnu_cxx::_S_atomic][m[Kâ€™
[2.050s] [01m[K/usr/include/c++/11/bits/shared_ptr_base.h:1342:14:[m[K   required from â€˜[01m[Kstd::__shared_ptr<_Tp, _Lp>::__shared_ptr(std::_Sp_alloc_shared_tag<_Tp>, _Args&& ...) [with _Alloc = std::allocator<LapTimeClient>; _Args = {}; _Tp = LapTimeClient; __gnu_cxx::_Lock_policy _Lp = __gnu_cxx::_S_atomic][m[Kâ€™
[2.050s] [01m[K/usr/include/c++/11/bits/shared_ptr.h:409:59:[m[K   required from â€˜[01m[Kstd::shared_ptr<_Tp>::shared_ptr(std::_Sp_alloc_shared_tag<_Tp>, _Args&& ...) [with _Alloc = std::allocator<LapTimeClient>; _Args = {}; _Tp = LapTimeClient][m[Kâ€™
[2.050s] [01m[K/usr/include/c++/11/bits/shared_ptr.h:862:14:[m[K   required from â€˜[01m[Kstd::shared_ptr<_Tp> std::allocate_shared(const _Alloc&, _Args&& ...) [with _Tp = LapTimeClient; _Alloc = std::allocator<LapTimeClient>; _Args = {}][m[Kâ€™
[2.050s] [01m[K/usr/include/c++/11/bits/shared_ptr.h:878:39:[m[K   required from â€˜[01m[Kstd::shared_ptr<_Tp> std::make_shared(_Args&& ...) [with _Tp = LapTimeClient; _Args = {}][m[Kâ€™
[2.050s] [01m[K/home/razanhmede/session9_turtlebot3_razan/session9_turtlebot3_assignmentcpp/src/turtlebot3robotcpp/src/lap_time_client.cpp:83:57:[m[K   required from here
[2.050s] [01m[K/usr/include/c++/11/ext/new_allocator.h:162:11:[m[K [01;31m[Kerror: [m[Kno matching function for call to â€˜[01m[KLapTimeClient::LapTimeClient()[m[Kâ€™
[2.050s]   162 |         { [01;31m[K::new((void *)__p) _Up(std::forward<_Args>(__args)...)[m[K; }
[2.050s]       |           [01;31m[K^~~~~~~~~~~~~~~~~~~~~~~~~~~~~~~~~~~~~~~~~~~~~~~~~~~~~~[m[K
[2.050s] In file included from [01m[K/home/razanhmede/session9_turtlebot3_razan/session9_turtlebot3_assignmentcpp/src/turtlebot3robotcpp/src/lap_time_client.cpp:1[m[K:
[2.050s] [01m[K/home/razanhmede/session9_turtlebot3_razan/session9_turtlebot3_assignmentcpp/src/turtlebot3robotcpp/include/turtlebot3robotcpp/lap_time_client.hpp:13:5:[m[K [01;36m[Knote: [m[Kcandidate: â€˜[01m[KLapTimeClient::LapTimeClient(rclcpp::Node::SharedPtr)[m[Kâ€™
[2.050s]    13 |     [01;36m[KLapTimeClient[m[K(rclcpp::Node::SharedPtr node);
[2.050s]       |     [01;36m[K^~~~~~~~~~~~~[m[K
[2.051s] [01m[K/home/razanhmede/session9_turtlebot3_razan/session9_turtlebot3_assignmentcpp/src/turtlebot3robotcpp/include/turtlebot3robotcpp/lap_time_client.hpp:13:5:[m[K [01;36m[Knote: [m[K  candidate expects 1 argument, 0 provided
[2.051s] [01m[K/home/razanhmede/session9_turtlebot3_razan/session9_turtlebot3_assignmentcpp/src/turtlebot3robotcpp/include/turtlebot3robotcpp/lap_time_client.hpp:7:7:[m[K [01;36m[Knote: [m[Kcandidate: â€˜[01m[KLapTimeClient::LapTimeClient(const LapTimeClient&)[m[Kâ€™
[2.051s]     7 | class [01;36m[KLapTimeClient[m[K
[2.051s]       |       [01;36m[K^~~~~~~~~~~~~[m[K
[2.051s] [01m[K/home/razanhmede/session9_turtlebot3_razan/session9_turtlebot3_assignmentcpp/src/turtlebot3robotcpp/include/turtlebot3robotcpp/lap_time_client.hpp:7:7:[m[K [01;36m[Knote: [m[K  candidate expects 1 argument, 0 provided
[2.051s] [01m[K/home/razanhmede/session9_turtlebot3_razan/session9_turtlebot3_assignmentcpp/src/turtlebot3robotcpp/include/turtlebot3robotcpp/lap_time_client.hpp:7:7:[m[K [01;36m[Knote: [m[Kcandidate: â€˜[01m[KLapTimeClient::LapTimeClient(LapTimeClient&&)[m[Kâ€™
[2.051s] [01m[K/home/razanhmede/session9_turtlebot3_razan/session9_turtlebot3_assignmentcpp/src/turtlebot3robotcpp/include/turtlebot3robotcpp/lap_time_client.hpp:7:7:[m[K [01;36m[Knote: [m[K  candidate expects 1 argument, 0 provided
[2.325s] gmake[2]: *** [CMakeFiles/lap_time_client.dir/build.make:76: CMakeFiles/lap_time_client.dir/src/lap_time_client.cpp.o] Error 1
[2.326s] gmake[1]: *** [CMakeFiles/Makefile2:221: CMakeFiles/lap_time_client.dir/all] Error 2
[2.326s] gmake: *** [Makefile:146: all] Error 2
[2.328s] Invoked command in '/home/razanhmede/session9_turtlebot3_razan/session9_turtlebot3_assignmentcpp/build/turtlebot3robotcpp' returned '2': AMENT_PREFIX_PATH=/home/razanhmede/session9_turtlebot3_razan/session9_turtlebot3_assignmentcpp/install/navigation_robot_custom_interfaces:${AMENT_PREFIX_PATH} CMAKE_PREFIX_PATH=/home/razanhmede/session9_turtlebot3_razan/session9_turtlebot3_assignmentcpp/install/navigation_robot_custom_interfaces:/opt/ros/humble LD_LIBRARY_PATH=/home/razanhmede/session9_turtlebot3_razan/session9_turtlebot3_assignmentcpp/install/navigation_robot_custom_interfaces/lib:${LD_LIBRARY_PATH} PYTHONPATH=/home/razanhmede/session9_turtlebot3_razan/session9_turtlebot3_assignmentcpp/install/navigation_robot_custom_interfaces/local/lib/python3.10/dist-packages:${PYTHONPATH} /usr/bin/cmake --build /home/razanhmede/session9_turtlebot3_razan/session9_turtlebot3_assignmentcpp/build/turtlebot3robotcpp -- -j4 -l4
