[0.019s] Invoking command in '/home/razanhmede/session9_turtlebot3_razan/session9_turtlebot3_assignmentcpp/build/turtlebot3robotcpp': CMAKE_PREFIX_PATH=/home/razanhmede/session9_turtlebot3_razan/session9_turtlebot3_assignmentcpp/install/navigation_robot_custom_interfaces:/home/razanhmede/session9_turtlebot3_razan/session9_turtlebot3_assignmentcpp/install/turtlebot3robotcpp:/opt/ros/humble /usr/bin/cmake --build /home/razanhmede/session9_turtlebot3_razan/session9_turtlebot3_assignmentcpp/build/turtlebot3robotcpp -- -j4 -l4
[0.068s] [35m[1mConsolidate compiler generated dependencies of target lap_time_client[0m
[0.068s] [35m[1mConsolidate compiler generated dependencies of target lap_time_server[0m
[0.100s] [ 25%] Built target robot_driver_node
[0.125s] [ 37%] [32mBuilding CXX object CMakeFiles/lap_time_client.dir/src/lap_time_client.cpp.o[0m
[0.126s] [ 62%] Built target wall_finder_server
[0.127s] [ 75%] [32mBuilding CXX object CMakeFiles/lap_time_server.dir/src/lap_time_server.cpp.o[0m
[4.054s] [01m[K/home/razanhmede/session9_turtlebot3_razan/session9_turtlebot3_assignmentcpp/src/turtlebot3robotcpp/src/lap_time_client.cpp:8:7:[m[K [01;31m[Kerror: [m[Kredefinition of â€˜[01m[Kclass LapTimeClient[m[Kâ€™
[4.055s]     8 | class [01;31m[KLapTimeClient[m[K : public rclcpp::Node {
[4.055s]       |       [01;31m[K^~~~~~~~~~~~~[m[K
[4.055s] In file included from [01m[K/home/razanhmede/session9_turtlebot3_razan/session9_turtlebot3_assignmentcpp/src/turtlebot3robotcpp/src/lap_time_client.cpp:1[m[K:
[4.055s] [01m[K/home/razanhmede/session9_turtlebot3_razan/session9_turtlebot3_assignmentcpp/src/turtlebot3robotcpp/include/turtlebot3robotcpp/lap_time_client.hpp:9:7:[m[K [01;36m[Knote: [m[Kprevious definition of â€˜[01m[Kclass LapTimeClient[m[Kâ€™
[4.055s]     9 | class [01;36m[KLapTimeClient[m[K : public rclcpp::Node
[4.055s]       |       [01;36m[K^~~~~~~~~~~~~[m[K
[4.060s] [01m[K/home/razanhmede/session9_turtlebot3_razan/session9_turtlebot3_assignmentcpp/src/turtlebot3robotcpp/src/lap_time_client.cpp:[m[K In function â€˜[01m[Kint main(int, char**)[m[Kâ€™:
[4.060s] [01m[K/home/razanhmede/session9_turtlebot3_razan/session9_turtlebot3_assignmentcpp/src/turtlebot3robotcpp/src/lap_time_client.cpp:87:18:[m[K [01;31m[Kerror: [m[Kâ€˜[01m[Kusing element_type = class LapTimeClient[m[Kâ€™ {aka â€˜[01m[Kclass LapTimeClient[m[Kâ€™} has no member named â€˜[01m[KsendGoal[m[Kâ€™; did you mean â€˜[01m[Ksend_goal[m[Kâ€™?
[4.060s]    87 |     client_node->[01;31m[KsendGoal[m[K();
[4.060s]       |                  [01;31m[K^~~~~~~~[m[K
[4.060s]       |                  [32m[Ksend_goal[m[K
[4.070s] [01m[K/home/razanhmede/session9_turtlebot3_razan/session9_turtlebot3_assignmentcpp/src/turtlebot3robotcpp/src/lap_time_server.cpp:[m[K In constructor â€˜[01m[KLapTimeServer::LapTimeServer()[m[Kâ€™:
[4.070s] [01m[K/home/razanhmede/session9_turtlebot3_razan/session9_turtlebot3_assignmentcpp/src/turtlebot3robotcpp/src/lap_time_server.cpp:9:5:[m[K [01;31m[Kerror: [m[Kâ€˜[01m[Kservice_cb_group[m[Kâ€™ was not declared in this scope
[4.070s]     9 |     [01;31m[Kservice_cb_group[m[K = this->create_callback_group(rclcpp::CallbackGroupType::MutuallyExclusive());
[4.070s]       |     [01;31m[K^~~~~~~~~~~~~~~~[m[K
[4.070s] [01m[K/home/razanhmede/session9_turtlebot3_razan/session9_turtlebot3_assignmentcpp/src/turtlebot3robotcpp/src/lap_time_server.cpp:9:96:[m[K [01;31m[Kerror: [m[Kâ€˜[01m[Krclcpp::CallbackGroupType::MutuallyExclusive[m[Kâ€™ cannot be used as a function
[4.070s]     9 |     service_cb_group = this->create_callback_group([01;31m[Krclcpp::CallbackGroupType::MutuallyExclusive()[m[K);
[4.071s]       |                                                    [01;31m[K~~~~~~~~~~~~~~~~~~~~~~~~~~~~~~~~~~~~~~~~~~~~^~[m[K
[4.083s] [01m[K/home/razanhmede/session9_turtlebot3_razan/session9_turtlebot3_assignmentcpp/src/turtlebot3robotcpp/src/lap_time_server.cpp:10:5:[m[K [01;31m[Kerror: [m[Kâ€˜[01m[Ksubscription_cb_group[m[Kâ€™ was not declared in this scope
[4.083s]    10 |     [01;31m[Ksubscription_cb_group[m[K = this->create_callback_group(rclcpp::CallbackGroupType::MutuallyExclusive());
[4.083s]       |     [01;31m[K^~~~~~~~~~~~~~~~~~~~~[m[K
[4.083s] [01m[K/home/razanhmede/session9_turtlebot3_razan/session9_turtlebot3_assignmentcpp/src/turtlebot3robotcpp/src/lap_time_server.cpp:10:101:[m[K [01;31m[Kerror: [m[Kâ€˜[01m[Krclcpp::CallbackGroupType::MutuallyExclusive[m[Kâ€™ cannot be used as a function
[4.083s]    10 |     subscription_cb_group = this->create_callback_group([01;31m[Krclcpp::CallbackGroupType::MutuallyExclusive()[m[K);
[4.083s]       |                                                         [01;31m[K~~~~~~~~~~~~~~~~~~~~~~~~~~~~~~~~~~~~~~~~~~~~^~[m[K
[4.094s] [01m[K/home/razanhmede/session9_turtlebot3_razan/session9_turtlebot3_assignmentcpp/src/turtlebot3robotcpp/src/lap_time_server.cpp:11:5:[m[K [01;31m[Kerror: [m[Kâ€˜[01m[Ktimer_cb_group[m[Kâ€™ was not declared in this scope
[4.094s]    11 |     [01;31m[Ktimer_cb_group[m[K = this->create_callback_group(rclcpp::CallbackGroupType::MutuallyExclusive());
[4.094s]       |     [01;31m[K^~~~~~~~~~~~~~[m[K
[4.094s] [01m[K/home/razanhmede/session9_turtlebot3_razan/session9_turtlebot3_assignmentcpp/src/turtlebot3robotcpp/src/lap_time_server.cpp:11:94:[m[K [01;31m[Kerror: [m[Kâ€˜[01m[Krclcpp::CallbackGroupType::MutuallyExclusive[m[Kâ€™ cannot be used as a function
[4.094s]    11 |     timer_cb_group = this->create_callback_group([01;31m[Krclcpp::CallbackGroupType::MutuallyExclusive()[m[K);
[4.094s]       |                                                  [01;31m[K~~~~~~~~~~~~~~~~~~~~~~~~~~~~~~~~~~~~~~~~~~~~^~[m[K
[4.094s] [01m[K/home/razanhmede/session9_turtlebot3_razan/session9_turtlebot3_assignmentcpp/src/turtlebot3robotcpp/src/lap_time_server.cpp:13:11:[m[K [01;31m[Kerror: [m[Kâ€˜[01m[Kclass LapTimeServer[m[Kâ€™ has no member named â€˜[01m[Kaction_server[m[Kâ€™; did you mean â€˜[01m[Kaction_server_[m[Kâ€™?
[4.094s]    13 |     this->[01;31m[Kaction_server[m[K = rclcpp_action::create_server<MeasureLapTime>(
[4.094s]       |           [01;31m[K^~~~~~~~~~~~~[m[K
[4.094s]       |           [32m[Kaction_server_[m[K
[4.174s] [01m[K/home/razanhmede/session9_turtlebot3_razan/session9_turtlebot3_assignmentcpp/src/turtlebot3robotcpp/src/lap_time_server.cpp:25:5:[m[K [01;31m[Kerror: [m[Kâ€˜[01m[Ksubscriber[m[Kâ€™ was not declared in this scope
[4.174s]    25 |     [01;31m[Ksubscriber[m[K = this->create_subscription<nav_msgs::msg::Odometry>(
[4.174s]       |     [01;31m[K^~~~~~~~~~[m[K
[4.186s] [01m[K/home/razanhmede/session9_turtlebot3_razan/session9_turtlebot3_assignmentcpp/src/turtlebot3robotcpp/src/lap_time_server.cpp:32:5:[m[K [01;31m[Kerror: [m[Kâ€˜[01m[Kx[m[Kâ€™ was not declared in this scope
[4.186s]    32 |     [01;31m[Kx[m[K = y = start_x = start_y = 0.0;
[4.186s]       |     [01;31m[K^[m[K
[4.193s] [01m[K/home/razanhmede/session9_turtlebot3_razan/session9_turtlebot3_assignmentcpp/src/turtlebot3robotcpp/src/lap_time_server.cpp:32:9:[m[K [01;31m[Kerror: [m[Kâ€˜[01m[Ky[m[Kâ€™ was not declared in this scope; did you mean â€˜[01m[Kyn[m[Kâ€™?
[4.193s]    32 |     x = [01;31m[Ky[m[K = start_x = start_y = 0.0;
[4.193s]       |         [01;31m[K^[m[K
[4.193s]       |         [32m[Kyn[m[K
[4.200s] [01m[K/home/razanhmede/session9_turtlebot3_razan/session9_turtlebot3_assignmentcpp/src/turtlebot3robotcpp/src/lap_time_server.cpp:32:13:[m[K [01;31m[Kerror: [m[Kâ€˜[01m[Kstart_x[m[Kâ€™ was not declared in this scope
[4.200s]    32 |     x = y = [01;31m[Kstart_x[m[K = start_y = 0.0;
[4.201s]       |             [01;31m[K^~~~~~~[m[K
[4.208s] [01m[K/home/razanhmede/session9_turtlebot3_razan/session9_turtlebot3_assignmentcpp/src/turtlebot3robotcpp/src/lap_time_server.cpp:32:23:[m[K [01;31m[Kerror: [m[Kâ€˜[01m[Kstart_y[m[Kâ€™ was not declared in this scope
[4.208s]    32 |     x = y = start_x = [01;31m[Kstart_y[m[K = 0.0;
[4.208s]       |                       [01;31m[K^~~~~~~[m[K
[4.214s] [01m[K/home/razanhmede/session9_turtlebot3_razan/session9_turtlebot3_assignmentcpp/src/turtlebot3robotcpp/src/lap_time_server.cpp:33:5:[m[K [01;31m[Kerror: [m[Kâ€˜[01m[Kfeedback_msg[m[Kâ€™ was not declared in this scope; did you mean â€˜[01m[Kfeedback_msg_[m[Kâ€™?
[4.214s]    33 |     [01;31m[Kfeedback_msg[m[K = std::make_shared<MeasureLapTime::Feedback>();
[4.214s]       |     [01;31m[K^~~~~~~~~~~~[m[K
[4.214s]       |     [32m[Kfeedback_msg_[m[K
[4.222s] [01m[K/home/razanhmede/session9_turtlebot3_razan/session9_turtlebot3_assignmentcpp/src/turtlebot3robotcpp/src/lap_time_server.cpp:[m[K In member function â€˜[01m[Kvoid LapTimeServer::odometry_callback(nav_msgs::msg::Odometry_<std::allocator<void> >::SharedPtr)[m[Kâ€™:
[4.222s] [01m[K/home/razanhmede/session9_turtlebot3_razan/session9_turtlebot3_assignmentcpp/src/turtlebot3robotcpp/src/lap_time_server.cpp:40:5:[m[K [01;31m[Kerror: [m[Kâ€˜[01m[Kx[m[Kâ€™ was not declared in this scope
[4.223s]    40 |     [01;31m[Kx[m[K = msg->pose.pose.position.x;
[4.223s]       |     [01;31m[K^[m[K
[4.231s] [01m[K/home/razanhmede/session9_turtlebot3_razan/session9_turtlebot3_assignmentcpp/src/turtlebot3robotcpp/src/lap_time_server.cpp:41:5:[m[K [01;31m[Kerror: [m[Kâ€˜[01m[Ky[m[Kâ€™ was not declared in this scope; did you mean â€˜[01m[Kyn[m[Kâ€™?
[4.231s]    41 |     [01;31m[Ky[m[K = msg->pose.pose.position.y;
[4.231s]       |     [01;31m[K^[m[K
[4.231s]       |     [32m[Kyn[m[K
[4.241s] [01m[K/home/razanhmede/session9_turtlebot3_razan/session9_turtlebot3_assignmentcpp/src/turtlebot3robotcpp/src/lap_time_server.cpp:42:5:[m[K [01;31m[Kerror: [m[Kâ€˜[01m[Kcurrent_time[m[Kâ€™ was not declared in this scope; did you mean â€˜[01m[Kcurrent_time_[m[Kâ€™?
[4.241s]    42 |     [01;31m[Kcurrent_time[m[K = std::chrono::duration<double>(msg->header.stamp.nanosec * 1e-9 + msg->header.stamp.sec).count();
[4.242s]       |     [01;31m[K^~~~~~~~~~~~[m[K
[4.242s]       |     [32m[Kcurrent_time_[m[K
[4.248s] [01m[K/home/razanhmede/session9_turtlebot3_razan/session9_turtlebot3_assignmentcpp/src/turtlebot3robotcpp/src/lap_time_server.cpp:[m[K In member function â€˜[01m[Kvoid LapTimeServer::handle_accepted(std::shared_ptr<rclcpp_action::ServerGoalHandle<navigation_robot_custom_interfaces::action::MeasureLapTime> >)[m[Kâ€™:
[4.248s] [01m[K/home/razanhmede/session9_turtlebot3_razan/session9_turtlebot3_assignmentcpp/src/turtlebot3robotcpp/src/lap_time_server.cpp:60:43:[m[K [01;31m[Kerror: [m[Kâ€˜[01m[Kexecute[m[Kâ€™ is not a member of â€˜[01m[KLapTimeServer[m[Kâ€™
[4.248s]    60 |     std::thread{std::bind(&LapTimeServer::[01;31m[Kexecute[m[K, this, _1), goal_handle}.detach();
[4.248s]       |                                           [01;31m[K^~~~~~~[m[K
[4.248s] [01m[K/home/razanhmede/session9_turtlebot3_razan/session9_turtlebot3_assignmentcpp/src/turtlebot3robotcpp/src/lap_time_server.cpp:60:74:[m[K [01;31m[Kerror: [m[Kno matching function for call to â€˜[01m[Kstd::thread::thread(<brace-enclosed initializer list>)[m[Kâ€™
[4.249s]    60 |     std::thread{std::bind(&LapTimeServer::execute, this, _1), goal_handle[01;31m[K}[m[K.detach();
[4.249s]       |                                                                          [01;31m[K^[m[K
[4.249s] In file included from [01m[K/usr/include/c++/11/future:48[m[K,
[4.249s]                  from [01m[K/opt/ros/humble/include/rclcpp/rclcpp/executors.hpp:18[m[K,
[4.249s]                  from [01m[K/opt/ros/humble/include/rclcpp/rclcpp/rclcpp.hpp:155[m[K,
[4.249s]                  from [01m[K/home/razanhmede/session9_turtlebot3_razan/session9_turtlebot3_assignmentcpp/src/turtlebot3robotcpp/include/turtlebot3robotcpp/lap_time_server.hpp:4[m[K,
[4.249s]                  from [01m[K/home/razanhmede/session9_turtlebot3_razan/session9_turtlebot3_assignmentcpp/src/turtlebot3robotcpp/src/lap_time_server.cpp:1[m[K:
[4.249s] [01m[K/usr/include/c++/11/bits/std_thread.h:127:7:[m[K [01;36m[Knote: [m[Kcandidate: â€˜[01m[Ktemplate<class _Callable, class ... _Args, class> std::thread::thread(_Callable&&, _Args&& ...)[m[Kâ€™
[4.249s]   127 |       [01;36m[Kthread[m[K(_Callable&& __f, _Args&&... __args)
[4.249s]       |       [01;36m[K^~~~~~[m[K
[4.249s] [01m[K/usr/include/c++/11/bits/std_thread.h:127:7:[m[K [01;36m[Knote: [m[K  template argument deduction/substitution failed:
[4.249s] [01m[K/usr/include/c++/11/bits/std_thread.h:157:5:[m[K [01;36m[Knote: [m[Kcandidate: â€˜[01m[Kstd::thread::thread(std::thread&&)[m[Kâ€™
[4.249s]   157 |     [01;36m[Kthread[m[K(thread&& __t) noexcept
[4.250s]       |     [01;36m[K^~~~~~[m[K
[4.250s] [01m[K/usr/include/c++/11/bits/std_thread.h:157:5:[m[K [01;36m[Knote: [m[K  candidate expects 1 argument, 2 provided
[4.250s] [01m[K/usr/include/c++/11/bits/std_thread.h:121:5:[m[K [01;36m[Knote: [m[Kcandidate: â€˜[01m[Kstd::thread::thread()[m[Kâ€™
[4.251s]   121 |     [01;36m[Kthread[m[K() noexcept = default;
[4.251s]       |     [01;36m[K^~~~~~[m[K
[4.251s] [01m[K/usr/include/c++/11/bits/std_thread.h:121:5:[m[K [01;36m[Knote: [m[K  candidate expects 0 arguments, 2 provided
[4.251s] [01m[K/home/razanhmede/session9_turtlebot3_razan/session9_turtlebot3_assignmentcpp/src/turtlebot3robotcpp/src/lap_time_server.cpp:[m[K At global scope:
[4.251s] [01m[K/home/razanhmede/session9_turtlebot3_razan/session9_turtlebot3_assignmentcpp/src/turtlebot3robotcpp/src/lap_time_server.cpp:63:6:[m[K [01;31m[Kerror: [m[Kno declaration matches â€˜[01m[Kvoid LapTimeServer::execute(std::shared_ptr<rclcpp_action::ServerGoalHandle<navigation_robot_custom_interfaces::action::MeasureLapTime> >)[m[Kâ€™
[4.251s]    63 | void [01;31m[KLapTimeServer[m[K::execute(const std::shared_ptr<GoalHandleMeasureLapTime> goal_handle) {
[4.251s]       |      [01;31m[K^~~~~~~~~~~~~[m[K
[4.251s] [01m[K/home/razanhmede/session9_turtlebot3_razan/session9_turtlebot3_assignmentcpp/src/turtlebot3robotcpp/src/lap_time_server.cpp:63:6:[m[K [01;36m[Knote: [m[Kno functions named â€˜[01m[Kvoid LapTimeServer::execute(std::shared_ptr<rclcpp_action::ServerGoalHandle<navigation_robot_custom_interfaces::action::MeasureLapTime> >)[m[Kâ€™
[4.251s] In file included from [01m[K/home/razanhmede/session9_turtlebot3_razan/session9_turtlebot3_assignmentcpp/src/turtlebot3robotcpp/src/lap_time_server.cpp:1[m[K:
[4.251s] [01m[K/home/razanhmede/session9_turtlebot3_razan/session9_turtlebot3_assignmentcpp/src/turtlebot3robotcpp/include/turtlebot3robotcpp/lap_time_server.hpp:9:7:[m[K [01;36m[Knote: [m[Kâ€˜[01m[Kclass LapTimeServer[m[Kâ€™ defined here
[4.251s]     9 | class [01;36m[KLapTimeServer[m[K : public rclcpp::Node
[4.251s]       |       [01;36m[K^~~~~~~~~~~~~[m[K
[4.251s] [01m[K/home/razanhmede/session9_turtlebot3_razan/session9_turtlebot3_assignmentcpp/src/turtlebot3robotcpp/src/lap_time_server.cpp:99:6:[m[K [01;31m[Kerror: [m[Kno declaration matches â€˜[01m[Kvoid LapTimeServer::publish_elapsed_time()[m[Kâ€™
[4.251s]    99 | void [01;31m[KLapTimeServer[m[K::publish_elapsed_time() {
[4.251s]       |      [01;31m[K^~~~~~~~~~~~~[m[K
[4.252s] [01m[K/home/razanhmede/session9_turtlebot3_razan/session9_turtlebot3_assignmentcpp/src/turtlebot3robotcpp/src/lap_time_server.cpp:99:6:[m[K [01;36m[Knote: [m[Kno functions named â€˜[01m[Kvoid LapTimeServer::publish_elapsed_time()[m[Kâ€™
[4.252s] In file included from [01m[K/home/razanhmede/session9_turtlebot3_razan/session9_turtlebot3_assignmentcpp/src/turtlebot3robotcpp/src/lap_time_server.cpp:1[m[K:
[4.252s] [01m[K/home/razanhmede/session9_turtlebot3_razan/session9_turtlebot3_assignmentcpp/src/turtlebot3robotcpp/include/turtlebot3robotcpp/lap_time_server.hpp:9:7:[m[K [01;36m[Knote: [m[Kâ€˜[01m[Kclass LapTimeServer[m[Kâ€™ defined here
[4.252s]     9 | class [01;36m[KLapTimeServer[m[K : public rclcpp::Node
[4.252s]       |       [01;36m[K^~~~~~~~~~~~~[m[K
[4.256s] [01m[K/home/razanhmede/session9_turtlebot3_razan/session9_turtlebot3_assignmentcpp/src/turtlebot3robotcpp/src/lap_time_server.cpp:[m[K In member function â€˜[01m[Kbool LapTimeServer::is_near_start_position()[m[Kâ€™:
[4.256s] [01m[K/home/razanhmede/session9_turtlebot3_razan/session9_turtlebot3_assignmentcpp/src/turtlebot3robotcpp/src/lap_time_server.cpp:106:42:[m[K [01;31m[Kerror: [m[Kâ€˜[01m[Kx[m[Kâ€™ was not declared in this scope
[4.256s]   106 |     double distance = std::sqrt(std::pow([01;31m[Kx[m[K - start_x, 2) + std::pow(y - start_y, 2));
[4.256s]       |                                          [01;31m[K^[m[K
[4.264s] [01m[K/home/razanhmede/session9_turtlebot3_razan/session9_turtlebot3_assignmentcpp/src/turtlebot3robotcpp/src/lap_time_server.cpp:106:46:[m[K [01;31m[Kerror: [m[Kâ€˜[01m[Kstart_x[m[Kâ€™ was not declared in this scope
[4.264s]   106 |     double distance = std::sqrt(std::pow(x - [01;31m[Kstart_x[m[K, 2) + std::pow(y - start_y, 2));
[4.264s]       |                                              [01;31m[K^~~~~~~[m[K
[4.271s] [01m[K/home/razanhmede/session9_turtlebot3_razan/session9_turtlebot3_assignmentcpp/src/turtlebot3robotcpp/src/lap_time_server.cpp:106:69:[m[K [01;31m[Kerror: [m[Kâ€˜[01m[Ky[m[Kâ€™ was not declared in this scope; did you mean â€˜[01m[Kyn[m[Kâ€™?
[4.271s]   106 |     double distance = std::sqrt(std::pow(x - start_x, 2) + std::pow([01;31m[Ky[m[K - start_y, 2));
[4.272s]       |                                                                     [01;31m[K^[m[K
[4.272s]       |                                                                     [32m[Kyn[m[K
[4.280s] [01m[K/home/razanhmede/session9_turtlebot3_razan/session9_turtlebot3_assignmentcpp/src/turtlebot3robotcpp/src/lap_time_server.cpp:106:73:[m[K [01;31m[Kerror: [m[Kâ€˜[01m[Kstart_y[m[Kâ€™ was not declared in this scope
[4.280s]   106 |     double distance = std::sqrt(std::pow(x - start_x, 2) + std::pow(y - [01;31m[Kstart_y[m[K, 2));
[4.280s]       |                                                                         [01;31m[K^~~~~~~[m[K
[4.829s] gmake[2]: *** [CMakeFiles/lap_time_client.dir/build.make:76: CMakeFiles/lap_time_client.dir/src/lap_time_client.cpp.o] Error 1
[4.829s] gmake[1]: *** [CMakeFiles/Makefile2:221: CMakeFiles/lap_time_client.dir/all] Error 2
[4.829s] gmake[1]: *** Waiting for unfinished jobs....
[7.042s] gmake[2]: *** [CMakeFiles/lap_time_server.dir/build.make:76: CMakeFiles/lap_time_server.dir/src/lap_time_server.cpp.o] Error 1
[7.043s] gmake[1]: *** [CMakeFiles/Makefile2:195: CMakeFiles/lap_time_server.dir/all] Error 2
[7.043s] gmake: *** [Makefile:146: all] Error 2
[7.045s] Invoked command in '/home/razanhmede/session9_turtlebot3_razan/session9_turtlebot3_assignmentcpp/build/turtlebot3robotcpp' returned '2': CMAKE_PREFIX_PATH=/home/razanhmede/session9_turtlebot3_razan/session9_turtlebot3_assignmentcpp/install/navigation_robot_custom_interfaces:/home/razanhmede/session9_turtlebot3_razan/session9_turtlebot3_assignmentcpp/install/turtlebot3robotcpp:/opt/ros/humble /usr/bin/cmake --build /home/razanhmede/session9_turtlebot3_razan/session9_turtlebot3_assignmentcpp/build/turtlebot3robotcpp -- -j4 -l4
