[ 50%] Built target robot_driver_node
[35m[1mConsolidate compiler generated dependencies of target wall_finder_server[0m
[ 75%] [32mBuilding CXX object CMakeFiles/wall_finder_server.dir/src/wall_finder_server.cpp.o[0m
In file included from [01m[K/home/razanhmede/session9_turtlebot3_razan/session9_turtlebot3_assignmentcpp/src/turtlebot3robotcpp/src/wall_finder_server.cpp:1[m[K:
[01m[K/home/razanhmede/session9_turtlebot3_razan/session9_turtlebot3_assignmentcpp/src/turtlebot3robotcpp/include/turtlebot3robotcpp/wall_finder_server.hpp:5:10:[m[K [01;31m[Kfatal error: [m[Knavigation_robot_custom_interfaces/srv/FindClosestWall.hpp: No such file or directory
    5 | #include [01;31m[K<navigation_robot_custom_interfaces/srv/FindClosestWall.hpp>[m[K
      |          [01;31m[K^~~~~~~~~~~~~~~~~~~~~~~~~~~~~~~~~~~~~~~~~~~~~~~~~~~~~~~~~~~~[m[K
compilation terminated.
gmake[2]: *** [CMakeFiles/wall_finder_server.dir/build.make:76: CMakeFiles/wall_finder_server.dir/src/wall_finder_server.cpp.o] Error 1
gmake[1]: *** [CMakeFiles/Makefile2:165: CMakeFiles/wall_finder_server.dir/all] Error 2
gmake: *** [Makefile:146: all] Error 2
