[01m[K/home/razanhmede/session9_turtlebot3_razan/session9_turtlebot3_assignmentcpp/src/turtlebot3robotcpp/src/lap_time_server.cpp:30:6:[m[K [01;31m[Kerror: [m[Kno declaration matches â€˜[01m[Kvoid LapTimeServer::odometry_callback(nav_msgs::msg::Odometry_<std::allocator<void> >::SharedPtr)[m[Kâ€™
   30 | void [01;31m[KLapTimeServer[m[K::odometry_callback(const nav_msgs::msg::Odometry::SharedPtr msg)
      |      [01;31m[K^~~~~~~~~~~~~[m[K
In file included from [01m[K/home/razanhmede/session9_turtlebot3_razan/session9_turtlebot3_assignmentcpp/src/turtlebot3robotcpp/src/lap_time_server.cpp:1[m[K:
[01m[K/home/razanhmede/session9_turtlebot3_razan/session9_turtlebot3_assignmentcpp/src/turtlebot3robotcpp/include/turtlebot3robotcpp/lap_time_server.hpp:21:10:[m[K [01;36m[Knote: [m[Kcandidate is: â€˜[01m[Kvoid LapTimeServer::odometry_callback(const Odometry&)[m[Kâ€™
   21 |     void [01;36m[Kodometry_callback[m[K(const nav_msgs::msg::Odometry &msg);
      |          [01;36m[K^~~~~~~~~~~~~~~~~[m[K
[01m[K/home/razanhmede/session9_turtlebot3_razan/session9_turtlebot3_assignmentcpp/src/turtlebot3robotcpp/include/turtlebot3robotcpp/lap_time_server.hpp:11:7:[m[K [01;36m[Knote: [m[Kâ€˜[01m[Kclass LapTimeServer[m[Kâ€™ defined here
   11 | class [01;36m[KLapTimeServer[m[K : public rclcpp::Node
      |       [01;36m[K^~~~~~~~~~~~~[m[K
gmake[2]: *** [CMakeFiles/lap_time_server.dir/build.make:76: CMakeFiles/lap_time_server.dir/src/lap_time_server.cpp.o] Error 1
gmake[1]: *** [CMakeFiles/Makefile2:195: CMakeFiles/lap_time_server.dir/all] Error 2
gmake: *** [Makefile:146: all] Error 2
