[0.064s] Invoking command in '/home/razanhmede/session9_turtlebot3_razan/session9_turtlebot3_assignmentcpp/build/turtlebot3robotcpp': CMAKE_PREFIX_PATH=/home/razanhmede/session9_turtlebot3_razan/session9_turtlebot3_assignmentcpp/install/navigation_robot_custom_interfaces:/home/razanhmede/session9_turtlebot3_razan/session9_turtlebot3_assignmentcpp/install/turtlebot3robotcpp:/opt/ros/humble /usr/bin/cmake --build /home/razanhmede/session9_turtlebot3_razan/session9_turtlebot3_assignmentcpp/build/turtlebot3robotcpp -- -j4 -l4
[0.384s] [ 25%] Built target robot_driver_node
[0.532s] [ 50%] Built target lap_time_client
[0.616s] [35m[1mConsolidate compiler generated dependencies of target lap_time_server[0m
[0.716s] [ 62%] [32mBuilding CXX object CMakeFiles/lap_time_server.dir/src/lap_time_server.cpp.o[0m
[11.082s] [01m[K/home/razanhmede/session9_turtlebot3_razan/session9_turtlebot3_assignmentcpp/src/turtlebot3robotcpp/src/lap_time_server.cpp:[m[K In member function â€˜[01m[Kvoid LapTimeServer::execute(std::shared_ptr<rclcpp_action::ServerGoalHandle<navigation_robot_custom_interfaces::action::MeasureLapTime> >)[m[Kâ€™:
[11.082s] [01m[K/home/razanhmede/session9_turtlebot3_razan/session9_turtlebot3_assignmentcpp/src/turtlebot3robotcpp/src/lap_time_server.cpp:109:38:[m[K [01;31m[Kerror: [m[Kâ€˜[01m[Kusing element_type = class rclcpp_action::ServerGoalHandle<navigation_robot_custom_interfaces::action::MeasureLapTime>[m[Kâ€™ {aka â€˜[01m[Kclass rclcpp_action::ServerGoalHandle<navigation_robot_custom_interfaces::action::MeasureLapTime>[m[Kâ€™} has no member named â€˜[01m[Kget_status[m[Kâ€™
[11.082s]   109 |                     if (goal_handle->[01;31m[Kget_status[m[K() == rclcpp_action::GoalStatus::SUCCEEDED ||
[11.082s]       |                                      [01;31m[K^~~~~~~~~~[m[K
[11.083s] [01m[K/home/razanhmede/session9_turtlebot3_razan/session9_turtlebot3_assignmentcpp/src/turtlebot3robotcpp/src/lap_time_server.cpp:109:81:[m[K [01;31m[Kerror: [m[Kâ€˜[01m[KSUCCEEDED[m[Kâ€™ is not a member of â€˜[01m[Krclcpp_action::GoalStatus[m[Kâ€™ {aka â€˜[01m[Kaction_msgs::msg::GoalStatus_<std::allocator<void> >[m[Kâ€™}
[11.083s]   109 |                     if (goal_handle->get_status() == rclcpp_action::GoalStatus::[01;31m[KSUCCEEDED[m[K ||
[11.083s]       |                                                                                 [01;31m[K^~~~~~~~~[m[K
[11.083s] [01m[K/home/razanhmede/session9_turtlebot3_razan/session9_turtlebot3_assignmentcpp/src/turtlebot3robotcpp/src/lap_time_server.cpp:110:38:[m[K [01;31m[Kerror: [m[Kâ€˜[01m[Kusing element_type = class rclcpp_action::ServerGoalHandle<navigation_robot_custom_interfaces::action::MeasureLapTime>[m[Kâ€™ {aka â€˜[01m[Kclass rclcpp_action::ServerGoalHandle<navigation_robot_custom_interfaces::action::MeasureLapTime>[m[Kâ€™} has no member named â€˜[01m[Kget_status[m[Kâ€™
[11.083s]   110 |                         goal_handle->[01;31m[Kget_status[m[K() == rclcpp_action::GoalStatus::CANCELED) {
[11.083s]       |                                      [01;31m[K^~~~~~~~~~[m[K
[11.083s] [01m[K/home/razanhmede/session9_turtlebot3_razan/session9_turtlebot3_assignmentcpp/src/turtlebot3robotcpp/src/lap_time_server.cpp:110:81:[m[K [01;31m[Kerror: [m[Kâ€˜[01m[KCANCELED[m[Kâ€™ is not a member of â€˜[01m[Krclcpp_action::GoalStatus[m[Kâ€™ {aka â€˜[01m[Kaction_msgs::msg::GoalStatus_<std::allocator<void> >[m[Kâ€™}
[11.083s]   110 |                         goal_handle->get_status() == rclcpp_action::GoalStatus::[01;31m[KCANCELED[m[K) {
[11.083s]       |                                                                                 [01;31m[K^~~~~~~~[m[K
[11.095s] [01m[K/home/razanhmede/session9_turtlebot3_razan/session9_turtlebot3_assignmentcpp/src/turtlebot3robotcpp/src/lap_time_server.cpp:128:30:[m[K [01;31m[Kerror: [m[Kâ€˜[01m[Kusing element_type = class rclcpp_action::ServerGoalHandle<navigation_robot_custom_interfaces::action::MeasureLapTime>[m[Kâ€™ {aka â€˜[01m[Kclass rclcpp_action::ServerGoalHandle<navigation_robot_custom_interfaces::action::MeasureLapTime>[m[Kâ€™} has no member named â€˜[01m[Kget_status[m[Kâ€™
[11.095s]   128 |             if (goal_handle->[01;31m[Kget_status[m[K() == rclcpp_action::GoalStatus::ACTIVE) {
[11.096s]       |                              [01;31m[K^~~~~~~~~~[m[K
[11.096s] [01m[K/home/razanhmede/session9_turtlebot3_razan/session9_turtlebot3_assignmentcpp/src/turtlebot3robotcpp/src/lap_time_server.cpp:128:73:[m[K [01;31m[Kerror: [m[Kâ€˜[01m[KACTIVE[m[Kâ€™ is not a member of â€˜[01m[Krclcpp_action::GoalStatus[m[Kâ€™ {aka â€˜[01m[Kaction_msgs::msg::GoalStatus_<std::allocator<void> >[m[Kâ€™}
[11.096s]   128 |             if (goal_handle->get_status() == rclcpp_action::GoalStatus::[01;31m[KACTIVE[m[K) {
[11.097s]       |                                                                         [01;31m[K^~~~~~[m[K
[11.097s] [01m[K/home/razanhmede/session9_turtlebot3_razan/session9_turtlebot3_assignmentcpp/src/turtlebot3robotcpp/src/lap_time_server.cpp:142:26:[m[K [01;31m[Kerror: [m[Kâ€˜[01m[Kusing element_type = class rclcpp_action::ServerGoalHandle<navigation_robot_custom_interfaces::action::MeasureLapTime>[m[Kâ€™ {aka â€˜[01m[Kclass rclcpp_action::ServerGoalHandle<navigation_robot_custom_interfaces::action::MeasureLapTime>[m[Kâ€™} has no member named â€˜[01m[Kget_status[m[Kâ€™
[11.097s]   142 |         if (goal_handle->[01;31m[Kget_status[m[K() == rclcpp_action::GoalStatus::ACTIVE) {
[11.097s]       |                          [01;31m[K^~~~~~~~~~[m[K
[11.098s] [01m[K/home/razanhmede/session9_turtlebot3_razan/session9_turtlebot3_assignmentcpp/src/turtlebot3robotcpp/src/lap_time_server.cpp:142:69:[m[K [01;31m[Kerror: [m[Kâ€˜[01m[KACTIVE[m[Kâ€™ is not a member of â€˜[01m[Krclcpp_action::GoalStatus[m[Kâ€™ {aka â€˜[01m[Kaction_msgs::msg::GoalStatus_<std::allocator<void> >[m[Kâ€™}
[11.098s]   142 |         if (goal_handle->get_status() == rclcpp_action::GoalStatus::[01;31m[KACTIVE[m[K) {
[11.098s]       |                                                                     [01;31m[K^~~~~~[m[K
[18.743s] gmake[2]: *** [CMakeFiles/lap_time_server.dir/build.make:76: CMakeFiles/lap_time_server.dir/src/lap_time_server.cpp.o] Error 1
[18.743s] gmake[1]: *** [CMakeFiles/Makefile2:195: CMakeFiles/lap_time_server.dir/all] Error 2
[18.745s] gmake: *** [Makefile:146: all] Error 2
[18.760s] Invoked command in '/home/razanhmede/session9_turtlebot3_razan/session9_turtlebot3_assignmentcpp/build/turtlebot3robotcpp' returned '2': CMAKE_PREFIX_PATH=/home/razanhmede/session9_turtlebot3_razan/session9_turtlebot3_assignmentcpp/install/navigation_robot_custom_interfaces:/home/razanhmede/session9_turtlebot3_razan/session9_turtlebot3_assignmentcpp/install/turtlebot3robotcpp:/opt/ros/humble /usr/bin/cmake --build /home/razanhmede/session9_turtlebot3_razan/session9_turtlebot3_assignmentcpp/build/turtlebot3robotcpp -- -j4 -l4
