[0.014s] Invoking command in '/home/razanhmede/session9_turtlebot3_razan/session9_turtlebot3_assignmentcpp/build/turtlebot3robotcpp': CMAKE_PREFIX_PATH=/home/razanhmede/session9_turtlebot3_razan/session9_turtlebot3_assignmentcpp/install/navigation_robot_custom_interfaces:/home/razanhmede/session9_turtlebot3_razan/session9_turtlebot3_assignmentcpp/install/turtlebot3robotcpp:/opt/ros/humble /usr/bin/cmake --build /home/razanhmede/session9_turtlebot3_razan/session9_turtlebot3_assignmentcpp/build/turtlebot3robotcpp -- -j4 -l4
[0.110s] [ 25%] Built target robot_driver_node
[0.115s] [ 37%] [32mBuilding CXX object CMakeFiles/lap_time_server.dir/src/lap_time_server.cpp.o[0m
[0.116s] [ 50%] [32mBuilding CXX object CMakeFiles/lap_time_client.dir/src/lap_time_client.cpp.o[0m
[0.119s] [ 75%] Built target wall_finder_server
[5.228s] [01m[K/home/razanhmede/session9_turtlebot3_razan/session9_turtlebot3_assignmentcpp/src/turtlebot3robotcpp/src/lap_time_client.cpp:5:30:[m[K [01;31m[Kerror: [m[Kâ€˜[01m[Kcustom_interfaces[m[Kâ€™ does not name a type
[5.229s]     5 | using MeasureLapTimeAction = [01;31m[Kcustom_interfaces[m[K::action::MeasureLapTime;
[5.229s]       |                              [01;31m[K^~~~~~~~~~~~~~~~~[m[K
[5.244s] [01m[K/home/razanhmede/session9_turtlebot3_razan/session9_turtlebot3_assignmentcpp/src/turtlebot3robotcpp/src/lap_time_client.cpp:6:66:[m[K [01;31m[Kerror: [m[Kâ€˜[01m[KMeasureLapTimeAction[m[Kâ€™ was not declared in this scope
[5.244s]     6 | using MeasureLapTimeGoalHandle = rclcpp_action::ClientGoalHandle<[01;31m[KMeasureLapTimeAction[m[K>;
[5.244s]       |                                                                  [01;31m[K^~~~~~~~~~~~~~~~~~~~[m[K
[5.246s] [01m[K/home/razanhmede/session9_turtlebot3_razan/session9_turtlebot3_assignmentcpp/src/turtlebot3robotcpp/src/lap_time_client.cpp:6:86:[m[K [01;31m[Kerror: [m[Ktemplate argument 1 is invalid
[5.246s]     6 | using MeasureLapTimeGoalHandle = rclcpp_action::ClientGoalHandle<MeasureLapTimeAction[01;31m[K>[m[K;
[5.247s]       |                                                                                      [01;31m[K^[m[K
[5.248s] [01m[K/home/razanhmede/session9_turtlebot3_razan/session9_turtlebot3_assignmentcpp/src/turtlebot3robotcpp/src/lap_time_client.cpp:8:7:[m[K [01;31m[Kerror: [m[Kredefinition of â€˜[01m[Kclass LapTimeClient[m[Kâ€™
[5.248s]     8 | class [01;31m[KLapTimeClient[m[K : public rclcpp::Node {
[5.248s]       |       [01;31m[K^~~~~~~~~~~~~[m[K
[5.251s] In file included from [01m[K/home/razanhmede/session9_turtlebot3_razan/session9_turtlebot3_assignmentcpp/src/turtlebot3robotcpp/src/lap_time_client.cpp:1[m[K:
[5.251s] [01m[K/home/razanhmede/session9_turtlebot3_razan/session9_turtlebot3_assignmentcpp/src/turtlebot3robotcpp/include/turtlebot3robotcpp/lap_time_client.hpp:9:7:[m[K [01;36m[Knote: [m[Kprevious definition of â€˜[01m[Kclass LapTimeClient[m[Kâ€™
[5.251s]     9 | class [01;36m[KLapTimeClient[m[K : public rclcpp::Node
[5.251s]       |       [01;36m[K^~~~~~~~~~~~~[m[K
[5.262s] [01m[K/home/razanhmede/session9_turtlebot3_razan/session9_turtlebot3_assignmentcpp/src/turtlebot3robotcpp/src/lap_time_client.cpp:[m[K In function â€˜[01m[Kint main(int, char**)[m[Kâ€™:
[5.263s] [01m[K/home/razanhmede/session9_turtlebot3_razan/session9_turtlebot3_assignmentcpp/src/turtlebot3robotcpp/src/lap_time_client.cpp:87:18:[m[K [01;31m[Kerror: [m[Kâ€˜[01m[Kusing element_type = class LapTimeClient[m[Kâ€™ {aka â€˜[01m[Kclass LapTimeClient[m[Kâ€™} has no member named â€˜[01m[KsendGoal[m[Kâ€™; did you mean â€˜[01m[Ksend_goal[m[Kâ€™?
[5.263s]    87 |     client_node->[01;31m[KsendGoal[m[K();
[5.263s]       |                  [01;31m[K^~~~~~~~[m[K
[5.263s]       |                  [32m[Ksend_goal[m[K
[5.351s] [01m[K/home/razanhmede/session9_turtlebot3_razan/session9_turtlebot3_assignmentcpp/src/turtlebot3robotcpp/src/lap_time_server.cpp:4:24:[m[K [01;31m[Kerror: [m[Kâ€˜[01m[Kcustom_interfaces[m[Kâ€™ does not name a type
[5.351s]     4 | using MeasureLapTime = [01;31m[Kcustom_interfaces[m[K::action::MeasureLapTime;
[5.351s]       |                        [01;31m[K^~~~~~~~~~~~~~~~~[m[K
[5.352s] [01m[K/home/razanhmede/session9_turtlebot3_razan/session9_turtlebot3_assignmentcpp/src/turtlebot3robotcpp/src/lap_time_server.cpp:5:66:[m[K [01;31m[Kerror: [m[Kâ€˜[01m[KMeasureLapTime[m[Kâ€™ was not declared in this scope; did you mean â€˜[01m[Knavigation_robot_custom_interfaces::action::MeasureLapTime[m[Kâ€™?
[5.352s]     5 | using GoalHandleMeasureLapTime = rclcpp_action::ServerGoalHandle<[01;31m[KMeasureLapTime[m[K>;
[5.352s]       |                                                                  [01;31m[K^~~~~~~~~~~~~~[m[K
[5.352s]       |                                                                  [32m[Knavigation_robot_custom_interfaces::action::MeasureLapTime[m[K
[5.353s] In file included from [01m[K/home/razanhmede/session9_turtlebot3_razan/session9_turtlebot3_assignmentcpp/build/navigation_robot_custom_interfaces/rosidl_generator_cpp/navigation_robot_custom_interfaces/action/measure_lap_time.hpp:7[m[K,
[5.353s]                  from [01m[K/home/razanhmede/session9_turtlebot3_razan/session9_turtlebot3_assignmentcpp/src/turtlebot3robotcpp/include/turtlebot3robotcpp/lap_time_server.hpp:7[m[K,
[5.353s]                  from [01m[K/home/razanhmede/session9_turtlebot3_razan/session9_turtlebot3_assignmentcpp/src/turtlebot3robotcpp/src/lap_time_server.cpp:1[m[K:
[5.353s] [01m[K/home/razanhmede/session9_turtlebot3_razan/session9_turtlebot3_assignmentcpp/build/navigation_robot_custom_interfaces/rosidl_generator_cpp/navigation_robot_custom_interfaces/action/detail/measure_lap_time__struct.hpp:1050:31:[m[K [01;36m[Knote: [m[Kâ€˜[01m[Knavigation_robot_custom_interfaces::action::MeasureLapTime[m[Kâ€™ declared here
[5.353s]  1050 | typedef struct MeasureLapTime [01;36m[KMeasureLapTime[m[K;
[5.354s]       |                               [01;36m[K^~~~~~~~~~~~~~[m[K
[5.354s] [01m[K/home/razanhmede/session9_turtlebot3_razan/session9_turtlebot3_assignmentcpp/src/turtlebot3robotcpp/src/lap_time_server.cpp:5:80:[m[K [01;31m[Kerror: [m[Ktemplate argument 1 is invalid
[5.354s]     5 | using GoalHandleMeasureLapTime = rclcpp_action::ServerGoalHandle<MeasureLapTime[01;31m[K>[m[K;
[5.354s]       |                                                                                [01;31m[K^[m[K
[5.375s] [01m[K/home/razanhmede/session9_turtlebot3_razan/session9_turtlebot3_assignmentcpp/src/turtlebot3robotcpp/src/lap_time_server.cpp:[m[K In constructor â€˜[01m[KLapTimeServer::LapTimeServer()[m[Kâ€™:
[5.376s] [01m[K/home/razanhmede/session9_turtlebot3_razan/session9_turtlebot3_assignmentcpp/src/turtlebot3robotcpp/src/lap_time_server.cpp:9:5:[m[K [01;31m[Kerror: [m[Kâ€˜[01m[Kservice_cb_group[m[Kâ€™ was not declared in this scope
[5.376s]     9 |     [01;31m[Kservice_cb_group[m[K = this->create_callback_group(rclcpp::CallbackGroupType::MutuallyExclusive());
[5.376s]       |     [01;31m[K^~~~~~~~~~~~~~~~[m[K
[5.376s] [01m[K/home/razanhmede/session9_turtlebot3_razan/session9_turtlebot3_assignmentcpp/src/turtlebot3robotcpp/src/lap_time_server.cpp:9:96:[m[K [01;31m[Kerror: [m[Kâ€˜[01m[Krclcpp::CallbackGroupType::MutuallyExclusive[m[Kâ€™ cannot be used as a function
[5.376s]     9 |     service_cb_group = this->create_callback_group([01;31m[Krclcpp::CallbackGroupType::MutuallyExclusive()[m[K);
[5.376s]       |                                                    [01;31m[K~~~~~~~~~~~~~~~~~~~~~~~~~~~~~~~~~~~~~~~~~~~~^~[m[K
[5.407s] [01m[K/home/razanhmede/session9_turtlebot3_razan/session9_turtlebot3_assignmentcpp/src/turtlebot3robotcpp/src/lap_time_server.cpp:10:5:[m[K [01;31m[Kerror: [m[Kâ€˜[01m[Ksubscription_cb_group[m[Kâ€™ was not declared in this scope
[5.408s]    10 |     [01;31m[Ksubscription_cb_group[m[K = this->create_callback_group(rclcpp::CallbackGroupType::MutuallyExclusive());
[5.408s]       |     [01;31m[K^~~~~~~~~~~~~~~~~~~~~[m[K
[5.408s] [01m[K/home/razanhmede/session9_turtlebot3_razan/session9_turtlebot3_assignmentcpp/src/turtlebot3robotcpp/src/lap_time_server.cpp:10:101:[m[K [01;31m[Kerror: [m[Kâ€˜[01m[Krclcpp::CallbackGroupType::MutuallyExclusive[m[Kâ€™ cannot be used as a function
[5.408s]    10 |     subscription_cb_group = this->create_callback_group([01;31m[Krclcpp::CallbackGroupType::MutuallyExclusive()[m[K);
[5.408s]       |                                                         [01;31m[K~~~~~~~~~~~~~~~~~~~~~~~~~~~~~~~~~~~~~~~~~~~~^~[m[K
[5.427s] [01m[K/home/razanhmede/session9_turtlebot3_razan/session9_turtlebot3_assignmentcpp/src/turtlebot3robotcpp/src/lap_time_server.cpp:11:5:[m[K [01;31m[Kerror: [m[Kâ€˜[01m[Ktimer_cb_group[m[Kâ€™ was not declared in this scope
[5.427s]    11 |     [01;31m[Ktimer_cb_group[m[K = this->create_callback_group(rclcpp::CallbackGroupType::MutuallyExclusive());
[5.427s]       |     [01;31m[K^~~~~~~~~~~~~~[m[K
[5.427s] [01m[K/home/razanhmede/session9_turtlebot3_razan/session9_turtlebot3_assignmentcpp/src/turtlebot3robotcpp/src/lap_time_server.cpp:11:94:[m[K [01;31m[Kerror: [m[Kâ€˜[01m[Krclcpp::CallbackGroupType::MutuallyExclusive[m[Kâ€™ cannot be used as a function
[5.427s]    11 |     timer_cb_group = this->create_callback_group([01;31m[Krclcpp::CallbackGroupType::MutuallyExclusive()[m[K);
[5.427s]       |                                                  [01;31m[K~~~~~~~~~~~~~~~~~~~~~~~~~~~~~~~~~~~~~~~~~~~~^~[m[K
[5.428s] [01m[K/home/razanhmede/session9_turtlebot3_razan/session9_turtlebot3_assignmentcpp/src/turtlebot3robotcpp/src/lap_time_server.cpp:13:11:[m[K [01;31m[Kerror: [m[Kâ€˜[01m[Kclass LapTimeServer[m[Kâ€™ has no member named â€˜[01m[Kaction_server[m[Kâ€™; did you mean â€˜[01m[Kaction_server_[m[Kâ€™?
[5.428s]    13 |     this->[01;31m[Kaction_server[m[K = rclcpp_action::create_server<MeasureLapTime>(
[5.428s]       |           [01;31m[K^~~~~~~~~~~~~[m[K
[5.428s]       |           [32m[Kaction_server_[m[K
[5.484s] [01m[K/home/razanhmede/session9_turtlebot3_razan/session9_turtlebot3_assignmentcpp/src/turtlebot3robotcpp/src/lap_time_server.cpp:25:5:[m[K [01;31m[Kerror: [m[Kâ€˜[01m[Ksubscriber[m[Kâ€™ was not declared in this scope
[5.484s]    25 |     [01;31m[Ksubscriber[m[K = this->create_subscription<nav_msgs::msg::Odometry>(
[5.484s]       |     [01;31m[K^~~~~~~~~~[m[K
[5.499s] [01m[K/home/razanhmede/session9_turtlebot3_razan/session9_turtlebot3_assignmentcpp/src/turtlebot3robotcpp/src/lap_time_server.cpp:32:5:[m[K [01;31m[Kerror: [m[Kâ€˜[01m[Kx[m[Kâ€™ was not declared in this scope
[5.499s]    32 |     [01;31m[Kx[m[K = y = start_x = start_y = 0.0;
[5.499s]       |     [01;31m[K^[m[K
[5.507s] [01m[K/home/razanhmede/session9_turtlebot3_razan/session9_turtlebot3_assignmentcpp/src/turtlebot3robotcpp/src/lap_time_server.cpp:32:9:[m[K [01;31m[Kerror: [m[Kâ€˜[01m[Ky[m[Kâ€™ was not declared in this scope; did you mean â€˜[01m[Kyn[m[Kâ€™?
[5.507s]    32 |     x = [01;31m[Ky[m[K = start_x = start_y = 0.0;
[5.508s]       |         [01;31m[K^[m[K
[5.508s]       |         [32m[Kyn[m[K
[5.518s] [01m[K/home/razanhmede/session9_turtlebot3_razan/session9_turtlebot3_assignmentcpp/src/turtlebot3robotcpp/src/lap_time_server.cpp:32:13:[m[K [01;31m[Kerror: [m[Kâ€˜[01m[Kstart_x[m[Kâ€™ was not declared in this scope
[5.518s]    32 |     x = y = [01;31m[Kstart_x[m[K = start_y = 0.0;
[5.518s]       |             [01;31m[K^~~~~~~[m[K
[5.527s] [01m[K/home/razanhmede/session9_turtlebot3_razan/session9_turtlebot3_assignmentcpp/src/turtlebot3robotcpp/src/lap_time_server.cpp:32:23:[m[K [01;31m[Kerror: [m[Kâ€˜[01m[Kstart_y[m[Kâ€™ was not declared in this scope
[5.528s]    32 |     x = y = start_x = [01;31m[Kstart_y[m[K = 0.0;
[5.528s]       |                       [01;31m[K^~~~~~~[m[K
[5.536s] [01m[K/home/razanhmede/session9_turtlebot3_razan/session9_turtlebot3_assignmentcpp/src/turtlebot3robotcpp/src/lap_time_server.cpp:33:5:[m[K [01;31m[Kerror: [m[Kâ€˜[01m[Kfeedback_msg[m[Kâ€™ was not declared in this scope; did you mean â€˜[01m[Kfeedback_msg_[m[Kâ€™?
[5.536s]    33 |     [01;31m[Kfeedback_msg[m[K = std::make_shared<MeasureLapTime::Feedback>();
[5.537s]       |     [01;31m[K^~~~~~~~~~~~[m[K
[5.537s]       |     [32m[Kfeedback_msg_[m[K
[5.550s] [01m[K/home/razanhmede/session9_turtlebot3_razan/session9_turtlebot3_assignmentcpp/src/turtlebot3robotcpp/src/lap_time_server.cpp:[m[K In member function â€˜[01m[Kvoid LapTimeServer::odometry_callback(nav_msgs::msg::Odometry_<std::allocator<void> >::SharedPtr)[m[Kâ€™:
[5.550s] [01m[K/home/razanhmede/session9_turtlebot3_razan/session9_turtlebot3_assignmentcpp/src/turtlebot3robotcpp/src/lap_time_server.cpp:40:5:[m[K [01;31m[Kerror: [m[Kâ€˜[01m[Kx[m[Kâ€™ was not declared in this scope
[5.550s]    40 |     [01;31m[Kx[m[K = msg->pose.pose.position.x;
[5.551s]       |     [01;31m[K^[m[K
[5.558s] [01m[K/home/razanhmede/session9_turtlebot3_razan/session9_turtlebot3_assignmentcpp/src/turtlebot3robotcpp/src/lap_time_server.cpp:41:5:[m[K [01;31m[Kerror: [m[Kâ€˜[01m[Ky[m[Kâ€™ was not declared in this scope; did you mean â€˜[01m[Kyn[m[Kâ€™?
[5.558s]    41 |     [01;31m[Ky[m[K = msg->pose.pose.position.y;
[5.558s]       |     [01;31m[K^[m[K
[5.558s]       |     [32m[Kyn[m[K
[5.567s] [01m[K/home/razanhmede/session9_turtlebot3_razan/session9_turtlebot3_assignmentcpp/src/turtlebot3robotcpp/src/lap_time_server.cpp:42:5:[m[K [01;31m[Kerror: [m[Kâ€˜[01m[Kcurrent_time[m[Kâ€™ was not declared in this scope; did you mean â€˜[01m[Kcurrent_time_[m[Kâ€™?
[5.567s]    42 |     [01;31m[Kcurrent_time[m[K = std::chrono::duration<double>(msg->header.stamp.nanosec * 1e-9 + msg->header.stamp.sec).count();
[5.567s]       |     [01;31m[K^~~~~~~~~~~~[m[K
[5.567s]       |     [32m[Kcurrent_time_[m[K
[5.577s] [01m[K/home/razanhmede/session9_turtlebot3_razan/session9_turtlebot3_assignmentcpp/src/turtlebot3robotcpp/src/lap_time_server.cpp:[m[K In member function â€˜[01m[Kvoid LapTimeServer::handle_accepted(std::shared_ptr<rclcpp_action::ServerGoalHandle<navigation_robot_custom_interfaces::action::MeasureLapTime> >)[m[Kâ€™:
[5.577s] [01m[K/home/razanhmede/session9_turtlebot3_razan/session9_turtlebot3_assignmentcpp/src/turtlebot3robotcpp/src/lap_time_server.cpp:60:43:[m[K [01;31m[Kerror: [m[Kâ€˜[01m[Kexecute[m[Kâ€™ is not a member of â€˜[01m[KLapTimeServer[m[Kâ€™
[5.577s]    60 |     std::thread{std::bind(&LapTimeServer::[01;31m[Kexecute[m[K, this, _1), goal_handle}.detach();
[5.577s]       |                                           [01;31m[K^~~~~~~[m[K
[5.577s] [01m[K/home/razanhmede/session9_turtlebot3_razan/session9_turtlebot3_assignmentcpp/src/turtlebot3robotcpp/src/lap_time_server.cpp:60:74:[m[K [01;31m[Kerror: [m[Kno matching function for call to â€˜[01m[Kstd::thread::thread(<brace-enclosed initializer list>)[m[Kâ€™
[5.577s]    60 |     std::thread{std::bind(&LapTimeServer::execute, this, _1), goal_handle[01;31m[K}[m[K.detach();
[5.578s]       |                                                                          [01;31m[K^[m[K
[5.578s] In file included from [01m[K/usr/include/c++/11/future:48[m[K,
[5.578s]                  from [01m[K/opt/ros/humble/include/rclcpp/rclcpp/executors.hpp:18[m[K,
[5.578s]                  from [01m[K/opt/ros/humble/include/rclcpp/rclcpp/rclcpp.hpp:155[m[K,
[5.578s]                  from [01m[K/home/razanhmede/session9_turtlebot3_razan/session9_turtlebot3_assignmentcpp/src/turtlebot3robotcpp/include/turtlebot3robotcpp/lap_time_server.hpp:4[m[K,
[5.579s]                  from [01m[K/home/razanhmede/session9_turtlebot3_razan/session9_turtlebot3_assignmentcpp/src/turtlebot3robotcpp/src/lap_time_server.cpp:1[m[K:
[5.579s] [01m[K/usr/include/c++/11/bits/std_thread.h:127:7:[m[K [01;36m[Knote: [m[Kcandidate: â€˜[01m[Ktemplate<class _Callable, class ... _Args, class> std::thread::thread(_Callable&&, _Args&& ...)[m[Kâ€™
[5.579s]   127 |       [01;36m[Kthread[m[K(_Callable&& __f, _Args&&... __args)
[5.579s]       |       [01;36m[K^~~~~~[m[K
[5.579s] [01m[K/usr/include/c++/11/bits/std_thread.h:127:7:[m[K [01;36m[Knote: [m[K  template argument deduction/substitution failed:
[5.579s] [01m[K/usr/include/c++/11/bits/std_thread.h:157:5:[m[K [01;36m[Knote: [m[Kcandidate: â€˜[01m[Kstd::thread::thread(std::thread&&)[m[Kâ€™
[5.580s]   157 |     [01;36m[Kthread[m[K(thread&& __t) noexcept
[5.580s]       |     [01;36m[K^~~~~~[m[K
[5.617s] [01m[K/usr/include/c++/11/bits/std_thread.h:157:5:[m[K [01;36m[Knote: [m[K  candidate expects 1 argument, 2 provided
[5.617s] [01m[K/usr/include/c++/11/bits/std_thread.h:121:5:[m[K [01;36m[Knote: [m[Kcandidate: â€˜[01m[Kstd::thread::thread()[m[Kâ€™
[5.617s]   121 |     [01;36m[Kthread[m[K() noexcept = default;
[5.617s]       |     [01;36m[K^~~~~~[m[K
[5.618s] [01m[K/usr/include/c++/11/bits/std_thread.h:121:5:[m[K [01;36m[Knote: [m[K  candidate expects 0 arguments, 2 provided
[5.618s] [01m[K/home/razanhmede/session9_turtlebot3_razan/session9_turtlebot3_assignmentcpp/src/turtlebot3robotcpp/src/lap_time_server.cpp:[m[K At global scope:
[5.618s] [01m[K/home/razanhmede/session9_turtlebot3_razan/session9_turtlebot3_assignmentcpp/src/turtlebot3robotcpp/src/lap_time_server.cpp:63:6:[m[K [01;31m[Kerror: [m[Kno declaration matches â€˜[01m[Kvoid LapTimeServer::execute(std::shared_ptr<rclcpp_action::ServerGoalHandle<navigation_robot_custom_interfaces::action::MeasureLapTime> >)[m[Kâ€™
[5.618s]    63 | void [01;31m[KLapTimeServer[m[K::execute(const std::shared_ptr<GoalHandleMeasureLapTime> goal_handle) {
[5.618s]       |      [01;31m[K^~~~~~~~~~~~~[m[K
[5.618s] [01m[K/home/razanhmede/session9_turtlebot3_razan/session9_turtlebot3_assignmentcpp/src/turtlebot3robotcpp/src/lap_time_server.cpp:63:6:[m[K [01;36m[Knote: [m[Kno functions named â€˜[01m[Kvoid LapTimeServer::execute(std::shared_ptr<rclcpp_action::ServerGoalHandle<navigation_robot_custom_interfaces::action::MeasureLapTime> >)[m[Kâ€™
[5.619s] In file included from [01m[K/home/razanhmede/session9_turtlebot3_razan/session9_turtlebot3_assignmentcpp/src/turtlebot3robotcpp/src/lap_time_server.cpp:1[m[K:
[5.619s] [01m[K/home/razanhmede/session9_turtlebot3_razan/session9_turtlebot3_assignmentcpp/src/turtlebot3robotcpp/include/turtlebot3robotcpp/lap_time_server.hpp:9:7:[m[K [01;36m[Knote: [m[Kâ€˜[01m[Kclass LapTimeServer[m[Kâ€™ defined here
[5.619s]     9 | class [01;36m[KLapTimeServer[m[K : public rclcpp::Node
[5.619s]       |       [01;36m[K^~~~~~~~~~~~~[m[K
[5.619s] [01m[K/home/razanhmede/session9_turtlebot3_razan/session9_turtlebot3_assignmentcpp/src/turtlebot3robotcpp/src/lap_time_server.cpp:99:6:[m[K [01;31m[Kerror: [m[Kno declaration matches â€˜[01m[Kvoid LapTimeServer::publish_elapsed_time()[m[Kâ€™
[5.619s]    99 | void [01;31m[KLapTimeServer[m[K::publish_elapsed_time() {
[5.619s]       |      [01;31m[K^~~~~~~~~~~~~[m[K
[5.619s] [01m[K/home/razanhmede/session9_turtlebot3_razan/session9_turtlebot3_assignmentcpp/src/turtlebot3robotcpp/src/lap_time_server.cpp:99:6:[m[K [01;36m[Knote: [m[Kno functions named â€˜[01m[Kvoid LapTimeServer::publish_elapsed_time()[m[Kâ€™
[5.619s] In file included from [01m[K/home/razanhmede/session9_turtlebot3_razan/session9_turtlebot3_assignmentcpp/src/turtlebot3robotcpp/src/lap_time_server.cpp:1[m[K:
[5.620s] [01m[K/home/razanhmede/session9_turtlebot3_razan/session9_turtlebot3_assignmentcpp/src/turtlebot3robotcpp/include/turtlebot3robotcpp/lap_time_server.hpp:9:7:[m[K [01;36m[Knote: [m[Kâ€˜[01m[Kclass LapTimeServer[m[Kâ€™ defined here
[5.620s]     9 | class [01;36m[KLapTimeServer[m[K : public rclcpp::Node
[5.620s]       |       [01;36m[K^~~~~~~~~~~~~[m[K
[5.628s] [01m[K/home/razanhmede/session9_turtlebot3_razan/session9_turtlebot3_assignmentcpp/src/turtlebot3robotcpp/src/lap_time_server.cpp:[m[K In member function â€˜[01m[Kbool LapTimeServer::is_near_start_position()[m[Kâ€™:
[5.628s] [01m[K/home/razanhmede/session9_turtlebot3_razan/session9_turtlebot3_assignmentcpp/src/turtlebot3robotcpp/src/lap_time_server.cpp:106:42:[m[K [01;31m[Kerror: [m[Kâ€˜[01m[Kx[m[Kâ€™ was not declared in this scope
[5.628s]   106 |     double distance = std::sqrt(std::pow([01;31m[Kx[m[K - start_x, 2) + std::pow(y - start_y, 2));
[5.628s]       |                                          [01;31m[K^[m[K
[5.648s] [01m[K/home/razanhmede/session9_turtlebot3_razan/session9_turtlebot3_assignmentcpp/src/turtlebot3robotcpp/src/lap_time_server.cpp:106:46:[m[K [01;31m[Kerror: [m[Kâ€˜[01m[Kstart_x[m[Kâ€™ was not declared in this scope
[5.649s]   106 |     double distance = std::sqrt(std::pow(x - [01;31m[Kstart_x[m[K, 2) + std::pow(y - start_y, 2));
[5.655s]       |                                              [01;31m[K^~~~~~~[m[K
[5.655s] [01m[K/home/razanhmede/session9_turtlebot3_razan/session9_turtlebot3_assignmentcpp/src/turtlebot3robotcpp/src/lap_time_server.cpp:106:69:[m[K [01;31m[Kerror: [m[Kâ€˜[01m[Ky[m[Kâ€™ was not declared in this scope; did you mean â€˜[01m[Kyn[m[Kâ€™?
[5.655s]   106 |     double distance = std::sqrt(std::pow(x - start_x, 2) + std::pow([01;31m[Ky[m[K - start_y, 2));
[5.656s]       |                                                                     [01;31m[K^[m[K
[5.656s]       |                                                                     [32m[Kyn[m[K
[5.667s] [01m[K/home/razanhmede/session9_turtlebot3_razan/session9_turtlebot3_assignmentcpp/src/turtlebot3robotcpp/src/lap_time_server.cpp:106:73:[m[K [01;31m[Kerror: [m[Kâ€˜[01m[Kstart_y[m[Kâ€™ was not declared in this scope
[5.668s]   106 |     double distance = std::sqrt(std::pow(x - start_x, 2) + std::pow(y - [01;31m[Kstart_y[m[K, 2));
[5.668s]       |                                                                         [01;31m[K^~~~~~~[m[K
[6.273s] gmake[2]: *** [CMakeFiles/lap_time_client.dir/build.make:76: CMakeFiles/lap_time_client.dir/src/lap_time_client.cpp.o] Error 1
[6.274s] gmake[1]: *** [CMakeFiles/Makefile2:221: CMakeFiles/lap_time_client.dir/all] Error 2
[6.274s] gmake[1]: *** Waiting for unfinished jobs....
[8.976s] gmake[2]: *** [CMakeFiles/lap_time_server.dir/build.make:76: CMakeFiles/lap_time_server.dir/src/lap_time_server.cpp.o] Error 1
[8.976s] gmake[1]: *** [CMakeFiles/Makefile2:195: CMakeFiles/lap_time_server.dir/all] Error 2
[8.976s] gmake: *** [Makefile:146: all] Error 2
[8.980s] Invoked command in '/home/razanhmede/session9_turtlebot3_razan/session9_turtlebot3_assignmentcpp/build/turtlebot3robotcpp' returned '2': CMAKE_PREFIX_PATH=/home/razanhmede/session9_turtlebot3_razan/session9_turtlebot3_assignmentcpp/install/navigation_robot_custom_interfaces:/home/razanhmede/session9_turtlebot3_razan/session9_turtlebot3_assignmentcpp/install/turtlebot3robotcpp:/opt/ros/humble /usr/bin/cmake --build /home/razanhmede/session9_turtlebot3_razan/session9_turtlebot3_assignmentcpp/build/turtlebot3robotcpp -- -j4 -l4
