[01m[K/home/razanhmede/session9_turtlebot3_razan/session9_turtlebot3_assignmentcpp/src/turtlebot3robotcpp/src/robot_driver_node.cpp:7:34:[m[K [01;31m[Kerror: [m[Kstray â€˜[01m[K#[m[Kâ€™ in program
    7 | using namespace std::chrono_liter[01;31m[K#[m[Kinclude "turtlebot3robotcpp/robot_driver_node.hpp"
      |                                  [01;31m[K^[m[K
[01m[K/home/razanhmede/session9_turtlebot3_razan/session9_turtlebot3_assignmentcpp/src/turtlebot3robotcpp/src/robot_driver_node.cpp:7:22:[m[K [01;31m[Kerror: [m[Kâ€˜[01m[Kchrono_liter[m[Kâ€™ is not a namespace-name
    7 | using namespace std::[01;31m[Kchrono_liter[m[K#include "turtlebot3robotcpp/robot_driver_node.hpp"
      |                      [01;31m[K^~~~~~~~~~~~[m[K
[01m[K/home/razanhmede/session9_turtlebot3_razan/session9_turtlebot3_assignmentcpp/src/turtlebot3robotcpp/src/robot_driver_node.cpp:7:34:[m[K [01;31m[Kerror: [m[Kexpected â€˜[01m[K;[m[Kâ€™ before â€˜[01m[Kinclude[m[Kâ€™
    7 | using namespace std::chrono_liter[01;31m[K#[m[K[32m[Kinclude[m[K "turtlebot3robotcpp/robot_driver_node.hpp"
      |                                  [01;31m[K^[m[K[32m[K~~~~~~~[m[K
      |                                  [32m[K;[m[K
[01m[K/home/razanhmede/session9_turtlebot3_razan/session9_turtlebot3_assignmentcpp/src/turtlebot3robotcpp/src/robot_driver_node.cpp:7:35:[m[K [01;31m[Kerror: [m[Kâ€˜[01m[Kinclude[m[Kâ€™ does not name a type
    7 | using namespace std::chrono_liter#[01;31m[Kinclude[m[K "turtlebot3robotcpp/robot_driver_node.hpp"
      |                                   [01;31m[K^~~~~~~[m[K
[01m[K/home/razanhmede/session9_turtlebot3_razan/session9_turtlebot3_assignmentcpp/src/turtlebot3robotcpp/src/robot_driver_node.cpp:[m[K In constructor â€˜[01m[KRobotDriver::RobotDriver()[m[Kâ€™:
[01m[K/home/razanhmede/session9_turtlebot3_razan/session9_turtlebot3_assignmentcpp/src/turtlebot3robotcpp/src/robot_driver_node.cpp:27:38:[m[K [01;31m[Kerror: [m[Kunable to find numeric literal operator â€˜[01m[Koperator""s[m[Kâ€™
   27 |     while (!client->wait_for_service([01;31m[K1s[m[K)) {
      |                                      [01;31m[K^~[m[K
[01m[K/home/razanhmede/session9_turtlebot3_razan/session9_turtlebot3_assignmentcpp/src/turtlebot3robotcpp/src/robot_driver_node.cpp:47:37:[m[K [01;31m[Kerror: [m[Kunable to find numeric literal operator â€˜[01m[Koperator""s[m[Kâ€™
   47 |     timer = this->create_wall_timer([01;31m[K1s[m[K, std::bind(&RobotDriver::call_find_closest_wall, this), timer_callback_group);
      |                                     [01;31m[K^~[m[K
gmake[2]: *** [CMakeFiles/robot_driver_node.dir/build.make:76: CMakeFiles/robot_driver_node.dir/src/robot_driver_node.cpp.o] Error 1
gmake[1]: *** [CMakeFiles/Makefile2:139: CMakeFiles/robot_driver_node.dir/all] Error 2
gmake: *** [Makefile:146: all] Error 2
