[0.063s] Invoking command in '/home/razanhmede/session9_turtlebot3_razan/session9_turtlebot3_assignmentcpp/build/turtlebot3robotcpp': CMAKE_PREFIX_PATH=/home/razanhmede/session9_turtlebot3_razan/session9_turtlebot3_assignmentcpp/install/navigation_robot_custom_interfaces:/home/razanhmede/session9_turtlebot3_razan/session9_turtlebot3_assignmentcpp/install/turtlebot3robotcpp:/opt/ros/humble /usr/bin/cmake --build /home/razanhmede/session9_turtlebot3_razan/session9_turtlebot3_assignmentcpp/build/turtlebot3robotcpp -- -j4 -l4
[0.228s] [ 25%] [32mBuilding CXX object CMakeFiles/robot_driver_node.dir/src/robot_driver_node.cpp.o[0m
[1.350s] [01m[K/home/razanhmede/session9_turtlebot3_razan/session9_turtlebot3_assignmentcpp/src/turtlebot3robotcpp/src/robot_driver_node.cpp:7:34:[m[K [01;31m[Kerror: [m[Kstray â€˜[01m[K#[m[Kâ€™ in program
[1.350s]     7 | using namespace std::chrono_liter[01;31m[K#[m[Kinclude "turtlebot3robotcpp/robot_driver_node.hpp"
[1.351s]       |                                  [01;31m[K^[m[K
[10.261s] [01m[K/home/razanhmede/session9_turtlebot3_razan/session9_turtlebot3_assignmentcpp/src/turtlebot3robotcpp/src/robot_driver_node.cpp:7:22:[m[K [01;31m[Kerror: [m[Kâ€˜[01m[Kchrono_liter[m[Kâ€™ is not a namespace-name
[10.261s]     7 | using namespace std::[01;31m[Kchrono_liter[m[K#include "turtlebot3robotcpp/robot_driver_node.hpp"
[10.261s]       |                      [01;31m[K^~~~~~~~~~~~[m[K
[10.261s] [01m[K/home/razanhmede/session9_turtlebot3_razan/session9_turtlebot3_assignmentcpp/src/turtlebot3robotcpp/src/robot_driver_node.cpp:7:34:[m[K [01;31m[Kerror: [m[Kexpected â€˜[01m[K;[m[Kâ€™ before â€˜[01m[Kinclude[m[Kâ€™
[10.261s]     7 | using namespace std::chrono_liter[01;31m[K#[m[K[32m[Kinclude[m[K "turtlebot3robotcpp/robot_driver_node.hpp"
[10.262s]       |                                  [01;31m[K^[m[K[32m[K~~~~~~~[m[K
[10.262s]       |                                  [32m[K;[m[K
[10.263s] [01m[K/home/razanhmede/session9_turtlebot3_razan/session9_turtlebot3_assignmentcpp/src/turtlebot3robotcpp/src/robot_driver_node.cpp:7:35:[m[K [01;31m[Kerror: [m[Kâ€˜[01m[Kinclude[m[Kâ€™ does not name a type
[10.263s]     7 | using namespace std::chrono_liter#[01;31m[Kinclude[m[K "turtlebot3robotcpp/robot_driver_node.hpp"
[10.263s]       |                                   [01;31m[K^~~~~~~[m[K
[10.298s] [01m[K/home/razanhmede/session9_turtlebot3_razan/session9_turtlebot3_assignmentcpp/src/turtlebot3robotcpp/src/robot_driver_node.cpp:[m[K In constructor â€˜[01m[KRobotDriver::RobotDriver()[m[Kâ€™:
[10.299s] [01m[K/home/razanhmede/session9_turtlebot3_razan/session9_turtlebot3_assignmentcpp/src/turtlebot3robotcpp/src/robot_driver_node.cpp:27:38:[m[K [01;31m[Kerror: [m[Kunable to find numeric literal operator â€˜[01m[Koperator""s[m[Kâ€™
[10.299s]    27 |     while (!client->wait_for_service([01;31m[K1s[m[K)) {
[10.299s]       |                                      [01;31m[K^~[m[K
[10.354s] [01m[K/home/razanhmede/session9_turtlebot3_razan/session9_turtlebot3_assignmentcpp/src/turtlebot3robotcpp/src/robot_driver_node.cpp:47:37:[m[K [01;31m[Kerror: [m[Kunable to find numeric literal operator â€˜[01m[Koperator""s[m[Kâ€™
[10.354s]    47 |     timer = this->create_wall_timer([01;31m[K1s[m[K, std::bind(&RobotDriver::call_find_closest_wall, this), timer_callback_group);
[10.354s]       |                                     [01;31m[K^~[m[K
[18.933s] gmake[2]: *** [CMakeFiles/robot_driver_node.dir/build.make:76: CMakeFiles/robot_driver_node.dir/src/robot_driver_node.cpp.o] Error 1
[18.934s] gmake[1]: *** [CMakeFiles/Makefile2:139: CMakeFiles/robot_driver_node.dir/all] Error 2
[18.934s] gmake: *** [Makefile:146: all] Error 2
[18.938s] Invoked command in '/home/razanhmede/session9_turtlebot3_razan/session9_turtlebot3_assignmentcpp/build/turtlebot3robotcpp' returned '2': CMAKE_PREFIX_PATH=/home/razanhmede/session9_turtlebot3_razan/session9_turtlebot3_assignmentcpp/install/navigation_robot_custom_interfaces:/home/razanhmede/session9_turtlebot3_razan/session9_turtlebot3_assignmentcpp/install/turtlebot3robotcpp:/opt/ros/humble /usr/bin/cmake --build /home/razanhmede/session9_turtlebot3_razan/session9_turtlebot3_assignmentcpp/build/turtlebot3robotcpp -- -j4 -l4
