[0.083s] Invoking command in '/home/razanhmede/session9_turtlebot3_razan/session9_turtlebot3_assignmentcpp/build/turtlebot3robotcpp': CMAKE_PREFIX_PATH=/home/razanhmede/session9_turtlebot3_razan/session9_turtlebot3_assignmentcpp/install/navigation_robot_custom_interfaces:/home/razanhmede/session9_turtlebot3_razan/session9_turtlebot3_assignmentcpp/install/turtlebot3robotcpp:/opt/ros/humble /usr/bin/cmake --build /home/razanhmede/session9_turtlebot3_razan/session9_turtlebot3_assignmentcpp/build/turtlebot3robotcpp -- -j4 -l4
[0.413s] [35m[1mConsolidate compiler generated dependencies of target robot_driver_node[0m
[0.553s] [ 25%] [32mBuilding CXX object CMakeFiles/robot_driver_node.dir/src/robot_driver_node.cpp.o[0m
[11.530s] [01m[K/home/razanhmede/session9_turtlebot3_razan/session9_turtlebot3_assignmentcpp/src/turtlebot3robotcpp/src/robot_driver_node.cpp:7:37:[m[K [01;31m[Kerror: [m[Kexpected â€˜[01m[K;[m[Kâ€™ before â€˜[01m[Kusing[m[Kâ€™
[11.530s]     7 | using namespace std::chrono_literals
[11.530s]       |                                     [01;31m[K^[m[K
[11.530s]       |                                     [32m[K;[m[K
[11.530s] ......
[11.530s]    13 | [32m[Kusing[m[K namespace std::chrono_literals;
[11.530s]       | [32m[K~~~~~[m[K                                
[23.282s] gmake[2]: *** [CMakeFiles/robot_driver_node.dir/build.make:76: CMakeFiles/robot_driver_node.dir/src/robot_driver_node.cpp.o] Error 1
[23.282s] gmake[1]: *** [CMakeFiles/Makefile2:139: CMakeFiles/robot_driver_node.dir/all] Error 2
[23.285s] gmake: *** [Makefile:146: all] Error 2
[23.288s] Invoked command in '/home/razanhmede/session9_turtlebot3_razan/session9_turtlebot3_assignmentcpp/build/turtlebot3robotcpp' returned '2': CMAKE_PREFIX_PATH=/home/razanhmede/session9_turtlebot3_razan/session9_turtlebot3_assignmentcpp/install/navigation_robot_custom_interfaces:/home/razanhmede/session9_turtlebot3_razan/session9_turtlebot3_assignmentcpp/install/turtlebot3robotcpp:/opt/ros/humble /usr/bin/cmake --build /home/razanhmede/session9_turtlebot3_razan/session9_turtlebot3_assignmentcpp/build/turtlebot3robotcpp -- -j4 -l4
