[0.052s] Invoking command in '/home/razanhmede/session9_turtlebot3_razan/session9_turtlebot3_assignmentcpp/build/turtlebot3robotcpp': CMAKE_PREFIX_PATH=/home/razanhmede/session9_turtlebot3_razan/session9_turtlebot3_assignmentcpp/install/navigation_robot_custom_interfaces:/home/razanhmede/session9_turtlebot3_razan/session9_turtlebot3_assignmentcpp/install/turtlebot3robotcpp:/opt/ros/humble /usr/bin/cmake --build /home/razanhmede/session9_turtlebot3_razan/session9_turtlebot3_assignmentcpp/build/turtlebot3robotcpp -- -j4 -l4
[0.275s] [ 25%] Built target robot_driver_node
[0.381s] [ 50%] Built target lap_time_client
[0.419s] [35m[1mConsolidate compiler generated dependencies of target lap_time_server[0m
[0.491s] [ 62%] [32mBuilding CXX object CMakeFiles/lap_time_server.dir/src/lap_time_server.cpp.o[0m
[6.990s] [01m[K/home/razanhmede/session9_turtlebot3_razan/session9_turtlebot3_assignmentcpp/src/turtlebot3robotcpp/src/lap_time_server.cpp:[m[K In constructor â€˜[01m[KLapTimeServer::LapTimeServer()[m[Kâ€™:
[6.990s] [01m[K/home/razanhmede/session9_turtlebot3_razan/session9_turtlebot3_assignmentcpp/src/turtlebot3robotcpp/src/lap_time_server.cpp:25:48:[m[K [01;31m[Kerror: [m[Kâ€˜[01m[KDefaultOptions[m[Kâ€™ is not a member of â€˜[01m[Krclcpp_action::Server<navigation_robot_custom_interfaces::action::MeasureLapTime>[m[Kâ€™
[6.990s]    25 |         rclcpp_action::Server<MeasureLapTime>::[01;31m[KDefaultOptions[m[K(),
[6.994s]       |                                                [01;31m[K^~~~~~~~~~~~~~[m[K
[7.037s] [01m[K/home/razanhmede/session9_turtlebot3_razan/session9_turtlebot3_assignmentcpp/src/turtlebot3robotcpp/src/lap_time_server.cpp:[m[K In member function â€˜[01m[Kvoid LapTimeServer::execute(std::shared_ptr<rclcpp_action::ServerGoalHandle<navigation_robot_custom_interfaces::action::MeasureLapTime> >)[m[Kâ€™:
[7.037s] [01m[K/home/razanhmede/session9_turtlebot3_razan/session9_turtlebot3_assignmentcpp/src/turtlebot3robotcpp/src/lap_time_server.cpp:109:38:[m[K [01;31m[Kerror: [m[Kâ€˜[01m[Kusing element_type = class rclcpp_action::ServerGoalHandle<navigation_robot_custom_interfaces::action::MeasureLapTime>[m[Kâ€™ {aka â€˜[01m[Kclass rclcpp_action::ServerGoalHandle<navigation_robot_custom_interfaces::action::MeasureLapTime>[m[Kâ€™} has no member named â€˜[01m[Kget_status[m[Kâ€™
[7.037s]   109 |                     if (goal_handle->[01;31m[Kget_status[m[K() == rclcpp_action::GoalStatus::STATUS_SUCCEEDED ||
[7.038s]       |                                      [01;31m[K^~~~~~~~~~[m[K
[7.038s] [01m[K/home/razanhmede/session9_turtlebot3_razan/session9_turtlebot3_assignmentcpp/src/turtlebot3robotcpp/src/lap_time_server.cpp:110:38:[m[K [01;31m[Kerror: [m[Kâ€˜[01m[Kusing element_type = class rclcpp_action::ServerGoalHandle<navigation_robot_custom_interfaces::action::MeasureLapTime>[m[Kâ€™ {aka â€˜[01m[Kclass rclcpp_action::ServerGoalHandle<navigation_robot_custom_interfaces::action::MeasureLapTime>[m[Kâ€™} has no member named â€˜[01m[Kget_status[m[Kâ€™
[7.038s]   110 |                         goal_handle->[01;31m[Kget_status[m[K() == rclcpp_action::GoalStatus::STATUS_CANCELED) {
[7.038s]       |                                      [01;31m[K^~~~~~~~~~[m[K
[7.044s] [01m[K/home/razanhmede/session9_turtlebot3_razan/session9_turtlebot3_assignmentcpp/src/turtlebot3robotcpp/src/lap_time_server.cpp:128:30:[m[K [01;31m[Kerror: [m[Kâ€˜[01m[Kusing element_type = class rclcpp_action::ServerGoalHandle<navigation_robot_custom_interfaces::action::MeasureLapTime>[m[Kâ€™ {aka â€˜[01m[Kclass rclcpp_action::ServerGoalHandle<navigation_robot_custom_interfaces::action::MeasureLapTime>[m[Kâ€™} has no member named â€˜[01m[Kget_status[m[Kâ€™
[7.044s]   128 |             if (goal_handle->[01;31m[Kget_status[m[K() == rclcpp_action::GoalStatus::STATUS_ACTIVE) {
[7.044s]       |                              [01;31m[K^~~~~~~~~~[m[K
[7.044s] [01m[K/home/razanhmede/session9_turtlebot3_razan/session9_turtlebot3_assignmentcpp/src/turtlebot3robotcpp/src/lap_time_server.cpp:128:73:[m[K [01;31m[Kerror: [m[Kâ€˜[01m[KSTATUS_ACTIVE[m[Kâ€™ is not a member of â€˜[01m[Krclcpp_action::GoalStatus[m[Kâ€™ {aka â€˜[01m[Kaction_msgs::msg::GoalStatus_<std::allocator<void> >[m[Kâ€™}
[7.044s]   128 |             if (goal_handle->get_status() == rclcpp_action::GoalStatus::[01;31m[KSTATUS_ACTIVE[m[K) {
[7.045s]       |                                                                         [01;31m[K^~~~~~~~~~~~~[m[K
[7.045s] [01m[K/home/razanhmede/session9_turtlebot3_razan/session9_turtlebot3_assignmentcpp/src/turtlebot3robotcpp/src/lap_time_server.cpp:142:26:[m[K [01;31m[Kerror: [m[Kâ€˜[01m[Kusing element_type = class rclcpp_action::ServerGoalHandle<navigation_robot_custom_interfaces::action::MeasureLapTime>[m[Kâ€™ {aka â€˜[01m[Kclass rclcpp_action::ServerGoalHandle<navigation_robot_custom_interfaces::action::MeasureLapTime>[m[Kâ€™} has no member named â€˜[01m[Kget_status[m[Kâ€™
[7.045s]   142 |         if (goal_handle->[01;31m[Kget_status[m[K() == rclcpp_action::GoalStatus::STATUS_ACTIVE) {
[7.045s]       |                          [01;31m[K^~~~~~~~~~[m[K
[7.045s] [01m[K/home/razanhmede/session9_turtlebot3_razan/session9_turtlebot3_assignmentcpp/src/turtlebot3robotcpp/src/lap_time_server.cpp:142:69:[m[K [01;31m[Kerror: [m[Kâ€˜[01m[KSTATUS_ACTIVE[m[Kâ€™ is not a member of â€˜[01m[Krclcpp_action::GoalStatus[m[Kâ€™ {aka â€˜[01m[Kaction_msgs::msg::GoalStatus_<std::allocator<void> >[m[Kâ€™}
[7.046s]   142 |         if (goal_handle->get_status() == rclcpp_action::GoalStatus::[01;31m[KSTATUS_ACTIVE[m[K) {
[7.046s]       |                                                                     [01;31m[K^~~~~~~~~~~~~[m[K
[12.854s] gmake[2]: *** [CMakeFiles/lap_time_server.dir/build.make:76: CMakeFiles/lap_time_server.dir/src/lap_time_server.cpp.o] Error 1
[12.856s] gmake[1]: *** [CMakeFiles/Makefile2:195: CMakeFiles/lap_time_server.dir/all] Error 2
[12.856s] gmake: *** [Makefile:146: all] Error 2
[12.861s] Invoked command in '/home/razanhmede/session9_turtlebot3_razan/session9_turtlebot3_assignmentcpp/build/turtlebot3robotcpp' returned '2': CMAKE_PREFIX_PATH=/home/razanhmede/session9_turtlebot3_razan/session9_turtlebot3_assignmentcpp/install/navigation_robot_custom_interfaces:/home/razanhmede/session9_turtlebot3_razan/session9_turtlebot3_assignmentcpp/install/turtlebot3robotcpp:/opt/ros/humble /usr/bin/cmake --build /home/razanhmede/session9_turtlebot3_razan/session9_turtlebot3_assignmentcpp/build/turtlebot3robotcpp -- -j4 -l4
