[0.014s] Invoking command in '/home/razanhmede/session9_turtlebot3_razan/session9_turtlebot3_assignmentcpp/build/turtlebot3robotcpp': CMAKE_PREFIX_PATH=/home/razanhmede/session9_turtlebot3_razan/session9_turtlebot3_assignmentcpp/install/navigation_robot_custom_interfaces:/home/razanhmede/session9_turtlebot3_razan/session9_turtlebot3_assignmentcpp/install/turtlebot3robotcpp:/opt/ros/humble /usr/bin/cmake --build /home/razanhmede/session9_turtlebot3_razan/session9_turtlebot3_assignmentcpp/build/turtlebot3robotcpp -- -j4 -l4
[0.080s] [35m[1mConsolidate compiler generated dependencies of target lap_time_server[0m
[0.086s] [35m[1mConsolidate compiler generated dependencies of target lap_time_client[0m
[0.102s] [ 12%] [32mBuilding CXX object CMakeFiles/lap_time_server.dir/src/lap_time_server.cpp.o[0m
[0.102s] [ 37%] Built target wall_finder_server
[0.113s] [ 50%] [32mBuilding CXX object CMakeFiles/lap_time_client.dir/src/lap_time_client.cpp.o[0m
[0.117s] [ 75%] Built target robot_driver_node
[3.156s] [01m[K/home/razanhmede/session9_turtlebot3_razan/session9_turtlebot3_assignmentcpp/src/turtlebot3robotcpp/src/lap_time_client.cpp:[m[K In member function â€˜[01m[Kvoid LapTimeClient::onFeedback(const SharedPtr&, std::shared_ptr<const navigation_robot_custom_interfaces::action::MeasureLapTime_Feedback_<std::allocator<void> > >)[m[Kâ€™:
[3.156s] [01m[K/home/razanhmede/session9_turtlebot3_razan/session9_turtlebot3_assignmentcpp/src/turtlebot3robotcpp/src/lap_time_client.cpp:46:49:[m[K [01;35m[Kwarning: [m[Kunused parameter â€˜[01m[Kgoal_handle[m[Kâ€™ [[01;35m[K]8;;https://gcc.gnu.org/onlinedocs/gcc/Warning-Options.html#index-Wunused-parameter-Wunused-parameter]8;;[m[K]
[3.156s]    46 |     [01;35m[Kconst MeasureLapTimeGoalHandle::SharedPtr & goal_handle[m[K,
[3.156s]       |     [01;35m[K~~~~~~~~~~~~~~~~~~~~~~~~~~~~~~~~~~~~~~~~~~~~^~~~~~~~~~~[m[K
[3.161s] [01m[K/home/razanhmede/session9_turtlebot3_razan/session9_turtlebot3_assignmentcpp/src/turtlebot3robotcpp/src/lap_time_client.cpp:[m[K In member function â€˜[01m[Kvoid LapTimeClient::onResult(const rclcpp_action::ClientGoalHandle<navigation_robot_custom_interfaces::action::MeasureLapTime>::WrappedResult&)[m[Kâ€™:
[3.161s] [01m[K/home/razanhmede/session9_turtlebot3_razan/session9_turtlebot3_assignmentcpp/src/turtlebot3robotcpp/src/lap_time_client.cpp:63:41:[m[K [01;31m[Kerror: [m[Kjump to case label
[3.161s]    63 |         case rclcpp_action::ResultCode::[01;31m[KABORTED[m[K:
[3.161s]       |                                         [01;31m[K^~~~~~~[m[K
[3.161s] [01m[K/home/razanhmede/session9_turtlebot3_razan/session9_turtlebot3_assignmentcpp/src/turtlebot3robotcpp/src/lap_time_client.cpp:58:31:[m[K [01;36m[Knote: [m[K  crosses initialization of â€˜[01m[Kstd::stringstream result_message[m[Kâ€™
[3.161s]    58 |             std::stringstream [01;36m[Kresult_message[m[K;
[3.162s]       |                               [01;36m[K^~~~~~~~~~~~~~[m[K
[3.166s] [01m[K/home/razanhmede/session9_turtlebot3_razan/session9_turtlebot3_assignmentcpp/src/turtlebot3robotcpp/src/lap_time_client.cpp:66:41:[m[K [01;31m[Kerror: [m[Kjump to case label
[3.166s]    66 |         case rclcpp_action::ResultCode::[01;31m[KCANCELED[m[K:
[3.166s]       |                                         [01;31m[K^~~~~~~~[m[K
[3.166s] [01m[K/home/razanhmede/session9_turtlebot3_razan/session9_turtlebot3_assignmentcpp/src/turtlebot3robotcpp/src/lap_time_client.cpp:58:31:[m[K [01;36m[Knote: [m[K  crosses initialization of â€˜[01m[Kstd::stringstream result_message[m[Kâ€™
[3.166s]    58 |             std::stringstream [01;36m[Kresult_message[m[K;
[3.166s]       |                               [01;36m[K^~~~~~~~~~~~~~[m[K
[3.169s] [01m[K/home/razanhmede/session9_turtlebot3_razan/session9_turtlebot3_assignmentcpp/src/turtlebot3robotcpp/src/lap_time_client.cpp:69:9:[m[K [01;31m[Kerror: [m[Kjump to case label
[3.169s]    69 |         [01;31m[Kdefault[m[K:
[3.170s]       |         [01;31m[K^~~~~~~[m[K
[3.170s] [01m[K/home/razanhmede/session9_turtlebot3_razan/session9_turtlebot3_assignmentcpp/src/turtlebot3robotcpp/src/lap_time_client.cpp:58:31:[m[K [01;36m[Knote: [m[K  crosses initialization of â€˜[01m[Kstd::stringstream result_message[m[Kâ€™
[3.170s]    58 |             std::stringstream [01;36m[Kresult_message[m[K;
[3.170s]       |                               [01;36m[K^~~~~~~~~~~~~~[m[K
[3.170s] [01m[K/home/razanhmede/session9_turtlebot3_razan/session9_turtlebot3_assignmentcpp/src/turtlebot3robotcpp/src/lap_time_client.cpp:56:12:[m[K [01;35m[Kwarning: [m[Kenumeration value â€˜[01m[KUNKNOWN[m[Kâ€™ not handled in switch [[01;35m[K]8;;https://gcc.gnu.org/onlinedocs/gcc/Warning-Options.html#index-Wswitch-Wswitch]8;;[m[K]
[3.170s]    56 |     switch [01;35m[K([m[Kresult.code) {
[3.170s]       |            [01;35m[K^[m[K
[3.170s] [01m[K/home/razanhmede/session9_turtlebot3_razan/session9_turtlebot3_assignmentcpp/src/turtlebot3robotcpp/src/lap_time_client.cpp:56:12:[m[K [01;35m[Kwarning: [m[Kenumeration value â€˜[01m[KCANCELED[m[Kâ€™ not handled in switch [[01;35m[K]8;;https://gcc.gnu.org/onlinedocs/gcc/Warning-Options.html#index-Wswitch-Wswitch]8;;[m[K]
[3.170s] [01m[K/home/razanhmede/session9_turtlebot3_razan/session9_turtlebot3_assignmentcpp/src/turtlebot3robotcpp/src/lap_time_client.cpp:56:12:[m[K [01;35m[Kwarning: [m[Kenumeration value â€˜[01m[KABORTED[m[Kâ€™ not handled in switch [[01;35m[K]8;;https://gcc.gnu.org/onlinedocs/gcc/Warning-Options.html#index-Wswitch-Wswitch]8;;[m[K]
[3.173s] [01m[K/home/razanhmede/session9_turtlebot3_razan/session9_turtlebot3_assignmentcpp/src/turtlebot3robotcpp/src/lap_time_client.cpp:[m[K In function â€˜[01m[Kint main(int, char**)[m[Kâ€™:
[3.173s] [01m[K/home/razanhmede/session9_turtlebot3_razan/session9_turtlebot3_assignmentcpp/src/turtlebot3robotcpp/src/lap_time_client.cpp:79:26:[m[K [01;31m[Kerror: [m[Kâ€˜[01m[Kvoid LapTimeClient::sendGoal()[m[Kâ€™ is private within this context
[3.173s]    79 |     [01;31m[Kclient_node->sendGoal()[m[K;
[3.173s]       |     [01;31m[K~~~~~~~~~~~~~~~~~~~~~^~[m[K
[3.173s] [01m[K/home/razanhmede/session9_turtlebot3_razan/session9_turtlebot3_assignmentcpp/src/turtlebot3robotcpp/src/lap_time_client.cpp:13:6:[m[K [01;36m[Knote: [m[Kdeclared private here
[3.173s]    13 | void [01;36m[KLapTimeClient[m[K::sendGoal() {
[3.173s]       |      [01;36m[K^~~~~~~~~~~~~[m[K
[3.345s] [01m[K/home/razanhmede/session9_turtlebot3_razan/session9_turtlebot3_assignmentcpp/src/turtlebot3robotcpp/src/lap_time_server.cpp:[m[K In constructor â€˜[01m[KLapTimeServer::LapTimeServer()[m[Kâ€™:
[3.345s] [01m[K/home/razanhmede/session9_turtlebot3_razan/session9_turtlebot3_assignmentcpp/src/turtlebot3robotcpp/src/lap_time_server.cpp:10:96:[m[K [01;31m[Kerror: [m[Kâ€˜[01m[Krclcpp::CallbackGroupType::MutuallyExclusive[m[Kâ€™ cannot be used as a function
[3.346s]    10 |     service_cb_group = this->create_callback_group([01;31m[Krclcpp::CallbackGroupType::MutuallyExclusive()[m[K);
[3.346s]       |                                                    [01;31m[K~~~~~~~~~~~~~~~~~~~~~~~~~~~~~~~~~~~~~~~~~~~~^~[m[K
[3.346s] [01m[K/home/razanhmede/session9_turtlebot3_razan/session9_turtlebot3_assignmentcpp/src/turtlebot3robotcpp/src/lap_time_server.cpp:11:101:[m[K [01;31m[Kerror: [m[Kâ€˜[01m[Krclcpp::CallbackGroupType::MutuallyExclusive[m[Kâ€™ cannot be used as a function
[3.346s]    11 |     subscription_cb_group = this->create_callback_group([01;31m[Krclcpp::CallbackGroupType::MutuallyExclusive()[m[K);
[3.346s]       |                                                         [01;31m[K~~~~~~~~~~~~~~~~~~~~~~~~~~~~~~~~~~~~~~~~~~~~^~[m[K
[3.346s] [01m[K/home/razanhmede/session9_turtlebot3_razan/session9_turtlebot3_assignmentcpp/src/turtlebot3robotcpp/src/lap_time_server.cpp:12:94:[m[K [01;31m[Kerror: [m[Kâ€˜[01m[Krclcpp::CallbackGroupType::MutuallyExclusive[m[Kâ€™ cannot be used as a function
[3.346s]    12 |     timer_cb_group = this->create_callback_group([01;31m[Krclcpp::CallbackGroupType::MutuallyExclusive()[m[K);
[3.346s]       |                                                  [01;31m[K~~~~~~~~~~~~~~~~~~~~~~~~~~~~~~~~~~~~~~~~~~~~^~[m[K
[3.435s] [01m[K/home/razanhmede/session9_turtlebot3_razan/session9_turtlebot3_assignmentcpp/src/turtlebot3robotcpp/src/lap_time_server.cpp:[m[K In member function â€˜[01m[Kvoid LapTimeServer::odometry_callback(nav_msgs::msg::Odometry_<std::allocator<void> >::SharedPtr)[m[Kâ€™:
[3.435s] [01m[K/home/razanhmede/session9_turtlebot3_razan/session9_turtlebot3_assignmentcpp/src/turtlebot3robotcpp/src/lap_time_server.cpp:43:5:[m[K [01;31m[Kerror: [m[Kâ€˜[01m[Kcurrent_time[m[Kâ€™ was not declared in this scope
[3.436s]    43 |     [01;31m[Kcurrent_time[m[K = std::chrono::duration<double>(msg->header.stamp.nanosec * 1e-9 + msg->header.stamp.sec).count();
[3.436s]       |     [01;31m[K^~~~~~~~~~~~[m[K
[3.446s] [01m[K/home/razanhmede/session9_turtlebot3_razan/session9_turtlebot3_assignmentcpp/src/turtlebot3robotcpp/src/lap_time_server.cpp:[m[K In member function â€˜[01m[Kvoid LapTimeServer::execute(std::shared_ptr<rclcpp_action::ServerGoalHandle<navigation_robot_custom_interfaces::action::MeasureLapTime> >)[m[Kâ€™:
[3.446s] [01m[K/home/razanhmede/session9_turtlebot3_razan/session9_turtlebot3_assignmentcpp/src/turtlebot3robotcpp/src/lap_time_server.cpp:73:49:[m[K [01;31m[Kerror: [m[Kno match for â€˜[01m[Koperator=[m[Kâ€™ (operand types are â€˜[01m[Krclcpp::Time[m[Kâ€™ and â€˜[01m[Kstd::chrono::_V2::steady_clock::time_point[m[Kâ€™ {aka â€˜[01m[Kstd::chrono::time_point<std::chrono::_V2::steady_clock, std::chrono::duration<long int, std::ratio<1, 1000000000> > >[m[Kâ€™})
[3.446s]    73 |     start_time = std::chrono::steady_clock::now([01;31m[K)[m[K;
[3.446s]       |                                                 [01;31m[K^[m[K
[3.447s] In file included from [01m[K/opt/ros/humble/include/rclcpp/rclcpp/clock.hpp:24[m[K,
[3.447s]                  from [01m[K/opt/ros/humble/include/rclcpp/rclcpp/timer.hpp:27[m[K,
[3.447s]                  from [01m[K/opt/ros/humble/include/rclcpp/rclcpp/callback_group.hpp:30[m[K,
[3.447s]                  from [01m[K/opt/ros/humble/include/rclcpp/rclcpp/any_executable.hpp:20[m[K,
[3.447s]                  from [01m[K/opt/ros/humble/include/rclcpp/rclcpp/memory_strategy.hpp:25[m[K,
[3.447s]                  from [01m[K/opt/ros/humble/include/rclcpp/rclcpp/memory_strategies.hpp:18[m[K,
[3.447s]                  from [01m[K/opt/ros/humble/include/rclcpp/rclcpp/executor_options.hpp:20[m[K,
[3.447s]                  from [01m[K/opt/ros/humble/include/rclcpp/rclcpp/executor.hpp:37[m[K,
[3.447s]                  from [01m[K/opt/ros/humble/include/rclcpp/rclcpp/executors/multi_threaded_executor.hpp:25[m[K,
[3.447s]                  from [01m[K/opt/ros/humble/include/rclcpp/rclcpp/executors.hpp:21[m[K,
[3.447s]                  from [01m[K/opt/ros/humble/include/rclcpp/rclcpp/rclcpp.hpp:155[m[K,
[3.447s]                  from [01m[K/home/razanhmede/session9_turtlebot3_razan/session9_turtlebot3_assignmentcpp/src/turtlebot3robotcpp/include/turtlebot3robotcpp/lap_time_server.hpp:4[m[K,
[3.447s]                  from [01m[K/home/razanhmede/session9_turtlebot3_razan/session9_turtlebot3_assignmentcpp/src/turtlebot3robotcpp/src/lap_time_server.cpp:1[m[K:
[3.447s] [01m[K/opt/ros/humble/include/rclcpp/rclcpp/time.hpp:91:3:[m[K [01;36m[Knote: [m[Kcandidate: â€˜[01m[Krclcpp::Time& rclcpp::Time::operator=(const rclcpp::Time&)[m[Kâ€™
[3.448s]    91 |   [01;36m[Koperator[m[K=(const Time & rhs);
[3.448s]       |   [01;36m[K^~~~~~~~[m[K
[3.448s] [01m[K/opt/ros/humble/include/rclcpp/rclcpp/time.hpp:91:26:[m[K [01;36m[Knote: [m[K  no known conversion for argument 1 from â€˜[01m[Kstd::chrono::_V2::steady_clock::time_point[m[Kâ€™ {aka â€˜[01m[Kstd::chrono::time_point<std::chrono::_V2::steady_clock, std::chrono::duration<long int, std::ratio<1, 1000000000> > >[m[Kâ€™} to â€˜[01m[Kconst rclcpp::Time&[m[Kâ€™
[3.448s]    91 |   operator=([01;36m[Kconst Time & rhs[m[K);
[3.448s]       |             [01;36m[K~~~~~~~~~~~~~^~~[m[K
[3.448s] [01m[K/opt/ros/humble/include/rclcpp/rclcpp/time.hpp:101:3:[m[K [01;36m[Knote: [m[Kcandidate: â€˜[01m[Krclcpp::Time& rclcpp::Time::operator=(const Time&)[m[Kâ€™
[3.448s]   101 |   [01;36m[Koperator[m[K=(const builtin_interfaces::msg::Time & time_msg);
[3.448s]       |   [01;36m[K^~~~~~~~[m[K
[3.448s] [01m[K/opt/ros/humble/include/rclcpp/rclcpp/time.hpp:101:51:[m[K [01;36m[Knote: [m[K  no known conversion for argument 1 from â€˜[01m[Kstd::chrono::_V2::steady_clock::time_point[m[Kâ€™ {aka â€˜[01m[Kstd::chrono::time_point<std::chrono::_V2::steady_clock, std::chrono::duration<long int, std::ratio<1, 1000000000> > >[m[Kâ€™} to â€˜[01m[Kconst Time&[m[Kâ€™ {aka â€˜[01m[Kconst builtin_interfaces::msg::Time_<std::allocator<void> >&[m[Kâ€™}
[3.449s]   101 |   operator=([01;36m[Kconst builtin_interfaces::msg::Time & time_msg[m[K);
[3.449s]       |             [01;36m[K~~~~~~~~~~~~~~~~~~~~~~~~~~~~~~~~~~~~~~^~~~~~~~[m[K
[3.468s] [01m[K/home/razanhmede/session9_turtlebot3_razan/session9_turtlebot3_assignmentcpp/src/turtlebot3robotcpp/src/lap_time_server.cpp:84:97:[m[K [01;31m[Kerror: [m[Kno match for â€˜[01m[Koperator-[m[Kâ€™ (operand types are â€˜[01m[Kstd::chrono::_V2::steady_clock::time_point[m[Kâ€™ {aka â€˜[01m[Kstd::chrono::time_point<std::chrono::_V2::steady_clock, std::chrono::duration<long int, std::ratio<1, 1000000000> > >[m[Kâ€™} and â€˜[01m[Krclcpp::Time[m[Kâ€™)
[3.468s]    84 |             result->total_time = std::chrono::duration<double>([32m[Kstd::chrono::steady_clock::now()[m[K [01;31m[K-[m[K [34m[Kstart_time[m[K).count();
[3.468s]       |                                                                [32m[K~~~~~~~~~~~~~~~~~~~~~~~~~~~~~~~~[m[K [01;31m[K^[m[K [34m[K~~~~~~~~~~[m[K
[3.468s]       |                                                                                              [32m[K|[m[K    [34m[K|[m[K
[3.468s]       |                                                                                              [32m[K|[m[K    [34m[Krclcpp::Time[m[K
[3.468s]       |                                                                                              [32m[Kstd::chrono::_V2::steady_clock::time_point {aka std::chrono::time_point<std::chrono::_V2::steady_clock, std::chrono::duration<long int, std::ratio<1, 1000000000> > >}[m[K
[3.469s] In file included from [01m[K/usr/include/c++/11/bits/stl_algobase.h:67[m[K,
[3.469s]                  from [01m[K/usr/include/c++/11/memory:63[m[K,
[3.469s]                  from [01m[K/opt/ros/humble/include/rclcpp/rclcpp/rclcpp.hpp:153[m[K,
[3.469s]                  from [01m[K/home/razanhmede/session9_turtlebot3_razan/session9_turtlebot3_assignmentcpp/src/turtlebot3robotcpp/include/turtlebot3robotcpp/lap_time_server.hpp:4[m[K,
[3.469s]                  from [01m[K/home/razanhmede/session9_turtlebot3_razan/session9_turtlebot3_assignmentcpp/src/turtlebot3robotcpp/src/lap_time_server.cpp:1[m[K:
[3.470s] [01m[K/usr/include/c++/11/bits/stl_iterator.h:577:5:[m[K [01;36m[Knote: [m[Kcandidate: â€˜[01m[Ktemplate<class _IteratorL, class _IteratorR> constexpr decltype ((__y.base() - __x.base())) std::operator-(const std::reverse_iterator<_Iterator>&, const std::reverse_iterator<_IteratorR>&)[m[Kâ€™
[3.470s]   577 |     [01;36m[Koperator[m[K-(const reverse_iterator<_IteratorL>& __x,
[3.470s]       |     [01;36m[K^~~~~~~~[m[K
[3.470s] [01m[K/usr/include/c++/11/bits/stl_iterator.h:577:5:[m[K [01;36m[Knote: [m[K  template argument deduction/substitution failed:
[3.470s] [01m[K/home/razanhmede/session9_turtlebot3_razan/session9_turtlebot3_assignmentcpp/src/turtlebot3robotcpp/src/lap_time_server.cpp:84:99:[m[K [01;36m[Knote: [m[K  â€˜[01m[Kstd::chrono::_V2::steady_clock::time_point[m[Kâ€™ {aka â€˜[01m[Kstd::chrono::time_point<std::chrono::_V2::steady_clock, std::chrono::duration<long int, std::ratio<1, 1000000000> > >[m[Kâ€™} is not derived from â€˜[01m[Kconst std::reverse_iterator<_Iterator>[m[Kâ€™
[3.470s]    84 |             result->total_time = std::chrono::duration<double>(std::chrono::steady_clock::now() - [01;36m[Kstart_time[m[K).count();
[3.470s]       |                                                                                                   [01;36m[K^~~~~~~~~~[m[K
[3.471s] In file included from [01m[K/usr/include/c++/11/bits/stl_algobase.h:67[m[K,
[3.471s]                  from [01m[K/usr/include/c++/11/memory:63[m[K,
[3.471s]                  from [01m[K/opt/ros/humble/include/rclcpp/rclcpp/rclcpp.hpp:153[m[K,
[3.471s]                  from [01m[K/home/razanhmede/session9_turtlebot3_razan/session9_turtlebot3_assignmentcpp/src/turtlebot3robotcpp/include/turtlebot3robotcpp/lap_time_server.hpp:4[m[K,
[3.471s]                  from [01m[K/home/razanhmede/session9_turtlebot3_razan/session9_turtlebot3_assignmentcpp/src/turtlebot3robotcpp/src/lap_time_server.cpp:1[m[K:
[3.471s] [01m[K/usr/include/c++/11/bits/stl_iterator.h:1693:5:[m[K [01;36m[Knote: [m[Kcandidate: â€˜[01m[Ktemplate<class _IteratorL, class _IteratorR> constexpr decltype ((__x.base() - __y.base())) std::operator-(const std::move_iterator<_IteratorL>&, const std::move_iterator<_IteratorR>&)[m[Kâ€™
[3.471s]  1693 |     [01;36m[Koperator[m[K-(const move_iterator<_IteratorL>& __x,
[3.471s]       |     [01;36m[K^~~~~~~~[m[K
[3.471s] [01m[K/usr/include/c++/11/bits/stl_iterator.h:1693:5:[m[K [01;36m[Knote: [m[K  template argument deduction/substitution failed:
[3.472s] [01m[K/home/razanhmede/session9_turtlebot3_razan/session9_turtlebot3_assignmentcpp/src/turtlebot3robotcpp/src/lap_time_server.cpp:84:99:[m[K [01;36m[Knote: [m[K  â€˜[01m[Kstd::chrono::_V2::steady_clock::time_point[m[Kâ€™ {aka â€˜[01m[Kstd::chrono::time_point<std::chrono::_V2::steady_clock, std::chrono::duration<long int, std::ratio<1, 1000000000> > >[m[Kâ€™} is not derived from â€˜[01m[Kconst std::move_iterator<_IteratorL>[m[Kâ€™
[3.472s]    84 |             result->total_time = std::chrono::duration<double>(std::chrono::steady_clock::now() - [01;36m[Kstart_time[m[K).count();
[3.472s]       |                                                                                                   [01;36m[K^~~~~~~~~~[m[K
[3.472s] In file included from [01m[K/usr/include/c++/11/mutex:39[m[K,
[3.472s]                  from [01m[K/usr/include/c++/11/future:38[m[K,
[3.473s]                  from [01m[K/opt/ros/humble/include/rclcpp/rclcpp/executors.hpp:18[m[K,
[3.473s]                  from [01m[K/opt/ros/humble/include/rclcpp/rclcpp/rclcpp.hpp:155[m[K,
[3.473s]                  from [01m[K/home/razanhmede/session9_turtlebot3_razan/session9_turtlebot3_assignmentcpp/src/turtlebot3robotcpp/include/turtlebot3robotcpp/lap_time_server.hpp:4[m[K,
[3.473s]                  from [01m[K/home/razanhmede/session9_turtlebot3_razan/session9_turtlebot3_assignmentcpp/src/turtlebot3robotcpp/src/lap_time_server.cpp:1[m[K:
[3.473s] [01m[K/usr/include/c++/11/chrono:660:7:[m[K [01;36m[Knote: [m[Kcandidate: â€˜[01m[Ktemplate<class _Rep1, class _Period1, class _Rep2, class _Period2> constexpr typename std::common_type<std::chrono::duration<_Rep1, _Period1>, std::chrono::duration<_Rep2, _Period2> >::type std::chrono::operator-(const std::chrono::duration<_Rep1, _Period1>&, const std::chrono::duration<_Rep2, _Period2>&)[m[Kâ€™
[3.473s]   660 |       [01;36m[Koperator[m[K-(const duration<_Rep1, _Period1>& __lhs,
[3.473s]       |       [01;36m[K^~~~~~~~[m[K
[3.474s] [01m[K/usr/include/c++/11/chrono:660:7:[m[K [01;36m[Knote: [m[K  template argument deduction/substitution failed:
[3.474s] [01m[K/home/razanhmede/session9_turtlebot3_razan/session9_turtlebot3_assignmentcpp/src/turtlebot3robotcpp/src/lap_time_server.cpp:84:99:[m[K [01;36m[Knote: [m[K  â€˜[01m[Kstd::chrono::_V2::steady_clock::time_point[m[Kâ€™ {aka â€˜[01m[Kstd::chrono::time_point<std::chrono::_V2::steady_clock, std::chrono::duration<long int, std::ratio<1, 1000000000> > >[m[Kâ€™} is not derived from â€˜[01m[Kconst std::chrono::duration<_Rep1, _Period1>[m[Kâ€™
[3.474s]    84 |             result->total_time = std::chrono::duration<double>(std::chrono::steady_clock::now() - [01;36m[Kstart_time[m[K).count();
[3.474s]       |                                                                                                   [01;36m[K^~~~~~~~~~[m[K
[3.474s] In file included from [01m[K/usr/include/c++/11/mutex:39[m[K,
[3.474s]                  from [01m[K/usr/include/c++/11/future:38[m[K,
[3.475s]                  from [01m[K/opt/ros/humble/include/rclcpp/rclcpp/executors.hpp:18[m[K,
[3.475s]                  from [01m[K/opt/ros/humble/include/rclcpp/rclcpp/rclcpp.hpp:155[m[K,
[3.475s]                  from [01m[K/home/razanhmede/session9_turtlebot3_razan/session9_turtlebot3_assignmentcpp/src/turtlebot3robotcpp/include/turtlebot3robotcpp/lap_time_server.hpp:4[m[K,
[3.475s]                  from [01m[K/home/razanhmede/session9_turtlebot3_razan/session9_turtlebot3_assignmentcpp/src/turtlebot3robotcpp/src/lap_time_server.cpp:1[m[K:
[3.477s] [01m[K/usr/include/c++/11/chrono:1030:7:[m[K [01;36m[Knote: [m[Kcandidate: â€˜[01m[Ktemplate<class _Clock, class _Dur1, class _Rep2, class _Period2> constexpr std::chrono::time_point<_Clock, typename std::common_type<_Dur1, std::chrono::duration<_Rep2, _Period2> >::type> std::chrono::operator-(const std::chrono::time_point<_Clock, _Duration1>&, const std::chrono::duration<_Rep2, _Period2>&)[m[Kâ€™
[3.477s]  1030 |       [01;36m[Koperator[m[K-(const time_point<_Clock, _Dur1>& __lhs,
[3.477s]       |       [01;36m[K^~~~~~~~[m[K
[3.477s] [01m[K/usr/include/c++/11/chrono:1030:7:[m[K [01;36m[Knote: [m[K  template argument deduction/substitution failed:
[3.477s] [01m[K/home/razanhmede/session9_turtlebot3_razan/session9_turtlebot3_assignmentcpp/src/turtlebot3robotcpp/src/lap_time_server.cpp:84:99:[m[K [01;36m[Knote: [m[K  â€˜[01m[Krclcpp::Time[m[Kâ€™ is not derived from â€˜[01m[Kconst std::chrono::duration<_Rep2, _Period2>[m[Kâ€™
[3.477s]    84 |             result->total_time = std::chrono::duration<double>(std::chrono::steady_clock::now() - [01;36m[Kstart_time[m[K).count();
[3.477s]       |                                                                                                   [01;36m[K^~~~~~~~~~[m[K
[3.478s] In file included from [01m[K/usr/include/c++/11/mutex:39[m[K,
[3.478s]                  from [01m[K/usr/include/c++/11/future:38[m[K,
[3.478s]                  from [01m[K/opt/ros/humble/include/rclcpp/rclcpp/executors.hpp:18[m[K,
[3.478s]                  from [01m[K/opt/ros/humble/include/rclcpp/rclcpp/rclcpp.hpp:155[m[K,
[3.478s]                  from [01m[K/home/razanhmede/session9_turtlebot3_razan/session9_turtlebot3_assignmentcpp/src/turtlebot3robotcpp/include/turtlebot3robotcpp/lap_time_server.hpp:4[m[K,
[3.478s]                  from [01m[K/home/razanhmede/session9_turtlebot3_razan/session9_turtlebot3_assignmentcpp/src/turtlebot3robotcpp/src/lap_time_server.cpp:1[m[K:
[3.478s] [01m[K/usr/include/c++/11/chrono:1042:7:[m[K [01;36m[Knote: [m[Kcandidate: â€˜[01m[Ktemplate<class _Clock, class _Dur1, class _Dur2> constexpr typename std::common_type<_Duration1, _Duration2>::type std::chrono::operator-(const std::chrono::time_point<_Clock, _Duration1>&, const std::chrono::time_point<_Clock, _Duration2>&)[m[Kâ€™
[3.478s]  1042 |       [01;36m[Koperator[m[K-(const time_point<_Clock, _Dur1>& __lhs,
[3.478s]       |       [01;36m[K^~~~~~~~[m[K
[3.478s] [01m[K/usr/include/c++/11/chrono:1042:7:[m[K [01;36m[Knote: [m[K  template argument deduction/substitution failed:
[3.479s] [01m[K/home/razanhmede/session9_turtlebot3_razan/session9_turtlebot3_assignmentcpp/src/turtlebot3robotcpp/src/lap_time_server.cpp:84:99:[m[K [01;36m[Knote: [m[K  â€˜[01m[Krclcpp::Time[m[Kâ€™ is not derived from â€˜[01m[Kconst std::chrono::time_point<_Clock, _Duration2>[m[Kâ€™
[3.479s]    84 |             result->total_time = std::chrono::duration<double>(std::chrono::steady_clock::now() - [01;36m[Kstart_time[m[K).count();
[3.479s]       |                                                                                                   [01;36m[K^~~~~~~~~~[m[K
[3.482s] [01m[K/home/razanhmede/session9_turtlebot3_razan/session9_turtlebot3_assignmentcpp/src/turtlebot3robotcpp/src/lap_time_server.cpp:94:93:[m[K [01;31m[Kerror: [m[Kno match for â€˜[01m[Koperator-[m[Kâ€™ (operand types are â€˜[01m[Kstd::chrono::_V2::steady_clock::time_point[m[Kâ€™ {aka â€˜[01m[Kstd::chrono::time_point<std::chrono::_V2::steady_clock, std::chrono::duration<long int, std::ratio<1, 1000000000> > >[m[Kâ€™} and â€˜[01m[Krclcpp::Time[m[Kâ€™)
[3.482s]    94 |         result->total_time = std::chrono::duration<double>([32m[Kstd::chrono::steady_clock::now()[m[K [01;31m[K-[m[K [34m[Kstart_time[m[K).count();
[3.483s]       |                                                            [32m[K~~~~~~~~~~~~~~~~~~~~~~~~~~~~~~~~[m[K [01;31m[K^[m[K [34m[K~~~~~~~~~~[m[K
[3.483s]       |                                                                                          [32m[K|[m[K    [34m[K|[m[K
[3.483s]       |                                                                                          [32m[K|[m[K    [34m[Krclcpp::Time[m[K
[3.483s]       |                                                                                          [32m[Kstd::chrono::_V2::steady_clock::time_point {aka std::chrono::time_point<std::chrono::_V2::steady_clock, std::chrono::duration<long int, std::ratio<1, 1000000000> > >}[m[K
[3.483s] In file included from [01m[K/usr/include/c++/11/bits/stl_algobase.h:67[m[K,
[3.483s]                  from [01m[K/usr/include/c++/11/memory:63[m[K,
[3.483s]                  from [01m[K/opt/ros/humble/include/rclcpp/rclcpp/rclcpp.hpp:153[m[K,
[3.484s]                  from [01m[K/home/razanhmede/session9_turtlebot3_razan/session9_turtlebot3_assignmentcpp/src/turtlebot3robotcpp/include/turtlebot3robotcpp/lap_time_server.hpp:4[m[K,
[3.484s]                  from [01m[K/home/razanhmede/session9_turtlebot3_razan/session9_turtlebot3_assignmentcpp/src/turtlebot3robotcpp/src/lap_time_server.cpp:1[m[K:
[3.484s] [01m[K/usr/include/c++/11/bits/stl_iterator.h:577:5:[m[K [01;36m[Knote: [m[Kcandidate: â€˜[01m[Ktemplate<class _IteratorL, class _IteratorR> constexpr decltype ((__y.base() - __x.base())) std::operator-(const std::reverse_iterator<_Iterator>&, const std::reverse_iterator<_IteratorR>&)[m[Kâ€™
[3.484s]   577 |     [01;36m[Koperator[m[K-(const reverse_iterator<_IteratorL>& __x,
[3.484s]       |     [01;36m[K^~~~~~~~[m[K
[3.484s] [01m[K/usr/include/c++/11/bits/stl_iterator.h:577:5:[m[K [01;36m[Knote: [m[K  template argument deduction/substitution failed:
[3.484s] [01m[K/home/razanhmede/session9_turtlebot3_razan/session9_turtlebot3_assignmentcpp/src/turtlebot3robotcpp/src/lap_time_server.cpp:94:95:[m[K [01;36m[Knote: [m[K  â€˜[01m[Kstd::chrono::_V2::steady_clock::time_point[m[Kâ€™ {aka â€˜[01m[Kstd::chrono::time_point<std::chrono::_V2::steady_clock, std::chrono::duration<long int, std::ratio<1, 1000000000> > >[m[Kâ€™} is not derived from â€˜[01m[Kconst std::reverse_iterator<_Iterator>[m[Kâ€™
[3.484s]    94 |         result->total_time = std::chrono::duration<double>(std::chrono::steady_clock::now() - [01;36m[Kstart_time[m[K).count();
[3.485s]       |                                                                                               [01;36m[K^~~~~~~~~~[m[K
[3.485s] In file included from [01m[K/usr/include/c++/11/bits/stl_algobase.h:67[m[K,
[3.485s]                  from [01m[K/usr/include/c++/11/memory:63[m[K,
[3.485s]                  from [01m[K/opt/ros/humble/include/rclcpp/rclcpp/rclcpp.hpp:153[m[K,
[3.485s]                  from [01m[K/home/razanhmede/session9_turtlebot3_razan/session9_turtlebot3_assignmentcpp/src/turtlebot3robotcpp/include/turtlebot3robotcpp/lap_time_server.hpp:4[m[K,
[3.485s]                  from [01m[K/home/razanhmede/session9_turtlebot3_razan/session9_turtlebot3_assignmentcpp/src/turtlebot3robotcpp/src/lap_time_server.cpp:1[m[K:
[3.485s] [01m[K/usr/include/c++/11/bits/stl_iterator.h:1693:5:[m[K [01;36m[Knote: [m[Kcandidate: â€˜[01m[Ktemplate<class _IteratorL, class _IteratorR> constexpr decltype ((__x.base() - __y.base())) std::operator-(const std::move_iterator<_IteratorL>&, const std::move_iterator<_IteratorR>&)[m[Kâ€™
[3.485s]  1693 |     [01;36m[Koperator[m[K-(const move_iterator<_IteratorL>& __x,
[3.485s]       |     [01;36m[K^~~~~~~~[m[K
[3.486s] [01m[K/usr/include/c++/11/bits/stl_iterator.h:1693:5:[m[K [01;36m[Knote: [m[K  template argument deduction/substitution failed:
[3.486s] [01m[K/home/razanhmede/session9_turtlebot3_razan/session9_turtlebot3_assignmentcpp/src/turtlebot3robotcpp/src/lap_time_server.cpp:94:95:[m[K [01;36m[Knote: [m[K  â€˜[01m[Kstd::chrono::_V2::steady_clock::time_point[m[Kâ€™ {aka â€˜[01m[Kstd::chrono::time_point<std::chrono::_V2::steady_clock, std::chrono::duration<long int, std::ratio<1, 1000000000> > >[m[Kâ€™} is not derived from â€˜[01m[Kconst std::move_iterator<_IteratorL>[m[Kâ€™
[3.486s]    94 |         result->total_time = std::chrono::duration<double>(std::chrono::steady_clock::now() - [01;36m[Kstart_time[m[K).count();
[3.486s]       |                                                                                               [01;36m[K^~~~~~~~~~[m[K
[3.486s] In file included from [01m[K/usr/include/c++/11/mutex:39[m[K,
[3.486s]                  from [01m[K/usr/include/c++/11/future:38[m[K,
[3.486s]                  from [01m[K/opt/ros/humble/include/rclcpp/rclcpp/executors.hpp:18[m[K,
[3.486s]                  from [01m[K/opt/ros/humble/include/rclcpp/rclcpp/rclcpp.hpp:155[m[K,
[3.486s]                  from [01m[K/home/razanhmede/session9_turtlebot3_razan/session9_turtlebot3_assignmentcpp/src/turtlebot3robotcpp/include/turtlebot3robotcpp/lap_time_server.hpp:4[m[K,
[3.486s]                  from [01m[K/home/razanhmede/session9_turtlebot3_razan/session9_turtlebot3_assignmentcpp/src/turtlebot3robotcpp/src/lap_time_server.cpp:1[m[K:
[3.487s] [01m[K/usr/include/c++/11/chrono:660:7:[m[K [01;36m[Knote: [m[Kcandidate: â€˜[01m[Ktemplate<class _Rep1, class _Period1, class _Rep2, class _Period2> constexpr typename std::common_type<std::chrono::duration<_Rep1, _Period1>, std::chrono::duration<_Rep2, _Period2> >::type std::chrono::operator-(const std::chrono::duration<_Rep1, _Period1>&, const std::chrono::duration<_Rep2, _Period2>&)[m[Kâ€™
[3.487s]   660 |       [01;36m[Koperator[m[K-(const duration<_Rep1, _Period1>& __lhs,
[3.487s]       |       [01;36m[K^~~~~~~~[m[K
[3.487s] [01m[K/usr/include/c++/11/chrono:660:7:[m[K [01;36m[Knote: [m[K  template argument deduction/substitution failed:
[3.487s] [01m[K/home/razanhmede/session9_turtlebot3_razan/session9_turtlebot3_assignmentcpp/src/turtlebot3robotcpp/src/lap_time_server.cpp:94:95:[m[K [01;36m[Knote: [m[K  â€˜[01m[Kstd::chrono::_V2::steady_clock::time_point[m[Kâ€™ {aka â€˜[01m[Kstd::chrono::time_point<std::chrono::_V2::steady_clock, std::chrono::duration<long int, std::ratio<1, 1000000000> > >[m[Kâ€™} is not derived from â€˜[01m[Kconst std::chrono::duration<_Rep1, _Period1>[m[Kâ€™
[3.487s]    94 |         result->total_time = std::chrono::duration<double>(std::chrono::steady_clock::now() - [01;36m[Kstart_time[m[K).count();
[3.487s]       |                                                                                               [01;36m[K^~~~~~~~~~[m[K
[3.488s] In file included from [01m[K/usr/include/c++/11/mutex:39[m[K,
[3.488s]                  from [01m[K/usr/include/c++/11/future:38[m[K,
[3.488s]                  from [01m[K/opt/ros/humble/include/rclcpp/rclcpp/executors.hpp:18[m[K,
[3.488s]                  from [01m[K/opt/ros/humble/include/rclcpp/rclcpp/rclcpp.hpp:155[m[K,
[3.488s]                  from [01m[K/home/razanhmede/session9_turtlebot3_razan/session9_turtlebot3_assignmentcpp/src/turtlebot3robotcpp/include/turtlebot3robotcpp/lap_time_server.hpp:4[m[K,
[3.488s]                  from [01m[K/home/razanhmede/session9_turtlebot3_razan/session9_turtlebot3_assignmentcpp/src/turtlebot3robotcpp/src/lap_time_server.cpp:1[m[K:
[3.489s] [01m[K/usr/include/c++/11/chrono:1030:7:[m[K [01;36m[Knote: [m[Kcandidate: â€˜[01m[Ktemplate<class _Clock, class _Dur1, class _Rep2, class _Period2> constexpr std::chrono::time_point<_Clock, typename std::common_type<_Dur1, std::chrono::duration<_Rep2, _Period2> >::type> std::chrono::operator-(const std::chrono::time_point<_Clock, _Duration1>&, const std::chrono::duration<_Rep2, _Period2>&)[m[Kâ€™
[3.489s]  1030 |       [01;36m[Koperator[m[K-(const time_point<_Clock, _Dur1>& __lhs,
[3.489s]       |       [01;36m[K^~~~~~~~[m[K
[3.490s] [01m[K/usr/include/c++/11/chrono:1030:7:[m[K [01;36m[Knote: [m[K  template argument deduction/substitution failed:
[3.490s] [01m[K/home/razanhmede/session9_turtlebot3_razan/session9_turtlebot3_assignmentcpp/src/turtlebot3robotcpp/src/lap_time_server.cpp:94:95:[m[K [01;36m[Knote: [m[K  â€˜[01m[Krclcpp::Time[m[Kâ€™ is not derived from â€˜[01m[Kconst std::chrono::duration<_Rep2, _Period2>[m[Kâ€™
[3.490s]    94 |         result->total_time = std::chrono::duration<double>(std::chrono::steady_clock::now() - [01;36m[Kstart_time[m[K).count();
[3.492s]       |                                                                                               [01;36m[K^~~~~~~~~~[m[K
[3.492s] In file included from [01m[K/usr/include/c++/11/mutex:39[m[K,
[3.492s]                  from [01m[K/usr/include/c++/11/future:38[m[K,
[3.492s]                  from [01m[K/opt/ros/humble/include/rclcpp/rclcpp/executors.hpp:18[m[K,
[3.493s]                  from [01m[K/opt/ros/humble/include/rclcpp/rclcpp/rclcpp.hpp:155[m[K,
[3.493s]                  from [01m[K/home/razanhmede/session9_turtlebot3_razan/session9_turtlebot3_assignmentcpp/src/turtlebot3robotcpp/include/turtlebot3robotcpp/lap_time_server.hpp:4[m[K,
[3.493s]                  from [01m[K/home/razanhmede/session9_turtlebot3_razan/session9_turtlebot3_assignmentcpp/src/turtlebot3robotcpp/src/lap_time_server.cpp:1[m[K:
[3.494s] [01m[K/usr/include/c++/11/chrono:1042:7:[m[K [01;36m[Knote: [m[Kcandidate: â€˜[01m[Ktemplate<class _Clock, class _Dur1, class _Dur2> constexpr typename std::common_type<_Duration1, _Duration2>::type std::chrono::operator-(const std::chrono::time_point<_Clock, _Duration1>&, const std::chrono::time_point<_Clock, _Duration2>&)[m[Kâ€™
[3.494s]  1042 |       [01;36m[Koperator[m[K-(const time_point<_Clock, _Dur1>& __lhs,
[3.494s]       |       [01;36m[K^~~~~~~~[m[K
[3.494s] [01m[K/usr/include/c++/11/chrono:1042:7:[m[K [01;36m[Knote: [m[K  template argument deduction/substitution failed:
[3.495s] [01m[K/home/razanhmede/session9_turtlebot3_razan/session9_turtlebot3_assignmentcpp/src/turtlebot3robotcpp/src/lap_time_server.cpp:94:95:[m[K [01;36m[Knote: [m[K  â€˜[01m[Krclcpp::Time[m[Kâ€™ is not derived from â€˜[01m[Kconst std::chrono::time_point<_Clock, _Duration2>[m[Kâ€™
[3.505s]    94 |         result->total_time = std::chrono::duration<double>(std::chrono::steady_clock::now() - [01;36m[Kstart_time[m[K).count();
[3.505s]       |                                                                                               [01;36m[K^~~~~~~~~~[m[K
[3.505s] [01m[K/home/razanhmede/session9_turtlebot3_razan/session9_turtlebot3_assignmentcpp/src/turtlebot3robotcpp/src/lap_time_server.cpp:[m[K In member function â€˜[01m[Kvoid LapTimeServer::publish_elapsed_time()[m[Kâ€™:
[3.506s] [01m[K/home/razanhmede/session9_turtlebot3_razan/session9_turtlebot3_assignmentcpp/src/turtlebot3robotcpp/src/lap_time_server.cpp:101:97:[m[K [01;31m[Kerror: [m[Kno match for â€˜[01m[Koperator-[m[Kâ€™ (operand types are â€˜[01m[Kstd::chrono::_V2::steady_clock::time_point[m[Kâ€™ {aka â€˜[01m[Kstd::chrono::time_point<std::chrono::_V2::steady_clock, std::chrono::duration<long int, std::ratio<1, 1000000000> > >[m[Kâ€™} and â€˜[01m[Krclcpp::Time[m[Kâ€™)
[3.506s]   101 |     feedback_msg->elapsed_time = std::chrono::duration<double>([32m[Kstd::chrono::steady_clock::now()[m[K [01;31m[K-[m[K [34m[Kstart_time[m[K).count();
[3.506s]       |                                                                [32m[K~~~~~~~~~~~~~~~~~~~~~~~~~~~~~~~~[m[K [01;31m[K^[m[K [34m[K~~~~~~~~~~[m[K
[3.506s]       |                                                                                              [32m[K|[m[K    [34m[K|[m[K
[3.506s]       |                                                                                              [32m[K|[m[K    [34m[Krclcpp::Time[m[K
[3.506s]       |                                                                                              [32m[Kstd::chrono::_V2::steady_clock::time_point {aka std::chrono::time_point<std::chrono::_V2::steady_clock, std::chrono::duration<long int, std::ratio<1, 1000000000> > >}[m[K
[3.506s] In file included from [01m[K/usr/include/c++/11/bits/stl_algobase.h:67[m[K,
[3.506s]                  from [01m[K/usr/include/c++/11/memory:63[m[K,
[3.506s]                  from [01m[K/opt/ros/humble/include/rclcpp/rclcpp/rclcpp.hpp:153[m[K,
[3.506s]                  from [01m[K/home/razanhmede/session9_turtlebot3_razan/session9_turtlebot3_assignmentcpp/src/turtlebot3robotcpp/include/turtlebot3robotcpp/lap_time_server.hpp:4[m[K,
[3.506s]                  from [01m[K/home/razanhmede/session9_turtlebot3_razan/session9_turtlebot3_assignmentcpp/src/turtlebot3robotcpp/src/lap_time_server.cpp:1[m[K:
[3.506s] [01m[K/usr/include/c++/11/bits/stl_iterator.h:577:5:[m[K [01;36m[Knote: [m[Kcandidate: â€˜[01m[Ktemplate<class _IteratorL, class _IteratorR> constexpr decltype ((__y.base() - __x.base())) std::operator-(const std::reverse_iterator<_Iterator>&, const std::reverse_iterator<_IteratorR>&)[m[Kâ€™
[3.506s]   577 |     [01;36m[Koperator[m[K-(const reverse_iterator<_IteratorL>& __x,
[3.506s]       |     [01;36m[K^~~~~~~~[m[K
[3.506s] [01m[K/usr/include/c++/11/bits/stl_iterator.h:577:5:[m[K [01;36m[Knote: [m[K  template argument deduction/substitution failed:
[3.506s] [01m[K/home/razanhmede/session9_turtlebot3_razan/session9_turtlebot3_assignmentcpp/src/turtlebot3robotcpp/src/lap_time_server.cpp:101:99:[m[K [01;36m[Knote: [m[K  â€˜[01m[Kstd::chrono::_V2::steady_clock::time_point[m[Kâ€™ {aka â€˜[01m[Kstd::chrono::time_point<std::chrono::_V2::steady_clock, std::chrono::duration<long int, std::ratio<1, 1000000000> > >[m[Kâ€™} is not derived from â€˜[01m[Kconst std::reverse_iterator<_Iterator>[m[Kâ€™
[3.507s]   101 |     feedback_msg->elapsed_time = std::chrono::duration<double>(std::chrono::steady_clock::now() - [01;36m[Kstart_time[m[K).count();
[3.507s]       |                                                                                                   [01;36m[K^~~~~~~~~~[m[K
[3.507s] In file included from [01m[K/usr/include/c++/11/bits/stl_algobase.h:67[m[K,
[3.507s]                  from [01m[K/usr/include/c++/11/memory:63[m[K,
[3.507s]                  from [01m[K/opt/ros/humble/include/rclcpp/rclcpp/rclcpp.hpp:153[m[K,
[3.507s]                  from [01m[K/home/razanhmede/session9_turtlebot3_razan/session9_turtlebot3_assignmentcpp/src/turtlebot3robotcpp/include/turtlebot3robotcpp/lap_time_server.hpp:4[m[K,
[3.507s]                  from [01m[K/home/razanhmede/session9_turtlebot3_razan/session9_turtlebot3_assignmentcpp/src/turtlebot3robotcpp/src/lap_time_server.cpp:1[m[K:
[3.507s] [01m[K/usr/include/c++/11/bits/stl_iterator.h:1693:5:[m[K [01;36m[Knote: [m[Kcandidate: â€˜[01m[Ktemplate<class _IteratorL, class _IteratorR> constexpr decltype ((__x.base() - __y.base())) std::operator-(const std::move_iterator<_IteratorL>&, const std::move_iterator<_IteratorR>&)[m[Kâ€™
[3.507s]  1693 |     [01;36m[Koperator[m[K-(const move_iterator<_IteratorL>& __x,
[3.507s]       |     [01;36m[K^~~~~~~~[m[K
[3.507s] [01m[K/usr/include/c++/11/bits/stl_iterator.h:1693:5:[m[K [01;36m[Knote: [m[K  template argument deduction/substitution failed:
[3.507s] [01m[K/home/razanhmede/session9_turtlebot3_razan/session9_turtlebot3_assignmentcpp/src/turtlebot3robotcpp/src/lap_time_server.cpp:101:99:[m[K [01;36m[Knote: [m[K  â€˜[01m[Kstd::chrono::_V2::steady_clock::time_point[m[Kâ€™ {aka â€˜[01m[Kstd::chrono::time_point<std::chrono::_V2::steady_clock, std::chrono::duration<long int, std::ratio<1, 1000000000> > >[m[Kâ€™} is not derived from â€˜[01m[Kconst std::move_iterator<_IteratorL>[m[Kâ€™
[3.507s]   101 |     feedback_msg->elapsed_time = std::chrono::duration<double>(std::chrono::steady_clock::now() - [01;36m[Kstart_time[m[K).count();
[3.507s]       |                                                                                                   [01;36m[K^~~~~~~~~~[m[K
[3.507s] In file included from [01m[K/usr/include/c++/11/mutex:39[m[K,
[3.507s]                  from [01m[K/usr/include/c++/11/future:38[m[K,
[3.507s]                  from [01m[K/opt/ros/humble/include/rclcpp/rclcpp/executors.hpp:18[m[K,
[3.508s]                  from [01m[K/opt/ros/humble/include/rclcpp/rclcpp/rclcpp.hpp:155[m[K,
[3.508s]                  from [01m[K/home/razanhmede/session9_turtlebot3_razan/session9_turtlebot3_assignmentcpp/src/turtlebot3robotcpp/include/turtlebot3robotcpp/lap_time_server.hpp:4[m[K,
[3.508s]                  from [01m[K/home/razanhmede/session9_turtlebot3_razan/session9_turtlebot3_assignmentcpp/src/turtlebot3robotcpp/src/lap_time_server.cpp:1[m[K:
[3.508s] [01m[K/usr/include/c++/11/chrono:660:7:[m[K [01;36m[Knote: [m[Kcandidate: â€˜[01m[Ktemplate<class _Rep1, class _Period1, class _Rep2, class _Period2> constexpr typename std::common_type<std::chrono::duration<_Rep1, _Period1>, std::chrono::duration<_Rep2, _Period2> >::type std::chrono::operator-(const std::chrono::duration<_Rep1, _Period1>&, const std::chrono::duration<_Rep2, _Period2>&)[m[Kâ€™
[3.508s]   660 |       [01;36m[Koperator[m[K-(const duration<_Rep1, _Period1>& __lhs,
[3.508s]       |       [01;36m[K^~~~~~~~[m[K
[3.508s] [01m[K/usr/include/c++/11/chrono:660:7:[m[K [01;36m[Knote: [m[K  template argument deduction/substitution failed:
[3.508s] [01m[K/home/razanhmede/session9_turtlebot3_razan/session9_turtlebot3_assignmentcpp/src/turtlebot3robotcpp/src/lap_time_server.cpp:101:99:[m[K [01;36m[Knote: [m[K  â€˜[01m[Kstd::chrono::_V2::steady_clock::time_point[m[Kâ€™ {aka â€˜[01m[Kstd::chrono::time_point<std::chrono::_V2::steady_clock, std::chrono::duration<long int, std::ratio<1, 1000000000> > >[m[Kâ€™} is not derived from â€˜[01m[Kconst std::chrono::duration<_Rep1, _Period1>[m[Kâ€™
[3.508s]   101 |     feedback_msg->elapsed_time = std::chrono::duration<double>(std::chrono::steady_clock::now() - [01;36m[Kstart_time[m[K).count();
[3.508s]       |                                                                                                   [01;36m[K^~~~~~~~~~[m[K
[3.508s] In file included from [01m[K/usr/include/c++/11/mutex:39[m[K,
[3.508s]                  from [01m[K/usr/include/c++/11/future:38[m[K,
[3.509s]                  from [01m[K/opt/ros/humble/include/rclcpp/rclcpp/executors.hpp:18[m[K,
[3.509s]                  from [01m[K/opt/ros/humble/include/rclcpp/rclcpp/rclcpp.hpp:155[m[K,
[3.509s]                  from [01m[K/home/razanhmede/session9_turtlebot3_razan/session9_turtlebot3_assignmentcpp/src/turtlebot3robotcpp/include/turtlebot3robotcpp/lap_time_server.hpp:4[m[K,
[3.509s]                  from [01m[K/home/razanhmede/session9_turtlebot3_razan/session9_turtlebot3_assignmentcpp/src/turtlebot3robotcpp/src/lap_time_server.cpp:1[m[K:
[3.509s] [01m[K/usr/include/c++/11/chrono:1030:7:[m[K [01;36m[Knote: [m[Kcandidate: â€˜[01m[Ktemplate<class _Clock, class _Dur1, class _Rep2, class _Period2> constexpr std::chrono::time_point<_Clock, typename std::common_type<_Dur1, std::chrono::duration<_Rep2, _Period2> >::type> std::chrono::operator-(const std::chrono::time_point<_Clock, _Duration1>&, const std::chrono::duration<_Rep2, _Period2>&)[m[Kâ€™
[3.509s]  1030 |       [01;36m[Koperator[m[K-(const time_point<_Clock, _Dur1>& __lhs,
[3.509s]       |       [01;36m[K^~~~~~~~[m[K
[3.509s] [01m[K/usr/include/c++/11/chrono:1030:7:[m[K [01;36m[Knote: [m[K  template argument deduction/substitution failed:
[3.509s] [01m[K/home/razanhmede/session9_turtlebot3_razan/session9_turtlebot3_assignmentcpp/src/turtlebot3robotcpp/src/lap_time_server.cpp:101:99:[m[K [01;36m[Knote: [m[K  â€˜[01m[Krclcpp::Time[m[Kâ€™ is not derived from â€˜[01m[Kconst std::chrono::duration<_Rep2, _Period2>[m[Kâ€™
[3.509s]   101 |     feedback_msg->elapsed_time = std::chrono::duration<double>(std::chrono::steady_clock::now() - [01;36m[Kstart_time[m[K).count();
[3.510s]       |                                                                                                   [01;36m[K^~~~~~~~~~[m[K
[3.510s] In file included from [01m[K/usr/include/c++/11/mutex:39[m[K,
[3.510s]                  from [01m[K/usr/include/c++/11/future:38[m[K,
[3.510s]                  from [01m[K/opt/ros/humble/include/rclcpp/rclcpp/executors.hpp:18[m[K,
[3.510s]                  from [01m[K/opt/ros/humble/include/rclcpp/rclcpp/rclcpp.hpp:155[m[K,
[3.510s]                  from [01m[K/home/razanhmede/session9_turtlebot3_razan/session9_turtlebot3_assignmentcpp/src/turtlebot3robotcpp/include/turtlebot3robotcpp/lap_time_server.hpp:4[m[K,
[3.510s]                  from [01m[K/home/razanhmede/session9_turtlebot3_razan/session9_turtlebot3_assignmentcpp/src/turtlebot3robotcpp/src/lap_time_server.cpp:1[m[K:
[3.510s] [01m[K/usr/include/c++/11/chrono:1042:7:[m[K [01;36m[Knote: [m[Kcandidate: â€˜[01m[Ktemplate<class _Clock, class _Dur1, class _Dur2> constexpr typename std::common_type<_Duration1, _Duration2>::type std::chrono::operator-(const std::chrono::time_point<_Clock, _Duration1>&, const std::chrono::time_point<_Clock, _Duration2>&)[m[Kâ€™
[3.510s]  1042 |       [01;36m[Koperator[m[K-(const time_point<_Clock, _Dur1>& __lhs,
[3.510s]       |       [01;36m[K^~~~~~~~[m[K
[3.510s] [01m[K/usr/include/c++/11/chrono:1042:7:[m[K [01;36m[Knote: [m[K  template argument deduction/substitution failed:
[3.510s] [01m[K/home/razanhmede/session9_turtlebot3_razan/session9_turtlebot3_assignmentcpp/src/turtlebot3robotcpp/src/lap_time_server.cpp:101:99:[m[K [01;36m[Knote: [m[K  â€˜[01m[Krclcpp::Time[m[Kâ€™ is not derived from â€˜[01m[Kconst std::chrono::time_point<_Clock, _Duration2>[m[Kâ€™
[3.510s]   101 |     feedback_msg->elapsed_time = std::chrono::duration<double>(std::chrono::steady_clock::now() - [01;36m[Kstart_time[m[K).count();
[3.510s]       |                                                                                                   [01;36m[K^~~~~~~~~~[m[K
[3.510s] [01m[K/home/razanhmede/session9_turtlebot3_razan/session9_turtlebot3_assignmentcpp/src/turtlebot3robotcpp/src/lap_time_server.cpp:102:45:[m[K [01;31m[Kerror: [m[Kâ€˜[01m[Kusing element_type = class rclcpp_action::Server<navigation_robot_custom_interfaces::action::MeasureLapTime>[m[Kâ€™ {aka â€˜[01m[Kclass rclcpp_action::Server<navigation_robot_custom_interfaces::action::MeasureLapTime>[m[Kâ€™} has no member named â€˜[01m[Kget_goal_handle[m[Kâ€™
[3.511s]   102 |     auto goal_handle = this->action_server->[01;31m[Kget_goal_handle[m[K(); // Assuming you can get the current goal_handle
[3.511s]       |                                             [01;31m[K^~~~~~~~~~~~~~~[m[K
[4.372s] gmake[2]: *** [CMakeFiles/lap_time_client.dir/build.make:76: CMakeFiles/lap_time_client.dir/src/lap_time_client.cpp.o] Error 1
[4.372s] gmake[1]: *** [CMakeFiles/Makefile2:221: CMakeFiles/lap_time_client.dir/all] Error 2
[4.372s] gmake[1]: *** Waiting for unfinished jobs....
[7.069s] gmake[2]: *** [CMakeFiles/lap_time_server.dir/build.make:76: CMakeFiles/lap_time_server.dir/src/lap_time_server.cpp.o] Error 1
[7.072s] gmake[1]: *** [CMakeFiles/Makefile2:195: CMakeFiles/lap_time_server.dir/all] Error 2
[7.072s] gmake: *** [Makefile:146: all] Error 2
[7.074s] Invoked command in '/home/razanhmede/session9_turtlebot3_razan/session9_turtlebot3_assignmentcpp/build/turtlebot3robotcpp' returned '2': CMAKE_PREFIX_PATH=/home/razanhmede/session9_turtlebot3_razan/session9_turtlebot3_assignmentcpp/install/navigation_robot_custom_interfaces:/home/razanhmede/session9_turtlebot3_razan/session9_turtlebot3_assignmentcpp/install/turtlebot3robotcpp:/opt/ros/humble /usr/bin/cmake --build /home/razanhmede/session9_turtlebot3_razan/session9_turtlebot3_assignmentcpp/build/turtlebot3robotcpp -- -j4 -l4
